2020-12-21T11:45:10.9430765+00:00;VSTestExecutionThread;Info;SpecFlow+Runner execution started
2020-12-21T11:45:10.9434161+00:00;VSTestExecutionThread;Info;SpecFlow+Runner 3.5.8 in Framework netcore31 in x64 mode execution started
2020-12-21T11:45:10.9434214+00:00;VSTestExecutionThread;Info;TestAdapter Location: C:\Users\dhruvil\source\repos\TestApplication.UiTests\bin\Debug\netcoreapp3.1\TechTalk.SpecRun.VisualStudio.TestAdapter.dll
2020-12-21T11:45:10.9452960+00:00;VSTestExecutionThread;Info;Current UserName: 'dhruvil', MachineName: 'EC2AMAZ-0CD87OS'
2020-12-21T11:45:11.0724084+00:00;VSTestExecutionThread;Info;SpecRun: running tests in C:\Users\dhruvil\source\repos\TestApplication.UiTests\bin\Debug\netcoreapp3.1\TestApplication.UiTests.dll
2020-12-21T11:45:11.0727012+00:00;VSTestExecutionThread;Info;Output folder configured to "C:\Users\dhruvil\source\repos\TestApplication.UiTests\TestResults" (default)
2020-12-21T11:45:11.0732766+00:00;VSTestExecutionThread;Info;Profile: TestApplication.UiTests
2020-12-21T11:45:11.1169477+00:00;VSTestExecutionThread;Info;Log file path: C:\Users\dhruvil\source\repos\TestApplication.UiTests\TestResults\TestApplication.UiTests_TestApplication.UiTests_2020-12-21T114511.log
2020-12-21T11:45:11.1216414+00:00;Thread#11;Info;Checking activation
2020-12-21T11:45:11.2120223+00:00;Thread#11;Info;Activated.
2020-12-21T11:45:11.2123232+00:00;Thread#11;Info;Activation check completed
2020-12-21T11:45:11.2125716+00:00;Thread#11;Info;Starting test run
2020-12-21T11:45:11.2951368+00:00;Thread#11;Info;Discovering target: Browser_Safari
2020-12-21T11:45:11.2953187+00:00;Thread#11;Info;Discovering tests from assembly: C:\Users\dhruvil\source\repos\TestApplication.UiTests\bin\Debug\netcoreapp3.1\TestApplication.UiTests.dll
2020-12-21T11:45:11.9374467+00:00;Thread#11;Info;Discovered tests from assembly: C:\Users\dhruvil\source\repos\TestApplication.UiTests\bin\Debug\netcoreapp3.1\TestApplication.UiTests.dll
2020-12-21T11:45:11.9379938+00:00;Thread#11;Info;Discovering target: Browser_Chrome
2020-12-21T11:45:11.9381054+00:00;Thread#11;Info;Discovering tests from assembly: C:\Users\dhruvil\source\repos\TestApplication.UiTests\bin\Debug\netcoreapp3.1\TestApplication.UiTests.dll
2020-12-21T11:45:11.9467183+00:00;Thread#11;Info;Discovered tests from assembly: C:\Users\dhruvil\source\repos\TestApplication.UiTests\bin\Debug\netcoreapp3.1\TestApplication.UiTests.dll
2020-12-21T11:45:11.9471636+00:00;Thread#11;Info;Discovering target: Browser_Firefox
2020-12-21T11:45:11.9629504+00:00;Thread#11;Info;Discovering tests from assembly: C:\Users\dhruvil\source\repos\TestApplication.UiTests\bin\Debug\netcoreapp3.1\TestApplication.UiTests.dll
2020-12-21T11:45:11.9872490+00:00;Thread#11;Info;Discovered tests from assembly: C:\Users\dhruvil\source\repos\TestApplication.UiTests\bin\Debug\netcoreapp3.1\TestApplication.UiTests.dll
2020-12-21T11:45:11.9889697+00:00:Test Suite Dump
2020-12-21T11:45:11.9911108+00:00:#0: TestApplication.UiTests/TestApplication.UiTests - 
2020-12-21T11:45:11.9911351+00:00:#1: Browser_Safari - 
2020-12-21T11:45:11.9911378+00:00:#5: Browser_Chrome - 
2020-12-21T11:45:11.9911518+00:00:#9: Browser_Firefox - 
2020-12-21T11:45:11.9911543+00:00:#2: TestApplication.UiTests - 
2020-12-21T11:45:11.9911564+00:00:#6: TestApplication.UiTests - 
2020-12-21T11:45:11.9911585+00:00:#10: TestApplication.UiTests - 
2020-12-21T11:45:11.9911621+00:00:#3: GoogleSearch - 
2020-12-21T11:45:11.9911641+00:00:#7: GoogleSearch - 
2020-12-21T11:45:11.9911657+00:00:#11: GoogleSearch - 
2020-12-21T11:45:11.9943230+00:00:#4: Goto Google - Target:Browser_Safari/TestAssembly:TestApplication.UiTests/Feature:GoogleSearch/Scenario:Goto+Google
2020-12-21T11:45:11.9943786+00:00:#8: Goto Google - Target:Browser_Chrome/TestAssembly:TestApplication.UiTests/Feature:GoogleSearch/Scenario:Goto+Google
2020-12-21T11:45:11.9943911+00:00:#12: Goto Google - Target:Browser_Firefox/TestAssembly:TestApplication.UiTests/Feature:GoogleSearch/Scenario:Goto+Google
2020-12-21T11:45:11.9944630+00:00:End: Test Suite Dump
2020-12-21T11:45:12.0515119+00:00:Thread#0:Scheduler: get next test for thread 0
2020-12-21T11:45:12.0544600+00:00:Thread#:Scheduler: testitem #4 from normal test queue 
2020-12-21T11:45:12.0545486+00:00:Thread#0:Scheduler: considering testitem #4 for thread 0
2020-12-21T11:45:12.0649920+00:00:Thread#0:TestItem#4:testItemMatchesCurrentTestThread:NoMatch
2020-12-21T11:45:12.0650059+00:00:Thread#0:TestItem#4:runsOnOneOtherThreadSpecific:False
2020-12-21T11:45:12.0650271+00:00:Thread#0:TestItem#4:runsOnOneOtherThreadUnspecific:True
2020-12-21T11:45:12.0653107+00:00:Thread#0:TestItem#4:Scheduler: postpoining testitem #4 for thread 0
2020-12-21T11:45:12.0655595+00:00:Thread#:Scheduler: testitem #8 from normal test queue 
2020-12-21T11:45:12.0656870+00:00:Thread#0:TestItem#8:testItemMatchesCurrentTestThread:NoMatch
2020-12-21T11:45:12.0656905+00:00:Thread#0:TestItem#8:runsOnOneOtherThreadSpecific:False
2020-12-21T11:45:12.0657108+00:00:Thread#0:TestItem#8:runsOnOneOtherThreadUnspecific:True
2020-12-21T11:45:12.0657132+00:00:Thread#0:TestItem#8:Scheduler: postpoining testitem #8 for thread 0
2020-12-21T11:45:12.0657177+00:00:Thread#:Scheduler: testitem #12 from normal test queue 
2020-12-21T11:45:12.0657876+00:00:Thread#0:TestItem#12:testItemMatchesCurrentTestThread:NoMatch
2020-12-21T11:45:12.0657902+00:00:Thread#0:TestItem#12:runsOnOneOtherThreadSpecific:False
2020-12-21T11:45:12.0657921+00:00:Thread#0:TestItem#12:runsOnOneOtherThreadUnspecific:True
2020-12-21T11:45:12.0657943+00:00:Thread#0:TestItem#12:Scheduler: postpoining testitem #12 for thread 0
2020-12-21T11:45:12.0658028+00:00:Thread#:Scheduler: at the end of normal test queue
2020-12-21T11:45:12.0658055+00:00:Thread#0:TestItem#12:Scheduler: nothing left after postpone for thread 0
2020-12-21T11:45:12.0659758+00:00:Thread#0:Scheduler: No more tests for thread
2020-12-21T11:45:12.1263079+00:00:Thread#1:Scheduler: get next test for thread 1
2020-12-21T11:45:12.1263486+00:00:Thread#1:Scheduler: considering testitem #4 for thread 1
2020-12-21T11:45:12.1265476+00:00:Thread#1:TestItem#4:testItemMatchesCurrentTestThread:NoMatch
2020-12-21T11:45:12.1265531+00:00:Thread#1:TestItem#4:runsOnOneOtherThreadSpecific:False
2020-12-21T11:45:12.1265553+00:00:Thread#1:TestItem#4:runsOnOneOtherThreadUnspecific:True
2020-12-21T11:45:12.1265581+00:00:Thread#1:TestItem#4:Scheduler: postpoining testitem #4 for thread 1
2020-12-21T11:45:12.1266577+00:00:Thread#1:TestItem#8:testItemMatchesCurrentTestThread:NoMatch
2020-12-21T11:45:12.1266613+00:00:Thread#1:TestItem#8:runsOnOneOtherThreadSpecific:False
2020-12-21T11:45:12.1266632+00:00:Thread#1:TestItem#8:runsOnOneOtherThreadUnspecific:True
2020-12-21T11:45:12.1266655+00:00:Thread#1:TestItem#8:Scheduler: postpoining testitem #8 for thread 1
2020-12-21T11:45:12.1267744+00:00:Thread#1:TestItem#12:testItemMatchesCurrentTestThread:NoMatch
2020-12-21T11:45:12.1267843+00:00:Thread#1:TestItem#12:runsOnOneOtherThreadSpecific:False
2020-12-21T11:45:12.1267864+00:00:Thread#1:TestItem#12:runsOnOneOtherThreadUnspecific:True
2020-12-21T11:45:12.1267890+00:00:Thread#1:TestItem#12:Scheduler: postpoining testitem #12 for thread 1
2020-12-21T11:45:12.1267919+00:00:Thread#:Scheduler: at the end of normal test queue
2020-12-21T11:45:12.1267943+00:00:Thread#1:TestItem#12:Scheduler: nothing left after postpone for thread 1
2020-12-21T11:45:12.1267965+00:00:Thread#1:Scheduler: No more tests for thread
2020-12-21T11:45:12.1293479+00:00:Thread#2:Scheduler: get next test for thread 2
2020-12-21T11:45:12.1293563+00:00:Thread#2:Scheduler: considering testitem #4 for thread 2
2020-12-21T11:45:12.1295126+00:00:Thread#2:TestItem#4:testItemMatchesCurrentTestThread:NoMatch
2020-12-21T11:45:12.1295169+00:00:Thread#2:TestItem#4:runsOnOneOtherThreadSpecific:False
2020-12-21T11:45:12.1295191+00:00:Thread#2:TestItem#4:runsOnOneOtherThreadUnspecific:True
2020-12-21T11:45:12.1295219+00:00:Thread#2:TestItem#4:Scheduler: postpoining testitem #4 for thread 2
2020-12-21T11:45:12.1295992+00:00:Thread#2:TestItem#8:testItemMatchesCurrentTestThread:NoMatch
2020-12-21T11:45:12.1296079+00:00:Thread#2:TestItem#8:runsOnOneOtherThreadSpecific:False
2020-12-21T11:45:12.1296099+00:00:Thread#2:TestItem#8:runsOnOneOtherThreadUnspecific:True
2020-12-21T11:45:12.1296123+00:00:Thread#2:TestItem#8:Scheduler: postpoining testitem #8 for thread 2
2020-12-21T11:45:12.1296809+00:00:Thread#2:TestItem#12:testItemMatchesCurrentTestThread:NoMatch
2020-12-21T11:45:12.1296839+00:00:Thread#2:TestItem#12:runsOnOneOtherThreadSpecific:False
2020-12-21T11:45:12.1296858+00:00:Thread#2:TestItem#12:runsOnOneOtherThreadUnspecific:True
2020-12-21T11:45:12.1296882+00:00:Thread#2:TestItem#12:Scheduler: postpoining testitem #12 for thread 2
2020-12-21T11:45:12.1296907+00:00:Thread#:Scheduler: at the end of normal test queue
2020-12-21T11:45:12.1296931+00:00:Thread#2:TestItem#12:Scheduler: nothing left after postpone for thread 2
2020-12-21T11:45:12.1296953+00:00:Thread#2:Scheduler: No more tests for thread
2020-12-21T11:45:12.1302367+00:00:Thread#3:Scheduler: get next test for thread 3
2020-12-21T11:45:12.1302434+00:00:Thread#3:Scheduler: considering testitem #4 for thread 3
2020-12-21T11:45:12.1303929+00:00:Thread#3:TestItem#4:testItemMatchesCurrentTestThread:UnSpecific
2020-12-21T11:45:12.1304101+00:00:Thread#3:TestItem#4:runsOnOneOtherThreadSpecific:False
2020-12-21T11:45:12.1304123+00:00:Thread#3:TestItem#4:runsOnOneOtherThreadUnspecific:True
2020-12-21T11:45:12.1304150+00:00:Thread#3:Scheduler: using testitem #4 for thread 3
2020-12-21T11:45:12.1314992+00:00:Thread#3:Scheduler: Test #4 is scheduled for thread
2020-12-21T11:45:12.1335526+00:00:Thread#3:Scheduler: with testItemExecutionIndex 0
2020-12-21T11:45:12.1379373+00:00:Thread #3: creating new test thread executor for TestApplication.UiTests, Version=1.0.0.0, Culture=neutral, PublicKeyToken=null (target: Browser_Safari)
2020-12-21T11:45:12.1441364+00:00:Assembly resolving Microsoft.Web.Publishing.Tasks, Version=10.0.0.0, Culture=neutral, PublicKeyToken=b03f5f7f11d50a3a
2020-12-21T11:45:12.1491747+00:00:[AssemblyCache] Trying to resolve 'Microsoft.Web.Publishing.Tasks' from .deps.json file
2020-12-21T11:45:12.1491896+00:00:[AssemblyCache] Could not resolve 'Microsoft.Web.Publishing.Tasks' from .deps.json
2020-12-21T11:45:12.1507416+00:00:[AssemblyCache] Trying to resolve 'Microsoft.Web.Publishing.Tasks' in folder 'C:\Users\dhruvil\source\repos\TestApplication.UiTests\bin\Debug\netcoreapp3.1'
2020-12-21T11:45:12.1512173+00:00:[AssemblyCache] Trying to resolve 'Microsoft.Web.Publishing.Tasks' to 'C:\Users\dhruvil\source\repos\TestApplication.UiTests\bin\Debug\netcoreapp3.1\Microsoft.Web.Publishing.Tasks.dll'
2020-12-21T11:45:12.1512968+00:00:[AssemblyCache] Trying to resolve 'Microsoft.Web.Publishing.Tasks' to 'C:\Users\dhruvil\source\repos\TestApplication.UiTests\bin\Debug\netcoreapp3.1\Microsoft.Web.Publishing.Tasks.exe'
2020-12-21T11:45:12.1513393+00:00:[AssemblyCache] Could not resolve 'Microsoft.Web.Publishing.Tasks' in folder 'C:\Users\dhruvil\source\repos\TestApplication.UiTests\bin\Debug\netcoreapp3.1'
2020-12-21T11:45:12.1516524+00:00:TargetFramework: .NETCoreApp,Version=v3.1
2020-12-21T11:45:12.1520206+00:00:Tfm: netcoreapp3.1
2020-12-21T11:45:12.1520289+00:00:[AssemblyCache] Trying to resolve 'Microsoft.Web.Publishing.Tasks' in folder 'C:\Users\dhruvil\source\repos\TestApplication.UiTests\bin\Debug\netcoreapp3.1\SpecFlowPlusRunner\netcoreapp3.1'
2020-12-21T11:45:12.1520311+00:00:[AssemblyCache] Trying to resolve 'Microsoft.Web.Publishing.Tasks' to 'C:\Users\dhruvil\source\repos\TestApplication.UiTests\bin\Debug\netcoreapp3.1\SpecFlowPlusRunner\netcoreapp3.1\Microsoft.Web.Publishing.Tasks.dll'
2020-12-21T11:45:12.1521106+00:00:[AssemblyCache] Trying to resolve 'Microsoft.Web.Publishing.Tasks' to 'C:\Users\dhruvil\source\repos\TestApplication.UiTests\bin\Debug\netcoreapp3.1\SpecFlowPlusRunner\netcoreapp3.1\Microsoft.Web.Publishing.Tasks.exe'
2020-12-21T11:45:12.1521427+00:00:[AssemblyCache] Could not resolve 'Microsoft.Web.Publishing.Tasks' in folder 'C:\Users\dhruvil\source\repos\TestApplication.UiTests\bin\Debug\netcoreapp3.1\SpecFlowPlusRunner\netcoreapp3.1'
2020-12-21T11:45:12.1609253+00:00:[AssemblyCache] Trying to resolve 'Microsoft.Web.Publishing.Tasks' in folder 'C:\Program Files\dotnet\shared\Microsoft.AspNetCore.App\3.1.9'
2020-12-21T11:45:12.1609384+00:00:[AssemblyCache] Trying to resolve 'Microsoft.Web.Publishing.Tasks' to 'C:\Program Files\dotnet\shared\Microsoft.AspNetCore.App\3.1.9\Microsoft.Web.Publishing.Tasks.dll'
2020-12-21T11:45:12.1610128+00:00:[AssemblyCache] Trying to resolve 'Microsoft.Web.Publishing.Tasks' to 'C:\Program Files\dotnet\shared\Microsoft.AspNetCore.App\3.1.9\Microsoft.Web.Publishing.Tasks.exe'
2020-12-21T11:45:12.1610441+00:00:[AssemblyCache] Could not resolve 'Microsoft.Web.Publishing.Tasks' in folder 'C:\Program Files\dotnet\shared\Microsoft.AspNetCore.App\3.1.9'
2020-12-21T11:45:12.1611899+00:00:[AssemblyCache] Trying to resolve 'Microsoft.Web.Publishing.Tasks' in folder 'C:\Program Files\dotnet\shared\Microsoft.NETCore.App\3.1.9'
2020-12-21T11:45:12.1611956+00:00:[AssemblyCache] Trying to resolve 'Microsoft.Web.Publishing.Tasks' to 'C:\Program Files\dotnet\shared\Microsoft.NETCore.App\3.1.9\Microsoft.Web.Publishing.Tasks.dll'
2020-12-21T11:45:12.1612322+00:00:[AssemblyCache] Trying to resolve 'Microsoft.Web.Publishing.Tasks' to 'C:\Program Files\dotnet\shared\Microsoft.NETCore.App\3.1.9\Microsoft.Web.Publishing.Tasks.exe'
2020-12-21T11:45:12.1612557+00:00:[AssemblyCache] Could not resolve 'Microsoft.Web.Publishing.Tasks' in folder 'C:\Program Files\dotnet\shared\Microsoft.NETCore.App\3.1.9'
2020-12-21T11:45:12.1613673+00:00:[AssemblyCache] Trying to resolve 'Microsoft.Web.Publishing.Tasks' in folder 'C:\Program Files\dotnet\shared\Microsoft.WindowsDesktop.App\3.1.9'
2020-12-21T11:45:12.1613821+00:00:[AssemblyCache] Trying to resolve 'Microsoft.Web.Publishing.Tasks' to 'C:\Program Files\dotnet\shared\Microsoft.WindowsDesktop.App\3.1.9\Microsoft.Web.Publishing.Tasks.dll'
2020-12-21T11:45:12.1614260+00:00:[AssemblyCache] Trying to resolve 'Microsoft.Web.Publishing.Tasks' to 'C:\Program Files\dotnet\shared\Microsoft.WindowsDesktop.App\3.1.9\Microsoft.Web.Publishing.Tasks.exe'
2020-12-21T11:45:12.1614495+00:00:[AssemblyCache] Could not resolve 'Microsoft.Web.Publishing.Tasks' in folder 'C:\Program Files\dotnet\shared\Microsoft.WindowsDesktop.App\3.1.9'
2020-12-21T11:45:12.1616652+00:00:Assembly resolving Microsoft.Web.Publishing.Tasks, Version=10.0.0.0, Culture=neutral, PublicKeyToken=b03f5f7f11d50a3a
2020-12-21T11:45:12.1616731+00:00:[AssemblyCache] Trying to resolve 'Microsoft.Web.Publishing.Tasks' from .deps.json file
2020-12-21T11:45:12.1616757+00:00:[AssemblyCache] Could not resolve 'Microsoft.Web.Publishing.Tasks' from .deps.json
2020-12-21T11:45:12.1616808+00:00:[AssemblyCache] Trying to resolve 'Microsoft.Web.Publishing.Tasks' in folder 'C:\Users\dhruvil\source\repos\TestApplication.UiTests\bin\Debug\netcoreapp3.1'
2020-12-21T11:45:12.1616897+00:00:[AssemblyCache] Trying to resolve 'Microsoft.Web.Publishing.Tasks' to 'C:\Users\dhruvil\source\repos\TestApplication.UiTests\bin\Debug\netcoreapp3.1\Microsoft.Web.Publishing.Tasks.dll'
2020-12-21T11:45:12.1617374+00:00:[AssemblyCache] Trying to resolve 'Microsoft.Web.Publishing.Tasks' to 'C:\Users\dhruvil\source\repos\TestApplication.UiTests\bin\Debug\netcoreapp3.1\Microsoft.Web.Publishing.Tasks.exe'
2020-12-21T11:45:12.1617652+00:00:[AssemblyCache] Could not resolve 'Microsoft.Web.Publishing.Tasks' in folder 'C:\Users\dhruvil\source\repos\TestApplication.UiTests\bin\Debug\netcoreapp3.1'
2020-12-21T11:45:12.1617684+00:00:TargetFramework: .NETCoreApp,Version=v3.1
2020-12-21T11:45:12.1617814+00:00:Tfm: netcoreapp3.1
2020-12-21T11:45:12.1617851+00:00:[AssemblyCache] Trying to resolve 'Microsoft.Web.Publishing.Tasks' in folder 'C:\Users\dhruvil\source\repos\TestApplication.UiTests\bin\Debug\netcoreapp3.1\SpecFlowPlusRunner\netcoreapp3.1'
2020-12-21T11:45:12.1617867+00:00:[AssemblyCache] Trying to resolve 'Microsoft.Web.Publishing.Tasks' to 'C:\Users\dhruvil\source\repos\TestApplication.UiTests\bin\Debug\netcoreapp3.1\SpecFlowPlusRunner\netcoreapp3.1\Microsoft.Web.Publishing.Tasks.dll'
2020-12-21T11:45:12.1618396+00:00:[AssemblyCache] Trying to resolve 'Microsoft.Web.Publishing.Tasks' to 'C:\Users\dhruvil\source\repos\TestApplication.UiTests\bin\Debug\netcoreapp3.1\SpecFlowPlusRunner\netcoreapp3.1\Microsoft.Web.Publishing.Tasks.exe'
2020-12-21T11:45:12.1618644+00:00:[AssemblyCache] Could not resolve 'Microsoft.Web.Publishing.Tasks' in folder 'C:\Users\dhruvil\source\repos\TestApplication.UiTests\bin\Debug\netcoreapp3.1\SpecFlowPlusRunner\netcoreapp3.1'
2020-12-21T11:45:12.1623405+00:00:[AssemblyCache] Trying to resolve 'Microsoft.Web.Publishing.Tasks' in folder 'C:\Program Files\dotnet\shared\Microsoft.AspNetCore.App\3.1.9'
2020-12-21T11:45:12.1623477+00:00:[AssemblyCache] Trying to resolve 'Microsoft.Web.Publishing.Tasks' to 'C:\Program Files\dotnet\shared\Microsoft.AspNetCore.App\3.1.9\Microsoft.Web.Publishing.Tasks.dll'
2020-12-21T11:45:12.1623940+00:00:[AssemblyCache] Trying to resolve 'Microsoft.Web.Publishing.Tasks' to 'C:\Program Files\dotnet\shared\Microsoft.AspNetCore.App\3.1.9\Microsoft.Web.Publishing.Tasks.exe'
2020-12-21T11:45:12.1624185+00:00:[AssemblyCache] Could not resolve 'Microsoft.Web.Publishing.Tasks' in folder 'C:\Program Files\dotnet\shared\Microsoft.AspNetCore.App\3.1.9'
2020-12-21T11:45:12.1625099+00:00:[AssemblyCache] Trying to resolve 'Microsoft.Web.Publishing.Tasks' in folder 'C:\Program Files\dotnet\shared\Microsoft.NETCore.App\3.1.9'
2020-12-21T11:45:12.1625131+00:00:[AssemblyCache] Trying to resolve 'Microsoft.Web.Publishing.Tasks' to 'C:\Program Files\dotnet\shared\Microsoft.NETCore.App\3.1.9\Microsoft.Web.Publishing.Tasks.dll'
2020-12-21T11:45:12.1625491+00:00:[AssemblyCache] Trying to resolve 'Microsoft.Web.Publishing.Tasks' to 'C:\Program Files\dotnet\shared\Microsoft.NETCore.App\3.1.9\Microsoft.Web.Publishing.Tasks.exe'
2020-12-21T11:45:12.1625724+00:00:[AssemblyCache] Could not resolve 'Microsoft.Web.Publishing.Tasks' in folder 'C:\Program Files\dotnet\shared\Microsoft.NETCore.App\3.1.9'
2020-12-21T11:45:12.1626779+00:00:[AssemblyCache] Trying to resolve 'Microsoft.Web.Publishing.Tasks' in folder 'C:\Program Files\dotnet\shared\Microsoft.WindowsDesktop.App\3.1.9'
2020-12-21T11:45:12.1626812+00:00:[AssemblyCache] Trying to resolve 'Microsoft.Web.Publishing.Tasks' to 'C:\Program Files\dotnet\shared\Microsoft.WindowsDesktop.App\3.1.9\Microsoft.Web.Publishing.Tasks.dll'
2020-12-21T11:45:12.1627185+00:00:[AssemblyCache] Trying to resolve 'Microsoft.Web.Publishing.Tasks' to 'C:\Program Files\dotnet\shared\Microsoft.WindowsDesktop.App\3.1.9\Microsoft.Web.Publishing.Tasks.exe'
2020-12-21T11:45:12.1627461+00:00:[AssemblyCache] Could not resolve 'Microsoft.Web.Publishing.Tasks' in folder 'C:\Program Files\dotnet\shared\Microsoft.WindowsDesktop.App\3.1.9'
2020-12-21T11:45:12.1627898+00:00:Assembly resolving Microsoft.Web.Publishing.Tasks, Version=10.0.0.0, Culture=neutral, PublicKeyToken=b03f5f7f11d50a3a
2020-12-21T11:45:12.1627926+00:00:[AssemblyCache] Trying to resolve 'Microsoft.Web.Publishing.Tasks' from .deps.json file
2020-12-21T11:45:12.1627947+00:00:[AssemblyCache] Could not resolve 'Microsoft.Web.Publishing.Tasks' from .deps.json
2020-12-21T11:45:12.1627981+00:00:[AssemblyCache] Trying to resolve 'Microsoft.Web.Publishing.Tasks' in folder 'C:\Users\dhruvil\source\repos\TestApplication.UiTests\bin\Debug\netcoreapp3.1'
2020-12-21T11:45:12.1627995+00:00:[AssemblyCache] Trying to resolve 'Microsoft.Web.Publishing.Tasks' to 'C:\Users\dhruvil\source\repos\TestApplication.UiTests\bin\Debug\netcoreapp3.1\Microsoft.Web.Publishing.Tasks.dll'
2020-12-21T11:45:12.1628291+00:00:[AssemblyCache] Trying to resolve 'Microsoft.Web.Publishing.Tasks' to 'C:\Users\dhruvil\source\repos\TestApplication.UiTests\bin\Debug\netcoreapp3.1\Microsoft.Web.Publishing.Tasks.exe'
2020-12-21T11:45:12.1628681+00:00:[AssemblyCache] Could not resolve 'Microsoft.Web.Publishing.Tasks' in folder 'C:\Users\dhruvil\source\repos\TestApplication.UiTests\bin\Debug\netcoreapp3.1'
2020-12-21T11:45:12.1628715+00:00:TargetFramework: .NETCoreApp,Version=v3.1
2020-12-21T11:45:12.1628807+00:00:Tfm: netcoreapp3.1
2020-12-21T11:45:12.1628838+00:00:[AssemblyCache] Trying to resolve 'Microsoft.Web.Publishing.Tasks' in folder 'C:\Users\dhruvil\source\repos\TestApplication.UiTests\bin\Debug\netcoreapp3.1\SpecFlowPlusRunner\netcoreapp3.1'
2020-12-21T11:45:12.1628853+00:00:[AssemblyCache] Trying to resolve 'Microsoft.Web.Publishing.Tasks' to 'C:\Users\dhruvil\source\repos\TestApplication.UiTests\bin\Debug\netcoreapp3.1\SpecFlowPlusRunner\netcoreapp3.1\Microsoft.Web.Publishing.Tasks.dll'
2020-12-21T11:45:12.1629154+00:00:[AssemblyCache] Trying to resolve 'Microsoft.Web.Publishing.Tasks' to 'C:\Users\dhruvil\source\repos\TestApplication.UiTests\bin\Debug\netcoreapp3.1\SpecFlowPlusRunner\netcoreapp3.1\Microsoft.Web.Publishing.Tasks.exe'
2020-12-21T11:45:12.1629437+00:00:[AssemblyCache] Could not resolve 'Microsoft.Web.Publishing.Tasks' in folder 'C:\Users\dhruvil\source\repos\TestApplication.UiTests\bin\Debug\netcoreapp3.1\SpecFlowPlusRunner\netcoreapp3.1'
2020-12-21T11:45:12.1632946+00:00:[AssemblyCache] Trying to resolve 'Microsoft.Web.Publishing.Tasks' in folder 'C:\Program Files\dotnet\shared\Microsoft.AspNetCore.App\3.1.9'
2020-12-21T11:45:12.1633014+00:00:[AssemblyCache] Trying to resolve 'Microsoft.Web.Publishing.Tasks' to 'C:\Program Files\dotnet\shared\Microsoft.AspNetCore.App\3.1.9\Microsoft.Web.Publishing.Tasks.dll'
2020-12-21T11:45:12.1633508+00:00:[AssemblyCache] Trying to resolve 'Microsoft.Web.Publishing.Tasks' to 'C:\Program Files\dotnet\shared\Microsoft.AspNetCore.App\3.1.9\Microsoft.Web.Publishing.Tasks.exe'
2020-12-21T11:45:12.1633759+00:00:[AssemblyCache] Could not resolve 'Microsoft.Web.Publishing.Tasks' in folder 'C:\Program Files\dotnet\shared\Microsoft.AspNetCore.App\3.1.9'
2020-12-21T11:45:12.1634672+00:00:[AssemblyCache] Trying to resolve 'Microsoft.Web.Publishing.Tasks' in folder 'C:\Program Files\dotnet\shared\Microsoft.NETCore.App\3.1.9'
2020-12-21T11:45:12.1634706+00:00:[AssemblyCache] Trying to resolve 'Microsoft.Web.Publishing.Tasks' to 'C:\Program Files\dotnet\shared\Microsoft.NETCore.App\3.1.9\Microsoft.Web.Publishing.Tasks.dll'
2020-12-21T11:45:12.1634961+00:00:[AssemblyCache] Trying to resolve 'Microsoft.Web.Publishing.Tasks' to 'C:\Program Files\dotnet\shared\Microsoft.NETCore.App\3.1.9\Microsoft.Web.Publishing.Tasks.exe'
2020-12-21T11:45:12.1635245+00:00:[AssemblyCache] Could not resolve 'Microsoft.Web.Publishing.Tasks' in folder 'C:\Program Files\dotnet\shared\Microsoft.NETCore.App\3.1.9'
2020-12-21T11:45:12.1636136+00:00:[AssemblyCache] Trying to resolve 'Microsoft.Web.Publishing.Tasks' in folder 'C:\Program Files\dotnet\shared\Microsoft.WindowsDesktop.App\3.1.9'
2020-12-21T11:45:12.1636170+00:00:[AssemblyCache] Trying to resolve 'Microsoft.Web.Publishing.Tasks' to 'C:\Program Files\dotnet\shared\Microsoft.WindowsDesktop.App\3.1.9\Microsoft.Web.Publishing.Tasks.dll'
2020-12-21T11:45:12.1636507+00:00:[AssemblyCache] Trying to resolve 'Microsoft.Web.Publishing.Tasks' to 'C:\Program Files\dotnet\shared\Microsoft.WindowsDesktop.App\3.1.9\Microsoft.Web.Publishing.Tasks.exe'
2020-12-21T11:45:12.1636697+00:00:[AssemblyCache] Could not resolve 'Microsoft.Web.Publishing.Tasks' in folder 'C:\Program Files\dotnet\shared\Microsoft.WindowsDesktop.App\3.1.9'
2020-12-21T11:45:12.1702266+00:00:Thread#4:Scheduler: get next test for thread 4
2020-12-21T11:45:12.1702355+00:00:Thread#4:Scheduler: considering testitem #8 for thread 4
2020-12-21T11:45:12.1704231+00:00:Thread#4:TestItem#8:testItemMatchesCurrentTestThread:UnSpecific
2020-12-21T11:45:12.1704281+00:00:Thread#4:TestItem#8:runsOnOneOtherThreadSpecific:False
2020-12-21T11:45:12.1704302+00:00:Thread#4:TestItem#8:runsOnOneOtherThreadUnspecific:True
2020-12-21T11:45:12.1704326+00:00:Thread#4:Scheduler: using testitem #8 for thread 4
2020-12-21T11:45:12.1704476+00:00:Thread#4:Scheduler: Test #8 is scheduled for thread
2020-12-21T11:45:12.1704626+00:00:Thread#4:Scheduler: with testItemExecutionIndex 0
2020-12-21T11:45:12.1705023+00:00:Thread #4: creating new test thread executor for TestApplication.UiTests, Version=1.0.0.0, Culture=neutral, PublicKeyToken=null (target: Browser_Chrome)
2020-12-21T11:45:12.2063568+00:00:Assembly resolving Microsoft.Web.Publishing.Tasks, Version=10.0.0.0, Culture=neutral, PublicKeyToken=b03f5f7f11d50a3a
2020-12-21T11:45:12.2063906+00:00:Assembly resolving Microsoft.Web.Publishing.Tasks, Version=10.0.0.0, Culture=neutral, PublicKeyToken=b03f5f7f11d50a3a
2020-12-21T11:45:12.2063957+00:00:Assembly resolving Microsoft.Web.Publishing.Tasks, Version=10.0.0.0, Culture=neutral, PublicKeyToken=b03f5f7f11d50a3a
2020-12-21T11:45:12.2935404+00:00:test thread #4 error: System.IO.FileNotFoundException: Could not load file or assembly 'Microsoft.Web.Publishing.Tasks, Version=10.0.0.0, Culture=neutral, PublicKeyToken=b03f5f7f11d50a3a'. The system cannot find the file specified.
File name: 'Microsoft.Web.Publishing.Tasks, Version=10.0.0.0, Culture=neutral, PublicKeyToken=b03f5f7f11d50a3a'
   at TechTalk.SpecRun.Framework.DeploymentSteps.ConfigFileTransformationStep.Apply(DeploymentContext deploymentContext)
   at TechTalk.SpecRun.Framework.DeploymentSteps.DeploymentContext.Apply(DeploymentTransformationSteps steps, ITestRunTracerBroker tracerBroker)
   at TechTalk.SpecRun.Framework.TestThread.GetDeploymentContext(IAssemblyReference testAssembly, String testTarget)
   at TechTalk.SpecRun.Framework.TestThread.InitializeTestThreadExecutor(IAssemblyReference testAssembly, ExecutionModelSettings executionModelSettings, String testTarget)
   at TechTalk.SpecRun.Framework.TestThread.GetThreadExecutor(IAssemblyReference testAssembly, ExecutionModelSettings executionModelSettings, String testTarget)
   at TechTalk.SpecRun.Framework.TestThread.GetThreadExecutorForTestItem(TestItem testItem)
   at TechTalk.SpecRun.Framework.TestThread.RunNonEmptyTestSuite(CancellationToken cancellationToken, TestThreadState testThreadState)
   at TechTalk.SpecRun.Framework.TestThread.Run(ITestExecutionManager executionManagerForRun, CancellationToken cancellationToken)
   at TechTalk.SpecRun.Framework.AsyncTestThreadRunner.RunSync(TestExecutionManager executionManager, CancellationToken cancellationToken)


2020-12-21T11:45:12.2939090+00:00:test thread #3 error: System.IO.FileNotFoundException: Could not load file or assembly 'Microsoft.Web.Publishing.Tasks, Version=10.0.0.0, Culture=neutral, PublicKeyToken=b03f5f7f11d50a3a'. The system cannot find the file specified.
File name: 'Microsoft.Web.Publishing.Tasks, Version=10.0.0.0, Culture=neutral, PublicKeyToken=b03f5f7f11d50a3a'
   at TechTalk.SpecRun.Framework.DeploymentSteps.ConfigFileTransformationStep.Apply(DeploymentContext deploymentContext)
   at TechTalk.SpecRun.Framework.DeploymentSteps.DeploymentContext.Apply(DeploymentTransformationSteps steps, ITestRunTracerBroker tracerBroker)
   at TechTalk.SpecRun.Framework.TestThread.GetDeploymentContext(IAssemblyReference testAssembly, String testTarget)
   at TechTalk.SpecRun.Framework.TestThread.InitializeTestThreadExecutor(IAssemblyReference testAssembly, ExecutionModelSettings executionModelSettings, String testTarget)
   at TechTalk.SpecRun.Framework.TestThread.GetThreadExecutor(IAssemblyReference testAssembly, ExecutionModelSettings executionModelSettings, String testTarget)
   at TechTalk.SpecRun.Framework.TestThread.GetThreadExecutorForTestItem(TestItem testItem)
   at TechTalk.SpecRun.Framework.TestThread.RunNonEmptyTestSuite(CancellationToken cancellationToken, TestThreadState testThreadState)
   at TechTalk.SpecRun.Framework.TestThread.Run(ITestExecutionManager executionManagerForRun, CancellationToken cancellationToken)
   at TechTalk.SpecRun.Framework.AsyncTestThreadRunner.RunSync(TestExecutionManager executionManager, CancellationToken cancellationToken)


2020-12-21T11:45:12.2956972+00:00:test thread error: TechTalk.SpecRun.Framework.SpecRunException: At least one test thread aborted.
 ---> System.IO.FileNotFoundException: Could not load file or assembly 'Microsoft.Web.Publishing.Tasks, Version=10.0.0.0, Culture=neutral, PublicKeyToken=b03f5f7f11d50a3a'. The system cannot find the file specified.
File name: 'Microsoft.Web.Publishing.Tasks, Version=10.0.0.0, Culture=neutral, PublicKeyToken=b03f5f7f11d50a3a'
   at TechTalk.SpecRun.Framework.DeploymentSteps.ConfigFileTransformationStep.Apply(DeploymentContext deploymentContext)
   at TechTalk.SpecRun.Framework.DeploymentSteps.DeploymentContext.Apply(DeploymentTransformationSteps steps, ITestRunTracerBroker tracerBroker)
   at TechTalk.SpecRun.Framework.TestThread.GetDeploymentContext(IAssemblyReference testAssembly, String testTarget)
   at TechTalk.SpecRun.Framework.TestThread.InitializeTestThreadExecutor(IAssemblyReference testAssembly, ExecutionModelSettings executionModelSettings, String testTarget)
   at TechTalk.SpecRun.Framework.TestThread.GetThreadExecutor(IAssemblyReference testAssembly, ExecutionModelSettings executionModelSettings, String testTarget)
   at TechTalk.SpecRun.Framework.TestThread.GetThreadExecutorForTestItem(TestItem testItem)
   at TechTalk.SpecRun.Framework.TestThread.RunNonEmptyTestSuite(CancellationToken cancellationToken, TestThreadState testThreadState)
   at TechTalk.SpecRun.Framework.TestThread.Run(ITestExecutionManager executionManagerForRun, CancellationToken cancellationToken)
   at TechTalk.SpecRun.Framework.AsyncTestThreadRunner.RunSync(TestExecutionManager executionManager, CancellationToken cancellationToken)


   --- End of inner exception stack trace ---
2020-12-21T11:45:12.2959238+00:00:Trying to cancel thread
2020-12-21T11:45:12.2962898+00:00:Thread cancelled
2020-12-21T11:45:12.2962974+00:00:Trying to cancel thread
2020-12-21T11:45:12.2963002+00:00:Thread cancelled
2020-12-21T11:45:12.2963013+00:00:Trying to cancel thread
2020-12-21T11:45:12.2963025+00:00:Thread cancelled
2020-12-21T11:45:12.2963035+00:00:Trying to cancel thread
2020-12-21T11:45:12.2963045+00:00:Thread cancelled
2020-12-21T11:45:12.2963054+00:00:Trying to cancel thread
2020-12-21T11:45:12.2963063+00:00:Thread cancelled
2020-12-21T11:45:12.3063484+00:00:Thread#-1: Test #4/0 is started on thread #-1
2020-12-21T11:45:12.3084927+00:00:Thread#-1: Test #4/0 is finished on thread #-1 as Skipped within 0.0008545 seconds
2020-12-21T11:45:12.3724237+00:00:Thread#-1: Test #8/0 is started on thread #-1
2020-12-21T11:45:12.3746619+00:00:Thread#-1: Test #8/0 is finished on thread #-1 as Skipped within 2.88E-05 seconds
2020-12-21T11:45:12.3752353+00:00:Thread#-1:Scheduler: get next test for thread -1
2020-12-21T11:45:12.3752455+00:00:Thread#-1:Scheduler: considering testitem #12 for thread -1
2020-12-21T11:45:12.3752482+00:00:Thread#-1:Scheduler: using testitem #12 for thread -1
2020-12-21T11:45:12.3752512+00:00:Thread#-1:Scheduler: Test #12 is scheduled for thread
2020-12-21T11:45:12.3752803+00:00:Thread#-1: Test #12/0 is started on thread #-1
2020-12-21T11:45:12.3752978+00:00:Thread#-1: Test #12/0 is finished on thread #-1 as Skipped within 2.8E-06 seconds
2020-12-21T11:45:12.3753694+00:00:Thread#-1:Scheduler: get next test for thread -1
2020-12-21T11:45:12.3753736+00:00:Thread#:Scheduler: at the end of normal test queue
2020-12-21T11:45:12.3753835+00:00:Thread#-1:Scheduler: enumerator for thread is at end
2020-12-21T11:45:12.4996752+00:00;Thread#11;Info;test run finished
2020-12-21T11:45:12.4997805+00:00;Thread#11;Info;publishing test results
2020-12-21T11:45:12.5000048+00:00;Thread#11;Info;Not publishing results.
2020-12-21T11:45:12.5002834+00:00;Thread#11;Info;test results published
2020-12-21T11:45:12.5003707+00:00;Thread#11;Info;generating reports
2020-12-21T11:45:12.7109836+00:00;Thread#11;Info;Starting external report generation process
2020-12-21T11:45:14.3447862+00:00;Thread#11;Error;Could not generate test run result reports. An error occurred in the generator.
2020-12-21T11:45:14.3465711+00:00;Thread#11;Error;External program returned exit code '-2'
2020-12-21T11:45:14.3470839+00:00;Thread#11;Info;Failed generating reports
2020-12-21T11:45:14.3575934+00:00:Total: 3
2020-12-21T11:45:14.3600988+00:00:Succeeded: 0
2020-12-21T11:45:14.3605733+00:00:Ignored: 0
2020-12-21T11:45:14.3610565+00:00:Pending: 0
2020-12-21T11:45:14.3611556+00:00:Skipped: 3
2020-12-21T11:45:14.3615552+00:00:Failed: 0
2020-12-21T11:45:14.3636023+00:00;VSTestExecutionThread;Info;Adding attachments to VSTest
========== End of log file ==========
