2020-12-21T11:35:24.7912786+00:00;VSTestExecutionThread;Info;SpecFlow+Runner execution started
2020-12-21T11:35:24.7914885+00:00;VSTestExecutionThread;Info;SpecFlow+Runner 3.5.8 in Framework netcore31 in x64 mode execution started
2020-12-21T11:35:24.7914926+00:00;VSTestExecutionThread;Info;TestAdapter Location: C:\Users\dhruvil\source\repos\TestApplication.UiTests\bin\Debug\netcoreapp3.1\TechTalk.SpecRun.VisualStudio.TestAdapter.dll
2020-12-21T11:35:24.7948614+00:00;VSTestExecutionThread;Info;Current UserName: 'dhruvil', MachineName: 'EC2AMAZ-0CD87OS'
2020-12-21T11:35:24.9130252+00:00;VSTestExecutionThread;Info;SpecRun: running tests in C:\Users\dhruvil\source\repos\TestApplication.UiTests\bin\Debug\netcoreapp3.1\TestApplication.UiTests.dll
2020-12-21T11:35:24.9132991+00:00;VSTestExecutionThread;Info;Output folder configured to "C:\Users\dhruvil\source\repos\TestApplication.UiTests\TestResults" (default)
2020-12-21T11:35:24.9137381+00:00;VSTestExecutionThread;Info;Profile: TestApplication.UiTests
2020-12-21T11:35:24.9617620+00:00;VSTestExecutionThread;Info;Log file path: C:\Users\dhruvil\source\repos\TestApplication.UiTests\TestResults\TestApplication.UiTests_TestApplication.UiTests_2020-12-21T113524.log
2020-12-21T11:35:24.9663308+00:00;Thread#11;Info;Checking activation
2020-12-21T11:35:25.0617577+00:00;Thread#11;Info;Activated.
2020-12-21T11:35:25.0620213+00:00;Thread#11;Info;Activation check completed
2020-12-21T11:35:25.0621352+00:00;Thread#11;Info;Starting test run
2020-12-21T11:35:25.1492690+00:00;Thread#11;Info;Discovering target: Browser_Safari
2020-12-21T11:35:25.1498007+00:00;Thread#11;Info;Discovering tests from assembly: C:\Users\dhruvil\source\repos\TestApplication.UiTests\bin\Debug\netcoreapp3.1\TestApplication.UiTests.dll
2020-12-21T11:35:25.7783207+00:00;Thread#11;Info;Discovered tests from assembly: C:\Users\dhruvil\source\repos\TestApplication.UiTests\bin\Debug\netcoreapp3.1\TestApplication.UiTests.dll
2020-12-21T11:35:25.7788906+00:00;Thread#11;Info;Discovering target: Browser_Chrome
2020-12-21T11:35:25.7790076+00:00;Thread#11;Info;Discovering tests from assembly: C:\Users\dhruvil\source\repos\TestApplication.UiTests\bin\Debug\netcoreapp3.1\TestApplication.UiTests.dll
2020-12-21T11:35:25.8015386+00:00;Thread#11;Info;Discovered tests from assembly: C:\Users\dhruvil\source\repos\TestApplication.UiTests\bin\Debug\netcoreapp3.1\TestApplication.UiTests.dll
2020-12-21T11:35:25.8019692+00:00;Thread#11;Info;Discovering target: Browser_Firefox
2020-12-21T11:35:25.8022968+00:00;Thread#11;Info;Discovering tests from assembly: C:\Users\dhruvil\source\repos\TestApplication.UiTests\bin\Debug\netcoreapp3.1\TestApplication.UiTests.dll
2020-12-21T11:35:25.8135814+00:00;Thread#11;Info;Discovered tests from assembly: C:\Users\dhruvil\source\repos\TestApplication.UiTests\bin\Debug\netcoreapp3.1\TestApplication.UiTests.dll
2020-12-21T11:35:25.8154155+00:00:Test Suite Dump
2020-12-21T11:35:25.8176919+00:00:#0: TestApplication.UiTests/TestApplication.UiTests - 
2020-12-21T11:35:25.8177110+00:00:#1: Browser_Safari - 
2020-12-21T11:35:25.8177142+00:00:#5: Browser_Chrome - 
2020-12-21T11:35:25.8177166+00:00:#9: Browser_Firefox - 
2020-12-21T11:35:25.8177190+00:00:#2: TestApplication.UiTests - 
2020-12-21T11:35:25.8177211+00:00:#6: TestApplication.UiTests - 
2020-12-21T11:35:25.8177231+00:00:#10: TestApplication.UiTests - 
2020-12-21T11:35:25.8177263+00:00:#3: GoogleSearch - 
2020-12-21T11:35:25.8177285+00:00:#7: GoogleSearch - 
2020-12-21T11:35:25.8177304+00:00:#11: GoogleSearch - 
2020-12-21T11:35:25.8192705+00:00:#4: Goto Google - Target:Browser_Safari/TestAssembly:TestApplication.UiTests/Feature:GoogleSearch/Scenario:Goto+Google
2020-12-21T11:35:25.8193111+00:00:#8: Goto Google - Target:Browser_Chrome/TestAssembly:TestApplication.UiTests/Feature:GoogleSearch/Scenario:Goto+Google
2020-12-21T11:35:25.8193235+00:00:#12: Goto Google - Target:Browser_Firefox/TestAssembly:TestApplication.UiTests/Feature:GoogleSearch/Scenario:Goto+Google
2020-12-21T11:35:25.8194026+00:00:End: Test Suite Dump
2020-12-21T11:35:25.8832797+00:00:Thread#0:Scheduler: get next test for thread 0
2020-12-21T11:35:25.8880822+00:00:Thread#:Scheduler: testitem #4 from normal test queue 
2020-12-21T11:35:25.8882153+00:00:Thread#0:Scheduler: considering testitem #4 for thread 0
2020-12-21T11:35:25.8976814+00:00:Thread#0:TestItem#4:testItemMatchesCurrentTestThread:NoMatch
2020-12-21T11:35:25.8976940+00:00:Thread#0:TestItem#4:runsOnOneOtherThreadSpecific:False
2020-12-21T11:35:25.8976965+00:00:Thread#0:TestItem#4:runsOnOneOtherThreadUnspecific:True
2020-12-21T11:35:25.8979761+00:00:Thread#0:TestItem#4:Scheduler: postpoining testitem #4 for thread 0
2020-12-21T11:35:25.8983106+00:00:Thread#:Scheduler: testitem #8 from normal test queue 
2020-12-21T11:35:25.8984722+00:00:Thread#0:TestItem#8:testItemMatchesCurrentTestThread:NoMatch
2020-12-21T11:35:25.8984772+00:00:Thread#0:TestItem#8:runsOnOneOtherThreadSpecific:False
2020-12-21T11:35:25.8984874+00:00:Thread#0:TestItem#8:runsOnOneOtherThreadUnspecific:True
2020-12-21T11:35:25.8984902+00:00:Thread#0:TestItem#8:Scheduler: postpoining testitem #8 for thread 0
2020-12-21T11:35:25.8984941+00:00:Thread#:Scheduler: testitem #12 from normal test queue 
2020-12-21T11:35:25.8985683+00:00:Thread#0:TestItem#12:testItemMatchesCurrentTestThread:NoMatch
2020-12-21T11:35:25.8985710+00:00:Thread#0:TestItem#12:runsOnOneOtherThreadSpecific:False
2020-12-21T11:35:25.8985729+00:00:Thread#0:TestItem#12:runsOnOneOtherThreadUnspecific:True
2020-12-21T11:35:25.8985753+00:00:Thread#0:TestItem#12:Scheduler: postpoining testitem #12 for thread 0
2020-12-21T11:35:25.8985882+00:00:Thread#:Scheduler: at the end of normal test queue
2020-12-21T11:35:25.8985909+00:00:Thread#0:TestItem#12:Scheduler: nothing left after postpone for thread 0
2020-12-21T11:35:25.8987538+00:00:Thread#0:Scheduler: No more tests for thread
2020-12-21T11:35:25.9129906+00:00:Thread#1:Scheduler: get next test for thread 1
2020-12-21T11:35:25.9130364+00:00:Thread#1:Scheduler: considering testitem #4 for thread 1
2020-12-21T11:35:25.9132526+00:00:Thread#1:TestItem#4:testItemMatchesCurrentTestThread:NoMatch
2020-12-21T11:35:25.9132594+00:00:Thread#1:TestItem#4:runsOnOneOtherThreadSpecific:False
2020-12-21T11:35:25.9132616+00:00:Thread#1:TestItem#4:runsOnOneOtherThreadUnspecific:True
2020-12-21T11:35:25.9132644+00:00:Thread#1:TestItem#4:Scheduler: postpoining testitem #4 for thread 1
2020-12-21T11:35:25.9133609+00:00:Thread#1:TestItem#8:testItemMatchesCurrentTestThread:NoMatch
2020-12-21T11:35:25.9133640+00:00:Thread#1:TestItem#8:runsOnOneOtherThreadSpecific:False
2020-12-21T11:35:25.9133659+00:00:Thread#1:TestItem#8:runsOnOneOtherThreadUnspecific:True
2020-12-21T11:35:25.9133680+00:00:Thread#1:TestItem#8:Scheduler: postpoining testitem #8 for thread 1
2020-12-21T11:35:25.9135069+00:00:Thread#1:TestItem#12:testItemMatchesCurrentTestThread:NoMatch
2020-12-21T11:35:25.9135111+00:00:Thread#1:TestItem#12:runsOnOneOtherThreadSpecific:False
2020-12-21T11:35:25.9135128+00:00:Thread#1:TestItem#12:runsOnOneOtherThreadUnspecific:True
2020-12-21T11:35:25.9135151+00:00:Thread#1:TestItem#12:Scheduler: postpoining testitem #12 for thread 1
2020-12-21T11:35:25.9135191+00:00:Thread#:Scheduler: at the end of normal test queue
2020-12-21T11:35:25.9135213+00:00:Thread#1:TestItem#12:Scheduler: nothing left after postpone for thread 1
2020-12-21T11:35:25.9135238+00:00:Thread#1:Scheduler: No more tests for thread
2020-12-21T11:35:25.9142392+00:00:Thread#2:Scheduler: get next test for thread 2
2020-12-21T11:35:25.9142468+00:00:Thread#2:Scheduler: considering testitem #4 for thread 2
2020-12-21T11:35:25.9144014+00:00:Thread#2:TestItem#4:testItemMatchesCurrentTestThread:NoMatch
2020-12-21T11:35:25.9144059+00:00:Thread#2:TestItem#4:runsOnOneOtherThreadSpecific:False
2020-12-21T11:35:25.9144080+00:00:Thread#2:TestItem#4:runsOnOneOtherThreadUnspecific:True
2020-12-21T11:35:25.9144106+00:00:Thread#2:TestItem#4:Scheduler: postpoining testitem #4 for thread 2
2020-12-21T11:35:25.9144934+00:00:Thread#2:TestItem#8:testItemMatchesCurrentTestThread:NoMatch
2020-12-21T11:35:25.9145018+00:00:Thread#2:TestItem#8:runsOnOneOtherThreadSpecific:False
2020-12-21T11:35:25.9145037+00:00:Thread#2:TestItem#8:runsOnOneOtherThreadUnspecific:True
2020-12-21T11:35:25.9145060+00:00:Thread#2:TestItem#8:Scheduler: postpoining testitem #8 for thread 2
2020-12-21T11:35:25.9145832+00:00:Thread#2:TestItem#12:testItemMatchesCurrentTestThread:NoMatch
2020-12-21T11:35:25.9145862+00:00:Thread#2:TestItem#12:runsOnOneOtherThreadSpecific:False
2020-12-21T11:35:25.9145880+00:00:Thread#2:TestItem#12:runsOnOneOtherThreadUnspecific:True
2020-12-21T11:35:25.9145903+00:00:Thread#2:TestItem#12:Scheduler: postpoining testitem #12 for thread 2
2020-12-21T11:35:25.9145930+00:00:Thread#:Scheduler: at the end of normal test queue
2020-12-21T11:35:25.9145950+00:00:Thread#2:TestItem#12:Scheduler: nothing left after postpone for thread 2
2020-12-21T11:35:25.9145973+00:00:Thread#2:Scheduler: No more tests for thread
2020-12-21T11:35:25.9152918+00:00:Thread#3:Scheduler: get next test for thread 3
2020-12-21T11:35:25.9152982+00:00:Thread#3:Scheduler: considering testitem #4 for thread 3
2020-12-21T11:35:25.9154323+00:00:Thread#3:TestItem#4:testItemMatchesCurrentTestThread:UnSpecific
2020-12-21T11:35:25.9154524+00:00:Thread#3:TestItem#4:runsOnOneOtherThreadSpecific:False
2020-12-21T11:35:25.9154546+00:00:Thread#3:TestItem#4:runsOnOneOtherThreadUnspecific:True
2020-12-21T11:35:25.9154573+00:00:Thread#3:Scheduler: using testitem #4 for thread 3
2020-12-21T11:35:25.9165548+00:00:Thread#3:Scheduler: Test #4 is scheduled for thread
2020-12-21T11:35:25.9255712+00:00:Thread#3:Scheduler: with testItemExecutionIndex 0
2020-12-21T11:35:25.9315734+00:00:Thread #3: creating new test thread executor for TestApplication.UiTests, Version=1.0.0.0, Culture=neutral, PublicKeyToken=null (target: Browser_Safari)
2020-12-21T11:35:25.9422846+00:00:Assembly resolving Microsoft.Web.Publishing.Tasks, Version=10.0.0.0, Culture=neutral, PublicKeyToken=b03f5f7f11d50a3a
2020-12-21T11:35:25.9459947+00:00:[AssemblyCache] Trying to resolve 'Microsoft.Web.Publishing.Tasks' from .deps.json file
2020-12-21T11:35:25.9460135+00:00:[AssemblyCache] Could not resolve 'Microsoft.Web.Publishing.Tasks' from .deps.json
2020-12-21T11:35:25.9476575+00:00:[AssemblyCache] Trying to resolve 'Microsoft.Web.Publishing.Tasks' in folder 'C:\Users\dhruvil\source\repos\TestApplication.UiTests\bin\Debug\netcoreapp3.1'
2020-12-21T11:35:25.9481205+00:00:[AssemblyCache] Trying to resolve 'Microsoft.Web.Publishing.Tasks' to 'C:\Users\dhruvil\source\repos\TestApplication.UiTests\bin\Debug\netcoreapp3.1\Microsoft.Web.Publishing.Tasks.dll'
2020-12-21T11:35:25.9482054+00:00:[AssemblyCache] Trying to resolve 'Microsoft.Web.Publishing.Tasks' to 'C:\Users\dhruvil\source\repos\TestApplication.UiTests\bin\Debug\netcoreapp3.1\Microsoft.Web.Publishing.Tasks.exe'
2020-12-21T11:35:25.9482322+00:00:[AssemblyCache] Could not resolve 'Microsoft.Web.Publishing.Tasks' in folder 'C:\Users\dhruvil\source\repos\TestApplication.UiTests\bin\Debug\netcoreapp3.1'
2020-12-21T11:35:25.9485050+00:00:TargetFramework: .NETCoreApp,Version=v3.1
2020-12-21T11:35:25.9489648+00:00:Tfm: netcoreapp3.1
2020-12-21T11:35:25.9489743+00:00:[AssemblyCache] Trying to resolve 'Microsoft.Web.Publishing.Tasks' in folder 'C:\Users\dhruvil\source\repos\TestApplication.UiTests\bin\Debug\netcoreapp3.1\SpecFlowPlusRunner\netcoreapp3.1'
2020-12-21T11:35:25.9489766+00:00:[AssemblyCache] Trying to resolve 'Microsoft.Web.Publishing.Tasks' to 'C:\Users\dhruvil\source\repos\TestApplication.UiTests\bin\Debug\netcoreapp3.1\SpecFlowPlusRunner\netcoreapp3.1\Microsoft.Web.Publishing.Tasks.dll'
2020-12-21T11:35:25.9512594+00:00:[AssemblyCache] Trying to resolve 'Microsoft.Web.Publishing.Tasks' to 'C:\Users\dhruvil\source\repos\TestApplication.UiTests\bin\Debug\netcoreapp3.1\SpecFlowPlusRunner\netcoreapp3.1\Microsoft.Web.Publishing.Tasks.exe'
2020-12-21T11:35:25.9513102+00:00:[AssemblyCache] Could not resolve 'Microsoft.Web.Publishing.Tasks' in folder 'C:\Users\dhruvil\source\repos\TestApplication.UiTests\bin\Debug\netcoreapp3.1\SpecFlowPlusRunner\netcoreapp3.1'
2020-12-21T11:35:25.9608433+00:00:[AssemblyCache] Trying to resolve 'Microsoft.Web.Publishing.Tasks' in folder 'C:\Program Files\dotnet\shared\Microsoft.AspNetCore.App\3.1.9'
2020-12-21T11:35:25.9608651+00:00:[AssemblyCache] Trying to resolve 'Microsoft.Web.Publishing.Tasks' to 'C:\Program Files\dotnet\shared\Microsoft.AspNetCore.App\3.1.9\Microsoft.Web.Publishing.Tasks.dll'
2020-12-21T11:35:25.9609374+00:00:[AssemblyCache] Trying to resolve 'Microsoft.Web.Publishing.Tasks' to 'C:\Program Files\dotnet\shared\Microsoft.AspNetCore.App\3.1.9\Microsoft.Web.Publishing.Tasks.exe'
2020-12-21T11:35:25.9609689+00:00:[AssemblyCache] Could not resolve 'Microsoft.Web.Publishing.Tasks' in folder 'C:\Program Files\dotnet\shared\Microsoft.AspNetCore.App\3.1.9'
2020-12-21T11:35:25.9612179+00:00:[AssemblyCache] Trying to resolve 'Microsoft.Web.Publishing.Tasks' in folder 'C:\Program Files\dotnet\shared\Microsoft.NETCore.App\3.1.9'
2020-12-21T11:35:25.9612260+00:00:[AssemblyCache] Trying to resolve 'Microsoft.Web.Publishing.Tasks' to 'C:\Program Files\dotnet\shared\Microsoft.NETCore.App\3.1.9\Microsoft.Web.Publishing.Tasks.dll'
2020-12-21T11:35:25.9612623+00:00:[AssemblyCache] Trying to resolve 'Microsoft.Web.Publishing.Tasks' to 'C:\Program Files\dotnet\shared\Microsoft.NETCore.App\3.1.9\Microsoft.Web.Publishing.Tasks.exe'
2020-12-21T11:35:25.9612853+00:00:[AssemblyCache] Could not resolve 'Microsoft.Web.Publishing.Tasks' in folder 'C:\Program Files\dotnet\shared\Microsoft.NETCore.App\3.1.9'
2020-12-21T11:35:25.9613875+00:00:[AssemblyCache] Trying to resolve 'Microsoft.Web.Publishing.Tasks' in folder 'C:\Program Files\dotnet\shared\Microsoft.WindowsDesktop.App\3.1.9'
2020-12-21T11:35:25.9613985+00:00:[AssemblyCache] Trying to resolve 'Microsoft.Web.Publishing.Tasks' to 'C:\Program Files\dotnet\shared\Microsoft.WindowsDesktop.App\3.1.9\Microsoft.Web.Publishing.Tasks.dll'
2020-12-21T11:35:25.9620086+00:00:[AssemblyCache] Trying to resolve 'Microsoft.Web.Publishing.Tasks' to 'C:\Program Files\dotnet\shared\Microsoft.WindowsDesktop.App\3.1.9\Microsoft.Web.Publishing.Tasks.exe'
2020-12-21T11:35:25.9621421+00:00:[AssemblyCache] Could not resolve 'Microsoft.Web.Publishing.Tasks' in folder 'C:\Program Files\dotnet\shared\Microsoft.WindowsDesktop.App\3.1.9'
2020-12-21T11:35:25.9623844+00:00:Assembly resolving Microsoft.Web.Publishing.Tasks, Version=10.0.0.0, Culture=neutral, PublicKeyToken=b03f5f7f11d50a3a
2020-12-21T11:35:25.9623917+00:00:[AssemblyCache] Trying to resolve 'Microsoft.Web.Publishing.Tasks' from .deps.json file
2020-12-21T11:35:25.9623944+00:00:[AssemblyCache] Could not resolve 'Microsoft.Web.Publishing.Tasks' from .deps.json
2020-12-21T11:35:25.9623995+00:00:[AssemblyCache] Trying to resolve 'Microsoft.Web.Publishing.Tasks' in folder 'C:\Users\dhruvil\source\repos\TestApplication.UiTests\bin\Debug\netcoreapp3.1'
2020-12-21T11:35:25.9624194+00:00:[AssemblyCache] Trying to resolve 'Microsoft.Web.Publishing.Tasks' to 'C:\Users\dhruvil\source\repos\TestApplication.UiTests\bin\Debug\netcoreapp3.1\Microsoft.Web.Publishing.Tasks.dll'
2020-12-21T11:35:25.9624702+00:00:[AssemblyCache] Trying to resolve 'Microsoft.Web.Publishing.Tasks' to 'C:\Users\dhruvil\source\repos\TestApplication.UiTests\bin\Debug\netcoreapp3.1\Microsoft.Web.Publishing.Tasks.exe'
2020-12-21T11:35:25.9624961+00:00:[AssemblyCache] Could not resolve 'Microsoft.Web.Publishing.Tasks' in folder 'C:\Users\dhruvil\source\repos\TestApplication.UiTests\bin\Debug\netcoreapp3.1'
2020-12-21T11:35:25.9624990+00:00:TargetFramework: .NETCoreApp,Version=v3.1
2020-12-21T11:35:25.9625150+00:00:Tfm: netcoreapp3.1
2020-12-21T11:35:25.9625189+00:00:[AssemblyCache] Trying to resolve 'Microsoft.Web.Publishing.Tasks' in folder 'C:\Users\dhruvil\source\repos\TestApplication.UiTests\bin\Debug\netcoreapp3.1\SpecFlowPlusRunner\netcoreapp3.1'
2020-12-21T11:35:25.9625204+00:00:[AssemblyCache] Trying to resolve 'Microsoft.Web.Publishing.Tasks' to 'C:\Users\dhruvil\source\repos\TestApplication.UiTests\bin\Debug\netcoreapp3.1\SpecFlowPlusRunner\netcoreapp3.1\Microsoft.Web.Publishing.Tasks.dll'
2020-12-21T11:35:25.9625644+00:00:[AssemblyCache] Trying to resolve 'Microsoft.Web.Publishing.Tasks' to 'C:\Users\dhruvil\source\repos\TestApplication.UiTests\bin\Debug\netcoreapp3.1\SpecFlowPlusRunner\netcoreapp3.1\Microsoft.Web.Publishing.Tasks.exe'
2020-12-21T11:35:25.9625869+00:00:[AssemblyCache] Could not resolve 'Microsoft.Web.Publishing.Tasks' in folder 'C:\Users\dhruvil\source\repos\TestApplication.UiTests\bin\Debug\netcoreapp3.1\SpecFlowPlusRunner\netcoreapp3.1'
2020-12-21T11:35:25.9632817+00:00:[AssemblyCache] Trying to resolve 'Microsoft.Web.Publishing.Tasks' in folder 'C:\Program Files\dotnet\shared\Microsoft.AspNetCore.App\3.1.9'
2020-12-21T11:35:25.9632891+00:00:[AssemblyCache] Trying to resolve 'Microsoft.Web.Publishing.Tasks' to 'C:\Program Files\dotnet\shared\Microsoft.AspNetCore.App\3.1.9\Microsoft.Web.Publishing.Tasks.dll'
2020-12-21T11:35:25.9633341+00:00:[AssemblyCache] Trying to resolve 'Microsoft.Web.Publishing.Tasks' to 'C:\Program Files\dotnet\shared\Microsoft.AspNetCore.App\3.1.9\Microsoft.Web.Publishing.Tasks.exe'
2020-12-21T11:35:25.9633612+00:00:[AssemblyCache] Could not resolve 'Microsoft.Web.Publishing.Tasks' in folder 'C:\Program Files\dotnet\shared\Microsoft.AspNetCore.App\3.1.9'
2020-12-21T11:35:25.9634617+00:00:[AssemblyCache] Trying to resolve 'Microsoft.Web.Publishing.Tasks' in folder 'C:\Program Files\dotnet\shared\Microsoft.NETCore.App\3.1.9'
2020-12-21T11:35:25.9634651+00:00:[AssemblyCache] Trying to resolve 'Microsoft.Web.Publishing.Tasks' to 'C:\Program Files\dotnet\shared\Microsoft.NETCore.App\3.1.9\Microsoft.Web.Publishing.Tasks.dll'
2020-12-21T11:35:25.9635052+00:00:[AssemblyCache] Trying to resolve 'Microsoft.Web.Publishing.Tasks' to 'C:\Program Files\dotnet\shared\Microsoft.NETCore.App\3.1.9\Microsoft.Web.Publishing.Tasks.exe'
2020-12-21T11:35:25.9635275+00:00:[AssemblyCache] Could not resolve 'Microsoft.Web.Publishing.Tasks' in folder 'C:\Program Files\dotnet\shared\Microsoft.NETCore.App\3.1.9'
2020-12-21T11:35:25.9636434+00:00:[AssemblyCache] Trying to resolve 'Microsoft.Web.Publishing.Tasks' in folder 'C:\Program Files\dotnet\shared\Microsoft.WindowsDesktop.App\3.1.9'
2020-12-21T11:35:25.9636485+00:00:[AssemblyCache] Trying to resolve 'Microsoft.Web.Publishing.Tasks' to 'C:\Program Files\dotnet\shared\Microsoft.WindowsDesktop.App\3.1.9\Microsoft.Web.Publishing.Tasks.dll'
2020-12-21T11:35:25.9636838+00:00:[AssemblyCache] Trying to resolve 'Microsoft.Web.Publishing.Tasks' to 'C:\Program Files\dotnet\shared\Microsoft.WindowsDesktop.App\3.1.9\Microsoft.Web.Publishing.Tasks.exe'
2020-12-21T11:35:25.9637148+00:00:[AssemblyCache] Could not resolve 'Microsoft.Web.Publishing.Tasks' in folder 'C:\Program Files\dotnet\shared\Microsoft.WindowsDesktop.App\3.1.9'
2020-12-21T11:35:25.9637675+00:00:Assembly resolving Microsoft.Web.Publishing.Tasks, Version=10.0.0.0, Culture=neutral, PublicKeyToken=b03f5f7f11d50a3a
2020-12-21T11:35:25.9637710+00:00:[AssemblyCache] Trying to resolve 'Microsoft.Web.Publishing.Tasks' from .deps.json file
2020-12-21T11:35:25.9637732+00:00:[AssemblyCache] Could not resolve 'Microsoft.Web.Publishing.Tasks' from .deps.json
2020-12-21T11:35:25.9637772+00:00:[AssemblyCache] Trying to resolve 'Microsoft.Web.Publishing.Tasks' in folder 'C:\Users\dhruvil\source\repos\TestApplication.UiTests\bin\Debug\netcoreapp3.1'
2020-12-21T11:35:25.9637789+00:00:[AssemblyCache] Trying to resolve 'Microsoft.Web.Publishing.Tasks' to 'C:\Users\dhruvil\source\repos\TestApplication.UiTests\bin\Debug\netcoreapp3.1\Microsoft.Web.Publishing.Tasks.dll'
2020-12-21T11:35:25.9638128+00:00:[AssemblyCache] Trying to resolve 'Microsoft.Web.Publishing.Tasks' to 'C:\Users\dhruvil\source\repos\TestApplication.UiTests\bin\Debug\netcoreapp3.1\Microsoft.Web.Publishing.Tasks.exe'
2020-12-21T11:35:25.9638476+00:00:[AssemblyCache] Could not resolve 'Microsoft.Web.Publishing.Tasks' in folder 'C:\Users\dhruvil\source\repos\TestApplication.UiTests\bin\Debug\netcoreapp3.1'
2020-12-21T11:35:25.9638509+00:00:TargetFramework: .NETCoreApp,Version=v3.1
2020-12-21T11:35:25.9638618+00:00:Tfm: netcoreapp3.1
2020-12-21T11:35:25.9638652+00:00:[AssemblyCache] Trying to resolve 'Microsoft.Web.Publishing.Tasks' in folder 'C:\Users\dhruvil\source\repos\TestApplication.UiTests\bin\Debug\netcoreapp3.1\SpecFlowPlusRunner\netcoreapp3.1'
2020-12-21T11:35:25.9638666+00:00:[AssemblyCache] Trying to resolve 'Microsoft.Web.Publishing.Tasks' to 'C:\Users\dhruvil\source\repos\TestApplication.UiTests\bin\Debug\netcoreapp3.1\SpecFlowPlusRunner\netcoreapp3.1\Microsoft.Web.Publishing.Tasks.dll'
2020-12-21T11:35:25.9638971+00:00:[AssemblyCache] Trying to resolve 'Microsoft.Web.Publishing.Tasks' to 'C:\Users\dhruvil\source\repos\TestApplication.UiTests\bin\Debug\netcoreapp3.1\SpecFlowPlusRunner\netcoreapp3.1\Microsoft.Web.Publishing.Tasks.exe'
2020-12-21T11:35:25.9639342+00:00:[AssemblyCache] Could not resolve 'Microsoft.Web.Publishing.Tasks' in folder 'C:\Users\dhruvil\source\repos\TestApplication.UiTests\bin\Debug\netcoreapp3.1\SpecFlowPlusRunner\netcoreapp3.1'
2020-12-21T11:35:25.9643253+00:00:[AssemblyCache] Trying to resolve 'Microsoft.Web.Publishing.Tasks' in folder 'C:\Program Files\dotnet\shared\Microsoft.AspNetCore.App\3.1.9'
2020-12-21T11:35:25.9643318+00:00:[AssemblyCache] Trying to resolve 'Microsoft.Web.Publishing.Tasks' to 'C:\Program Files\dotnet\shared\Microsoft.AspNetCore.App\3.1.9\Microsoft.Web.Publishing.Tasks.dll'
2020-12-21T11:35:25.9643918+00:00:[AssemblyCache] Trying to resolve 'Microsoft.Web.Publishing.Tasks' to 'C:\Program Files\dotnet\shared\Microsoft.AspNetCore.App\3.1.9\Microsoft.Web.Publishing.Tasks.exe'
2020-12-21T11:35:25.9644363+00:00:[AssemblyCache] Could not resolve 'Microsoft.Web.Publishing.Tasks' in folder 'C:\Program Files\dotnet\shared\Microsoft.AspNetCore.App\3.1.9'
2020-12-21T11:35:25.9645413+00:00:[AssemblyCache] Trying to resolve 'Microsoft.Web.Publishing.Tasks' in folder 'C:\Program Files\dotnet\shared\Microsoft.NETCore.App\3.1.9'
2020-12-21T11:35:25.9645458+00:00:[AssemblyCache] Trying to resolve 'Microsoft.Web.Publishing.Tasks' to 'C:\Program Files\dotnet\shared\Microsoft.NETCore.App\3.1.9\Microsoft.Web.Publishing.Tasks.dll'
2020-12-21T11:35:25.9645734+00:00:[AssemblyCache] Trying to resolve 'Microsoft.Web.Publishing.Tasks' to 'C:\Program Files\dotnet\shared\Microsoft.NETCore.App\3.1.9\Microsoft.Web.Publishing.Tasks.exe'
2020-12-21T11:35:25.9646128+00:00:[AssemblyCache] Could not resolve 'Microsoft.Web.Publishing.Tasks' in folder 'C:\Program Files\dotnet\shared\Microsoft.NETCore.App\3.1.9'
2020-12-21T11:35:25.9647345+00:00:[AssemblyCache] Trying to resolve 'Microsoft.Web.Publishing.Tasks' in folder 'C:\Program Files\dotnet\shared\Microsoft.WindowsDesktop.App\3.1.9'
2020-12-21T11:35:25.9647396+00:00:[AssemblyCache] Trying to resolve 'Microsoft.Web.Publishing.Tasks' to 'C:\Program Files\dotnet\shared\Microsoft.WindowsDesktop.App\3.1.9\Microsoft.Web.Publishing.Tasks.dll'
2020-12-21T11:35:25.9647744+00:00:[AssemblyCache] Trying to resolve 'Microsoft.Web.Publishing.Tasks' to 'C:\Program Files\dotnet\shared\Microsoft.WindowsDesktop.App\3.1.9\Microsoft.Web.Publishing.Tasks.exe'
2020-12-21T11:35:25.9647967+00:00:[AssemblyCache] Could not resolve 'Microsoft.Web.Publishing.Tasks' in folder 'C:\Program Files\dotnet\shared\Microsoft.WindowsDesktop.App\3.1.9'
2020-12-21T11:35:25.9958070+00:00:Thread#4:Scheduler: get next test for thread 4
2020-12-21T11:35:25.9958191+00:00:Thread#4:Scheduler: considering testitem #8 for thread 4
2020-12-21T11:35:25.9961705+00:00:Thread#4:TestItem#8:testItemMatchesCurrentTestThread:UnSpecific
2020-12-21T11:35:25.9961802+00:00:Thread#4:TestItem#8:runsOnOneOtherThreadSpecific:False
2020-12-21T11:35:25.9961821+00:00:Thread#4:TestItem#8:runsOnOneOtherThreadUnspecific:True
2020-12-21T11:35:25.9961852+00:00:Thread#4:Scheduler: using testitem #8 for thread 4
2020-12-21T11:35:25.9962039+00:00:Thread#4:Scheduler: Test #8 is scheduled for thread
2020-12-21T11:35:25.9962209+00:00:Thread#4:Scheduler: with testItemExecutionIndex 0
2020-12-21T11:35:25.9962686+00:00:Thread #4: creating new test thread executor for TestApplication.UiTests, Version=1.0.0.0, Culture=neutral, PublicKeyToken=null (target: Browser_Chrome)
2020-12-21T11:35:27.0515074+00:00:Assembly resolving Microsoft.Web.Publishing.Tasks, Version=10.0.0.0, Culture=neutral, PublicKeyToken=b03f5f7f11d50a3a
2020-12-21T11:35:27.0515456+00:00:Assembly resolving Microsoft.Web.Publishing.Tasks, Version=10.0.0.0, Culture=neutral, PublicKeyToken=b03f5f7f11d50a3a
2020-12-21T11:35:27.0515520+00:00:Assembly resolving Microsoft.Web.Publishing.Tasks, Version=10.0.0.0, Culture=neutral, PublicKeyToken=b03f5f7f11d50a3a
2020-12-21T11:35:27.1442388+00:00:test thread #3 error: System.IO.FileNotFoundException: Could not load file or assembly 'Microsoft.Web.Publishing.Tasks, Version=10.0.0.0, Culture=neutral, PublicKeyToken=b03f5f7f11d50a3a'. The system cannot find the file specified.
File name: 'Microsoft.Web.Publishing.Tasks, Version=10.0.0.0, Culture=neutral, PublicKeyToken=b03f5f7f11d50a3a'
   at TechTalk.SpecRun.Framework.DeploymentSteps.ConfigFileTransformationStep.Apply(DeploymentContext deploymentContext)
   at TechTalk.SpecRun.Framework.DeploymentSteps.DeploymentContext.Apply(DeploymentTransformationSteps steps, ITestRunTracerBroker tracerBroker)
   at TechTalk.SpecRun.Framework.TestThread.GetDeploymentContext(IAssemblyReference testAssembly, String testTarget)
   at TechTalk.SpecRun.Framework.TestThread.InitializeTestThreadExecutor(IAssemblyReference testAssembly, ExecutionModelSettings executionModelSettings, String testTarget)
   at TechTalk.SpecRun.Framework.TestThread.GetThreadExecutor(IAssemblyReference testAssembly, ExecutionModelSettings executionModelSettings, String testTarget)
   at TechTalk.SpecRun.Framework.TestThread.GetThreadExecutorForTestItem(TestItem testItem)
   at TechTalk.SpecRun.Framework.TestThread.RunNonEmptyTestSuite(CancellationToken cancellationToken, TestThreadState testThreadState)
   at TechTalk.SpecRun.Framework.TestThread.Run(ITestExecutionManager executionManagerForRun, CancellationToken cancellationToken)
   at TechTalk.SpecRun.Framework.AsyncTestThreadRunner.RunSync(TestExecutionManager executionManager, CancellationToken cancellationToken)


2020-12-21T11:35:27.1454162+00:00:test thread #4 error: System.IO.FileNotFoundException: Could not load file or assembly 'Microsoft.Web.Publishing.Tasks, Version=10.0.0.0, Culture=neutral, PublicKeyToken=b03f5f7f11d50a3a'. The system cannot find the file specified.
File name: 'Microsoft.Web.Publishing.Tasks, Version=10.0.0.0, Culture=neutral, PublicKeyToken=b03f5f7f11d50a3a'
   at TechTalk.SpecRun.Framework.DeploymentSteps.ConfigFileTransformationStep.Apply(DeploymentContext deploymentContext)
   at TechTalk.SpecRun.Framework.DeploymentSteps.DeploymentContext.Apply(DeploymentTransformationSteps steps, ITestRunTracerBroker tracerBroker)
   at TechTalk.SpecRun.Framework.TestThread.GetDeploymentContext(IAssemblyReference testAssembly, String testTarget)
   at TechTalk.SpecRun.Framework.TestThread.InitializeTestThreadExecutor(IAssemblyReference testAssembly, ExecutionModelSettings executionModelSettings, String testTarget)
   at TechTalk.SpecRun.Framework.TestThread.GetThreadExecutor(IAssemblyReference testAssembly, ExecutionModelSettings executionModelSettings, String testTarget)
   at TechTalk.SpecRun.Framework.TestThread.GetThreadExecutorForTestItem(TestItem testItem)
   at TechTalk.SpecRun.Framework.TestThread.RunNonEmptyTestSuite(CancellationToken cancellationToken, TestThreadState testThreadState)
   at TechTalk.SpecRun.Framework.TestThread.Run(ITestExecutionManager executionManagerForRun, CancellationToken cancellationToken)
   at TechTalk.SpecRun.Framework.AsyncTestThreadRunner.RunSync(TestExecutionManager executionManager, CancellationToken cancellationToken)


2020-12-21T11:35:27.1470537+00:00:test thread error: TechTalk.SpecRun.Framework.SpecRunException: At least one test thread aborted.
 ---> System.IO.FileNotFoundException: Could not load file or assembly 'Microsoft.Web.Publishing.Tasks, Version=10.0.0.0, Culture=neutral, PublicKeyToken=b03f5f7f11d50a3a'. The system cannot find the file specified.
File name: 'Microsoft.Web.Publishing.Tasks, Version=10.0.0.0, Culture=neutral, PublicKeyToken=b03f5f7f11d50a3a'
   at TechTalk.SpecRun.Framework.DeploymentSteps.ConfigFileTransformationStep.Apply(DeploymentContext deploymentContext)
   at TechTalk.SpecRun.Framework.DeploymentSteps.DeploymentContext.Apply(DeploymentTransformationSteps steps, ITestRunTracerBroker tracerBroker)
   at TechTalk.SpecRun.Framework.TestThread.GetDeploymentContext(IAssemblyReference testAssembly, String testTarget)
   at TechTalk.SpecRun.Framework.TestThread.InitializeTestThreadExecutor(IAssemblyReference testAssembly, ExecutionModelSettings executionModelSettings, String testTarget)
   at TechTalk.SpecRun.Framework.TestThread.GetThreadExecutor(IAssemblyReference testAssembly, ExecutionModelSettings executionModelSettings, String testTarget)
   at TechTalk.SpecRun.Framework.TestThread.GetThreadExecutorForTestItem(TestItem testItem)
   at TechTalk.SpecRun.Framework.TestThread.RunNonEmptyTestSuite(CancellationToken cancellationToken, TestThreadState testThreadState)
   at TechTalk.SpecRun.Framework.TestThread.Run(ITestExecutionManager executionManagerForRun, CancellationToken cancellationToken)
   at TechTalk.SpecRun.Framework.AsyncTestThreadRunner.RunSync(TestExecutionManager executionManager, CancellationToken cancellationToken)


   --- End of inner exception stack trace ---
2020-12-21T11:35:27.1472667+00:00:Trying to cancel thread
2020-12-21T11:35:27.1475463+00:00:Thread cancelled
2020-12-21T11:35:27.1475542+00:00:Trying to cancel thread
2020-12-21T11:35:27.1475570+00:00:Thread cancelled
2020-12-21T11:35:27.1475581+00:00:Trying to cancel thread
2020-12-21T11:35:27.1475591+00:00:Thread cancelled
2020-12-21T11:35:27.1475601+00:00:Trying to cancel thread
2020-12-21T11:35:27.1475612+00:00:Thread cancelled
2020-12-21T11:35:27.1475621+00:00:Trying to cancel thread
2020-12-21T11:35:27.1475632+00:00:Thread cancelled
2020-12-21T11:35:27.1592446+00:00:Thread#-1: Test #4/0 is started on thread #-1
2020-12-21T11:35:27.1615837+00:00:Thread#-1: Test #4/0 is finished on thread #-1 as Skipped within 0.0009662 seconds
2020-12-21T11:35:27.2289142+00:00:Thread#-1: Test #8/0 is started on thread #-1
2020-12-21T11:35:27.2298301+00:00:Thread#-1: Test #8/0 is finished on thread #-1 as Skipped within 3.87E-05 seconds
2020-12-21T11:35:27.2432509+00:00:Thread#-1:Scheduler: get next test for thread -1
2020-12-21T11:35:27.2432627+00:00:Thread#-1:Scheduler: considering testitem #12 for thread -1
2020-12-21T11:35:27.2432655+00:00:Thread#-1:Scheduler: using testitem #12 for thread -1
2020-12-21T11:35:27.2432683+00:00:Thread#-1:Scheduler: Test #12 is scheduled for thread
2020-12-21T11:35:27.2432983+00:00:Thread#-1: Test #12/0 is started on thread #-1
2020-12-21T11:35:27.2433187+00:00:Thread#-1: Test #12/0 is finished on thread #-1 as Skipped within 3.4E-06 seconds
2020-12-21T11:35:27.2433993+00:00:Thread#-1:Scheduler: get next test for thread -1
2020-12-21T11:35:27.2434033+00:00:Thread#:Scheduler: at the end of normal test queue
2020-12-21T11:35:27.2434054+00:00:Thread#-1:Scheduler: enumerator for thread is at end
2020-12-21T11:35:27.2536683+00:00;Thread#11;Info;test run finished
2020-12-21T11:35:27.2539845+00:00;Thread#11;Info;publishing test results
2020-12-21T11:35:27.2542550+00:00;Thread#11;Info;Not publishing results.
2020-12-21T11:35:27.2543460+00:00;Thread#11;Info;test results published
2020-12-21T11:35:27.2544170+00:00;Thread#11;Info;generating reports
2020-12-21T11:35:27.5346116+00:00;Thread#11;Info;Starting external report generation process
2020-12-21T11:35:28.8195506+00:00;Thread#11;Error;Could not generate test run result reports. An error occurred in the generator.
2020-12-21T11:35:28.8234848+00:00;Thread#11;Error;External program returned exit code '-2'
2020-12-21T11:35:28.8237537+00:00;Thread#11;Info;Failed generating reports
2020-12-21T11:35:28.8321777+00:00:Total: 3
2020-12-21T11:35:28.8345949+00:00:Succeeded: 0
2020-12-21T11:35:28.8349411+00:00:Ignored: 0
2020-12-21T11:35:28.8352761+00:00:Pending: 0
2020-12-21T11:35:28.8352837+00:00:Skipped: 3
2020-12-21T11:35:28.8356116+00:00:Failed: 0
2020-12-21T11:35:28.8368603+00:00;VSTestExecutionThread;Info;Adding attachments to VSTest
========== End of log file ==========
