2020-12-21T12:06:51.7196830+00:00;VSTestExecutionThread;Info;SpecFlow+Runner execution started
2020-12-21T12:06:51.7198720+00:00;VSTestExecutionThread;Info;SpecFlow+Runner 3.5.8 in Framework netcore31 in x64 mode execution started
2020-12-21T12:06:51.7198758+00:00;VSTestExecutionThread;Info;TestAdapter Location: C:\Users\dhruvil\source\repos\TestApplication.UiTests\bin\Debug\netcoreapp3.1\TechTalk.SpecRun.VisualStudio.TestAdapter.dll
2020-12-21T12:06:51.7216896+00:00;VSTestExecutionThread;Info;Current UserName: 'dhruvil', MachineName: 'EC2AMAZ-0CD87OS'
2020-12-21T12:06:51.8455797+00:00;VSTestExecutionThread;Info;SpecRun: running tests in C:\Users\dhruvil\source\repos\TestApplication.UiTests\bin\Debug\netcoreapp3.1\TestApplication.UiTests.dll
2020-12-21T12:06:51.8458345+00:00;VSTestExecutionThread;Info;Output folder configured to "C:\Users\dhruvil\source\repos\TestApplication.UiTests\TestResults" (default)
2020-12-21T12:06:51.8466161+00:00;VSTestExecutionThread;Info;Profile: TestApplication.UiTests
2020-12-21T12:06:51.8927347+00:00;VSTestExecutionThread;Info;Log file path: C:\Users\dhruvil\source\repos\TestApplication.UiTests\TestResults\TestApplication.UiTests_TestApplication.UiTests_2020-12-21T120651.log
2020-12-21T12:06:51.8975606+00:00;Thread#11;Info;Checking activation
2020-12-21T12:06:51.9912152+00:00;Thread#11;Info;Activated.
2020-12-21T12:06:51.9914930+00:00;Thread#11;Info;Activation check completed
2020-12-21T12:06:51.9917370+00:00;Thread#11;Info;Starting test run
2020-12-21T12:06:52.0761134+00:00;Thread#11;Info;Discovering target: Safari
2020-12-21T12:06:52.0766796+00:00;Thread#11;Info;Discovering tests from assembly: C:\Users\dhruvil\source\repos\TestApplication.UiTests\bin\Debug\netcoreapp3.1\TestApplication.UiTests.dll
2020-12-21T12:06:52.4164575+00:00;Thread#11;Info;Discovered tests from assembly: C:\Users\dhruvil\source\repos\TestApplication.UiTests\bin\Debug\netcoreapp3.1\TestApplication.UiTests.dll
2020-12-21T12:06:52.4169016+00:00;Thread#11;Info;Discovering target: Chrome
2020-12-21T12:06:52.4172259+00:00;Thread#11;Info;Discovering tests from assembly: C:\Users\dhruvil\source\repos\TestApplication.UiTests\bin\Debug\netcoreapp3.1\TestApplication.UiTests.dll
2020-12-21T12:06:52.4240361+00:00;Thread#11;Info;Discovered tests from assembly: C:\Users\dhruvil\source\repos\TestApplication.UiTests\bin\Debug\netcoreapp3.1\TestApplication.UiTests.dll
2020-12-21T12:06:52.4244265+00:00;Thread#11;Info;Discovering target: Firefox
2020-12-21T12:06:52.4246675+00:00;Thread#11;Info;Discovering tests from assembly: C:\Users\dhruvil\source\repos\TestApplication.UiTests\bin\Debug\netcoreapp3.1\TestApplication.UiTests.dll
2020-12-21T12:06:52.4707727+00:00;Thread#11;Info;Discovered tests from assembly: C:\Users\dhruvil\source\repos\TestApplication.UiTests\bin\Debug\netcoreapp3.1\TestApplication.UiTests.dll
2020-12-21T12:06:52.4726572+00:00:Test Suite Dump
2020-12-21T12:06:52.4750751+00:00:#0: TestApplication.UiTests/TestApplication.UiTests - 
2020-12-21T12:06:52.4750937+00:00:#1: Safari - 
2020-12-21T12:06:52.4750970+00:00:#5: Chrome - 
2020-12-21T12:06:52.4750992+00:00:#9: Firefox - 
2020-12-21T12:06:52.4751012+00:00:#2: TestApplication.UiTests - 
2020-12-21T12:06:52.4751037+00:00:#6: TestApplication.UiTests - 
2020-12-21T12:06:52.4751060+00:00:#10: TestApplication.UiTests - 
2020-12-21T12:06:52.4751099+00:00:#3: GoogleSearch - 
2020-12-21T12:06:52.4751123+00:00:#7: GoogleSearch - 
2020-12-21T12:06:52.4751144+00:00:#11: GoogleSearch - 
2020-12-21T12:06:52.4794541+00:00:#4: Goto Google - Target:Safari/TestAssembly:TestApplication.UiTests/Feature:GoogleSearch/Scenario:Goto+Google
2020-12-21T12:06:52.4794946+00:00:#8: Goto Google - Target:Chrome/TestAssembly:TestApplication.UiTests/Feature:GoogleSearch/Scenario:Goto+Google
2020-12-21T12:06:52.4795063+00:00:#12: Goto Google - Target:Firefox/TestAssembly:TestApplication.UiTests/Feature:GoogleSearch/Scenario:Goto+Google
2020-12-21T12:06:52.4795774+00:00:End: Test Suite Dump
2020-12-21T12:06:52.5462247+00:00:Thread#0:Scheduler: get next test for thread 0
2020-12-21T12:06:52.5995710+00:00:Thread#:Scheduler: testitem #4 from normal test queue 
2020-12-21T12:06:52.5996720+00:00:Thread#0:Scheduler: considering testitem #4 for thread 0
2020-12-21T12:06:52.6144291+00:00:Thread#0:TestItem#4:testItemMatchesCurrentTestThread:Specific
2020-12-21T12:06:52.6144434+00:00:Thread#0:TestItem#4:runsOnOneOtherThreadSpecific:False
2020-12-21T12:06:52.6144461+00:00:Thread#0:TestItem#4:runsOnOneOtherThreadUnspecific:True
2020-12-21T12:06:52.6144506+00:00:Thread#0:Scheduler: using testitem #4 for thread 0
2020-12-21T12:06:52.6154611+00:00:Thread#0:Scheduler: Test #4 is scheduled for thread
2020-12-21T12:06:52.6174231+00:00:Thread#0:Scheduler: with testItemExecutionIndex 0
2020-12-21T12:06:52.6227829+00:00:Thread #0: creating new test thread executor for TestApplication.UiTests, Version=1.0.0.0, Culture=neutral, PublicKeyToken=null (target: Safari)
2020-12-21T12:06:52.6287106+00:00:Assembly resolving Microsoft.Web.Publishing.Tasks, Version=10.0.0.0, Culture=neutral, PublicKeyToken=b03f5f7f11d50a3a
2020-12-21T12:06:52.6332905+00:00:[AssemblyCache] Trying to resolve 'Microsoft.Web.Publishing.Tasks' from .deps.json file
2020-12-21T12:06:52.6333060+00:00:[AssemblyCache] Could not resolve 'Microsoft.Web.Publishing.Tasks' from .deps.json
2020-12-21T12:06:52.6348227+00:00:[AssemblyCache] Trying to resolve 'Microsoft.Web.Publishing.Tasks' in folder 'C:\Users\dhruvil\source\repos\TestApplication.UiTests\bin\Debug\netcoreapp3.1'
2020-12-21T12:06:52.6353507+00:00:[AssemblyCache] Trying to resolve 'Microsoft.Web.Publishing.Tasks' to 'C:\Users\dhruvil\source\repos\TestApplication.UiTests\bin\Debug\netcoreapp3.1\Microsoft.Web.Publishing.Tasks.dll'
2020-12-21T12:06:52.6354374+00:00:[AssemblyCache] Trying to resolve 'Microsoft.Web.Publishing.Tasks' to 'C:\Users\dhruvil\source\repos\TestApplication.UiTests\bin\Debug\netcoreapp3.1\Microsoft.Web.Publishing.Tasks.exe'
2020-12-21T12:06:52.6354983+00:00:[AssemblyCache] Could not resolve 'Microsoft.Web.Publishing.Tasks' in folder 'C:\Users\dhruvil\source\repos\TestApplication.UiTests\bin\Debug\netcoreapp3.1'
2020-12-21T12:06:52.6358000+00:00:TargetFramework: .NETCoreApp,Version=v3.1
2020-12-21T12:06:52.6362427+00:00:Tfm: netcoreapp3.1
2020-12-21T12:06:52.6362524+00:00:[AssemblyCache] Trying to resolve 'Microsoft.Web.Publishing.Tasks' in folder 'C:\Users\dhruvil\source\repos\TestApplication.UiTests\bin\Debug\netcoreapp3.1\SpecFlowPlusRunner\netcoreapp3.1'
2020-12-21T12:06:52.6362547+00:00:[AssemblyCache] Trying to resolve 'Microsoft.Web.Publishing.Tasks' to 'C:\Users\dhruvil\source\repos\TestApplication.UiTests\bin\Debug\netcoreapp3.1\SpecFlowPlusRunner\netcoreapp3.1\Microsoft.Web.Publishing.Tasks.dll'
2020-12-21T12:06:52.6363253+00:00:[AssemblyCache] Trying to resolve 'Microsoft.Web.Publishing.Tasks' to 'C:\Users\dhruvil\source\repos\TestApplication.UiTests\bin\Debug\netcoreapp3.1\SpecFlowPlusRunner\netcoreapp3.1\Microsoft.Web.Publishing.Tasks.exe'
2020-12-21T12:06:52.6363597+00:00:[AssemblyCache] Could not resolve 'Microsoft.Web.Publishing.Tasks' in folder 'C:\Users\dhruvil\source\repos\TestApplication.UiTests\bin\Debug\netcoreapp3.1\SpecFlowPlusRunner\netcoreapp3.1'
2020-12-21T12:06:52.6466882+00:00:[AssemblyCache] Trying to resolve 'Microsoft.Web.Publishing.Tasks' in folder 'C:\Program Files\dotnet\shared\Microsoft.AspNetCore.App\3.1.9'
2020-12-21T12:06:52.6467025+00:00:[AssemblyCache] Trying to resolve 'Microsoft.Web.Publishing.Tasks' to 'C:\Program Files\dotnet\shared\Microsoft.AspNetCore.App\3.1.9\Microsoft.Web.Publishing.Tasks.dll'
2020-12-21T12:06:52.6467743+00:00:[AssemblyCache] Trying to resolve 'Microsoft.Web.Publishing.Tasks' to 'C:\Program Files\dotnet\shared\Microsoft.AspNetCore.App\3.1.9\Microsoft.Web.Publishing.Tasks.exe'
2020-12-21T12:06:52.6468049+00:00:[AssemblyCache] Could not resolve 'Microsoft.Web.Publishing.Tasks' in folder 'C:\Program Files\dotnet\shared\Microsoft.AspNetCore.App\3.1.9'
2020-12-21T12:06:52.6469231+00:00:[AssemblyCache] Trying to resolve 'Microsoft.Web.Publishing.Tasks' in folder 'C:\Program Files\dotnet\shared\Microsoft.NETCore.App\3.1.9'
2020-12-21T12:06:52.6469370+00:00:[AssemblyCache] Trying to resolve 'Microsoft.Web.Publishing.Tasks' to 'C:\Program Files\dotnet\shared\Microsoft.NETCore.App\3.1.9\Microsoft.Web.Publishing.Tasks.dll'
2020-12-21T12:06:52.6469707+00:00:[AssemblyCache] Trying to resolve 'Microsoft.Web.Publishing.Tasks' to 'C:\Program Files\dotnet\shared\Microsoft.NETCore.App\3.1.9\Microsoft.Web.Publishing.Tasks.exe'
2020-12-21T12:06:52.6469966+00:00:[AssemblyCache] Could not resolve 'Microsoft.Web.Publishing.Tasks' in folder 'C:\Program Files\dotnet\shared\Microsoft.NETCore.App\3.1.9'
2020-12-21T12:06:52.6471044+00:00:[AssemblyCache] Trying to resolve 'Microsoft.Web.Publishing.Tasks' in folder 'C:\Program Files\dotnet\shared\Microsoft.WindowsDesktop.App\3.1.9'
2020-12-21T12:06:52.6471076+00:00:[AssemblyCache] Trying to resolve 'Microsoft.Web.Publishing.Tasks' to 'C:\Program Files\dotnet\shared\Microsoft.WindowsDesktop.App\3.1.9\Microsoft.Web.Publishing.Tasks.dll'
2020-12-21T12:06:52.6471419+00:00:[AssemblyCache] Trying to resolve 'Microsoft.Web.Publishing.Tasks' to 'C:\Program Files\dotnet\shared\Microsoft.WindowsDesktop.App\3.1.9\Microsoft.Web.Publishing.Tasks.exe'
2020-12-21T12:06:52.6471653+00:00:[AssemblyCache] Could not resolve 'Microsoft.Web.Publishing.Tasks' in folder 'C:\Program Files\dotnet\shared\Microsoft.WindowsDesktop.App\3.1.9'
2020-12-21T12:06:52.6473818+00:00:Assembly resolving Microsoft.Web.Publishing.Tasks, Version=10.0.0.0, Culture=neutral, PublicKeyToken=b03f5f7f11d50a3a
2020-12-21T12:06:52.6473890+00:00:[AssemblyCache] Trying to resolve 'Microsoft.Web.Publishing.Tasks' from .deps.json file
2020-12-21T12:06:52.6473919+00:00:[AssemblyCache] Could not resolve 'Microsoft.Web.Publishing.Tasks' from .deps.json
2020-12-21T12:06:52.6473967+00:00:[AssemblyCache] Trying to resolve 'Microsoft.Web.Publishing.Tasks' in folder 'C:\Users\dhruvil\source\repos\TestApplication.UiTests\bin\Debug\netcoreapp3.1'
2020-12-21T12:06:52.6473986+00:00:[AssemblyCache] Trying to resolve 'Microsoft.Web.Publishing.Tasks' to 'C:\Users\dhruvil\source\repos\TestApplication.UiTests\bin\Debug\netcoreapp3.1\Microsoft.Web.Publishing.Tasks.dll'
2020-12-21T12:06:52.6474549+00:00:[AssemblyCache] Trying to resolve 'Microsoft.Web.Publishing.Tasks' to 'C:\Users\dhruvil\source\repos\TestApplication.UiTests\bin\Debug\netcoreapp3.1\Microsoft.Web.Publishing.Tasks.exe'
2020-12-21T12:06:52.6474796+00:00:[AssemblyCache] Could not resolve 'Microsoft.Web.Publishing.Tasks' in folder 'C:\Users\dhruvil\source\repos\TestApplication.UiTests\bin\Debug\netcoreapp3.1'
2020-12-21T12:06:52.6474824+00:00:TargetFramework: .NETCoreApp,Version=v3.1
2020-12-21T12:06:52.6474955+00:00:Tfm: netcoreapp3.1
2020-12-21T12:06:52.6475004+00:00:[AssemblyCache] Trying to resolve 'Microsoft.Web.Publishing.Tasks' in folder 'C:\Users\dhruvil\source\repos\TestApplication.UiTests\bin\Debug\netcoreapp3.1\SpecFlowPlusRunner\netcoreapp3.1'
2020-12-21T12:06:52.6475021+00:00:[AssemblyCache] Trying to resolve 'Microsoft.Web.Publishing.Tasks' to 'C:\Users\dhruvil\source\repos\TestApplication.UiTests\bin\Debug\netcoreapp3.1\SpecFlowPlusRunner\netcoreapp3.1\Microsoft.Web.Publishing.Tasks.dll'
2020-12-21T12:06:52.6475340+00:00:[AssemblyCache] Trying to resolve 'Microsoft.Web.Publishing.Tasks' to 'C:\Users\dhruvil\source\repos\TestApplication.UiTests\bin\Debug\netcoreapp3.1\SpecFlowPlusRunner\netcoreapp3.1\Microsoft.Web.Publishing.Tasks.exe'
2020-12-21T12:06:52.6475613+00:00:[AssemblyCache] Could not resolve 'Microsoft.Web.Publishing.Tasks' in folder 'C:\Users\dhruvil\source\repos\TestApplication.UiTests\bin\Debug\netcoreapp3.1\SpecFlowPlusRunner\netcoreapp3.1'
2020-12-21T12:06:52.6479910+00:00:[AssemblyCache] Trying to resolve 'Microsoft.Web.Publishing.Tasks' in folder 'C:\Program Files\dotnet\shared\Microsoft.AspNetCore.App\3.1.9'
2020-12-21T12:06:52.6480170+00:00:[AssemblyCache] Trying to resolve 'Microsoft.Web.Publishing.Tasks' to 'C:\Program Files\dotnet\shared\Microsoft.AspNetCore.App\3.1.9\Microsoft.Web.Publishing.Tasks.dll'
2020-12-21T12:06:52.6480585+00:00:[AssemblyCache] Trying to resolve 'Microsoft.Web.Publishing.Tasks' to 'C:\Program Files\dotnet\shared\Microsoft.AspNetCore.App\3.1.9\Microsoft.Web.Publishing.Tasks.exe'
2020-12-21T12:06:52.6480816+00:00:[AssemblyCache] Could not resolve 'Microsoft.Web.Publishing.Tasks' in folder 'C:\Program Files\dotnet\shared\Microsoft.AspNetCore.App\3.1.9'
2020-12-21T12:06:52.6481703+00:00:[AssemblyCache] Trying to resolve 'Microsoft.Web.Publishing.Tasks' in folder 'C:\Program Files\dotnet\shared\Microsoft.NETCore.App\3.1.9'
2020-12-21T12:06:52.6481737+00:00:[AssemblyCache] Trying to resolve 'Microsoft.Web.Publishing.Tasks' to 'C:\Program Files\dotnet\shared\Microsoft.NETCore.App\3.1.9\Microsoft.Web.Publishing.Tasks.dll'
2020-12-21T12:06:52.6482019+00:00:[AssemblyCache] Trying to resolve 'Microsoft.Web.Publishing.Tasks' to 'C:\Program Files\dotnet\shared\Microsoft.NETCore.App\3.1.9\Microsoft.Web.Publishing.Tasks.exe'
2020-12-21T12:06:52.6482297+00:00:[AssemblyCache] Could not resolve 'Microsoft.Web.Publishing.Tasks' in folder 'C:\Program Files\dotnet\shared\Microsoft.NETCore.App\3.1.9'
2020-12-21T12:06:52.6483232+00:00:[AssemblyCache] Trying to resolve 'Microsoft.Web.Publishing.Tasks' in folder 'C:\Program Files\dotnet\shared\Microsoft.WindowsDesktop.App\3.1.9'
2020-12-21T12:06:52.6483325+00:00:[AssemblyCache] Trying to resolve 'Microsoft.Web.Publishing.Tasks' to 'C:\Program Files\dotnet\shared\Microsoft.WindowsDesktop.App\3.1.9\Microsoft.Web.Publishing.Tasks.dll'
2020-12-21T12:06:52.6483650+00:00:[AssemblyCache] Trying to resolve 'Microsoft.Web.Publishing.Tasks' to 'C:\Program Files\dotnet\shared\Microsoft.WindowsDesktop.App\3.1.9\Microsoft.Web.Publishing.Tasks.exe'
2020-12-21T12:06:52.6483839+00:00:[AssemblyCache] Could not resolve 'Microsoft.Web.Publishing.Tasks' in folder 'C:\Program Files\dotnet\shared\Microsoft.WindowsDesktop.App\3.1.9'
2020-12-21T12:06:52.6484347+00:00:Assembly resolving Microsoft.Web.Publishing.Tasks, Version=10.0.0.0, Culture=neutral, PublicKeyToken=b03f5f7f11d50a3a
2020-12-21T12:06:52.6484375+00:00:[AssemblyCache] Trying to resolve 'Microsoft.Web.Publishing.Tasks' from .deps.json file
2020-12-21T12:06:52.6484397+00:00:[AssemblyCache] Could not resolve 'Microsoft.Web.Publishing.Tasks' from .deps.json
2020-12-21T12:06:52.6484430+00:00:[AssemblyCache] Trying to resolve 'Microsoft.Web.Publishing.Tasks' in folder 'C:\Users\dhruvil\source\repos\TestApplication.UiTests\bin\Debug\netcoreapp3.1'
2020-12-21T12:06:52.6484445+00:00:[AssemblyCache] Trying to resolve 'Microsoft.Web.Publishing.Tasks' to 'C:\Users\dhruvil\source\repos\TestApplication.UiTests\bin\Debug\netcoreapp3.1\Microsoft.Web.Publishing.Tasks.dll'
2020-12-21T12:06:52.6484733+00:00:[AssemblyCache] Trying to resolve 'Microsoft.Web.Publishing.Tasks' to 'C:\Users\dhruvil\source\repos\TestApplication.UiTests\bin\Debug\netcoreapp3.1\Microsoft.Web.Publishing.Tasks.exe'
2020-12-21T12:06:52.6484942+00:00:[AssemblyCache] Could not resolve 'Microsoft.Web.Publishing.Tasks' in folder 'C:\Users\dhruvil\source\repos\TestApplication.UiTests\bin\Debug\netcoreapp3.1'
2020-12-21T12:06:52.6484967+00:00:TargetFramework: .NETCoreApp,Version=v3.1
2020-12-21T12:06:52.6485110+00:00:Tfm: netcoreapp3.1
2020-12-21T12:06:52.6485139+00:00:[AssemblyCache] Trying to resolve 'Microsoft.Web.Publishing.Tasks' in folder 'C:\Users\dhruvil\source\repos\TestApplication.UiTests\bin\Debug\netcoreapp3.1\SpecFlowPlusRunner\netcoreapp3.1'
2020-12-21T12:06:52.6485153+00:00:[AssemblyCache] Trying to resolve 'Microsoft.Web.Publishing.Tasks' to 'C:\Users\dhruvil\source\repos\TestApplication.UiTests\bin\Debug\netcoreapp3.1\SpecFlowPlusRunner\netcoreapp3.1\Microsoft.Web.Publishing.Tasks.dll'
2020-12-21T12:06:52.6485419+00:00:[AssemblyCache] Trying to resolve 'Microsoft.Web.Publishing.Tasks' to 'C:\Users\dhruvil\source\repos\TestApplication.UiTests\bin\Debug\netcoreapp3.1\SpecFlowPlusRunner\netcoreapp3.1\Microsoft.Web.Publishing.Tasks.exe'
2020-12-21T12:06:52.6485612+00:00:[AssemblyCache] Could not resolve 'Microsoft.Web.Publishing.Tasks' in folder 'C:\Users\dhruvil\source\repos\TestApplication.UiTests\bin\Debug\netcoreapp3.1\SpecFlowPlusRunner\netcoreapp3.1'
2020-12-21T12:06:52.6488797+00:00:[AssemblyCache] Trying to resolve 'Microsoft.Web.Publishing.Tasks' in folder 'C:\Program Files\dotnet\shared\Microsoft.AspNetCore.App\3.1.9'
2020-12-21T12:06:52.6488857+00:00:[AssemblyCache] Trying to resolve 'Microsoft.Web.Publishing.Tasks' to 'C:\Program Files\dotnet\shared\Microsoft.AspNetCore.App\3.1.9\Microsoft.Web.Publishing.Tasks.dll'
2020-12-21T12:06:52.6489180+00:00:[AssemblyCache] Trying to resolve 'Microsoft.Web.Publishing.Tasks' to 'C:\Program Files\dotnet\shared\Microsoft.AspNetCore.App\3.1.9\Microsoft.Web.Publishing.Tasks.exe'
2020-12-21T12:06:52.6489477+00:00:[AssemblyCache] Could not resolve 'Microsoft.Web.Publishing.Tasks' in folder 'C:\Program Files\dotnet\shared\Microsoft.AspNetCore.App\3.1.9'
2020-12-21T12:06:52.6490338+00:00:[AssemblyCache] Trying to resolve 'Microsoft.Web.Publishing.Tasks' in folder 'C:\Program Files\dotnet\shared\Microsoft.NETCore.App\3.1.9'
2020-12-21T12:06:52.6490372+00:00:[AssemblyCache] Trying to resolve 'Microsoft.Web.Publishing.Tasks' to 'C:\Program Files\dotnet\shared\Microsoft.NETCore.App\3.1.9\Microsoft.Web.Publishing.Tasks.dll'
2020-12-21T12:06:52.6490605+00:00:[AssemblyCache] Trying to resolve 'Microsoft.Web.Publishing.Tasks' to 'C:\Program Files\dotnet\shared\Microsoft.NETCore.App\3.1.9\Microsoft.Web.Publishing.Tasks.exe'
2020-12-21T12:06:52.6490796+00:00:[AssemblyCache] Could not resolve 'Microsoft.Web.Publishing.Tasks' in folder 'C:\Program Files\dotnet\shared\Microsoft.NETCore.App\3.1.9'
2020-12-21T12:06:52.6491752+00:00:[AssemblyCache] Trying to resolve 'Microsoft.Web.Publishing.Tasks' in folder 'C:\Program Files\dotnet\shared\Microsoft.WindowsDesktop.App\3.1.9'
2020-12-21T12:06:52.6491789+00:00:[AssemblyCache] Trying to resolve 'Microsoft.Web.Publishing.Tasks' to 'C:\Program Files\dotnet\shared\Microsoft.WindowsDesktop.App\3.1.9\Microsoft.Web.Publishing.Tasks.dll'
2020-12-21T12:06:52.6492106+00:00:[AssemblyCache] Trying to resolve 'Microsoft.Web.Publishing.Tasks' to 'C:\Program Files\dotnet\shared\Microsoft.WindowsDesktop.App\3.1.9\Microsoft.Web.Publishing.Tasks.exe'
2020-12-21T12:06:52.6492301+00:00:[AssemblyCache] Could not resolve 'Microsoft.Web.Publishing.Tasks' in folder 'C:\Program Files\dotnet\shared\Microsoft.WindowsDesktop.App\3.1.9'
2020-12-21T12:06:52.6997965+00:00:Thread#1:Scheduler: get next test for thread 1
2020-12-21T12:06:52.6998370+00:00:Thread#:Scheduler: testitem #8 from normal test queue 
2020-12-21T12:06:52.6998401+00:00:Thread#1:Scheduler: considering testitem #8 for thread 1
2020-12-21T12:06:52.7001570+00:00:Thread#1:TestItem#8:testItemMatchesCurrentTestThread:Specific
2020-12-21T12:06:52.7001636+00:00:Thread#1:TestItem#8:runsOnOneOtherThreadSpecific:False
2020-12-21T12:06:52.7001655+00:00:Thread#1:TestItem#8:runsOnOneOtherThreadUnspecific:True
2020-12-21T12:06:52.7001680+00:00:Thread#1:Scheduler: using testitem #8 for thread 1
2020-12-21T12:06:52.7001820+00:00:Thread#1:Scheduler: Test #8 is scheduled for thread
2020-12-21T12:06:52.7002148+00:00:Thread#1:Scheduler: with testItemExecutionIndex 0
2020-12-21T12:06:52.7002544+00:00:Thread #1: creating new test thread executor for TestApplication.UiTests, Version=1.0.0.0, Culture=neutral, PublicKeyToken=null (target: Chrome)
2020-12-21T12:06:52.7021161+00:00:Thread#2:Scheduler: get next test for thread 2
2020-12-21T12:06:52.7021280+00:00:Thread#:Scheduler: testitem #12 from normal test queue 
2020-12-21T12:06:52.7021306+00:00:Thread#2:Scheduler: considering testitem #12 for thread 2
2020-12-21T12:06:52.7022755+00:00:Thread#2:TestItem#12:testItemMatchesCurrentTestThread:Specific
2020-12-21T12:06:52.7022799+00:00:Thread#2:TestItem#12:runsOnOneOtherThreadSpecific:False
2020-12-21T12:06:52.7022817+00:00:Thread#2:TestItem#12:runsOnOneOtherThreadUnspecific:True
2020-12-21T12:06:52.7022842+00:00:Thread#2:Scheduler: using testitem #12 for thread 2
2020-12-21T12:06:52.7022964+00:00:Thread#2:Scheduler: Test #12 is scheduled for thread
2020-12-21T12:06:52.7023101+00:00:Thread#2:Scheduler: with testItemExecutionIndex 0
2020-12-21T12:06:52.7023194+00:00:Thread #2: creating new test thread executor for TestApplication.UiTests, Version=1.0.0.0, Culture=neutral, PublicKeyToken=null (target: Firefox)
2020-12-21T12:06:52.7198318+00:00:Thread#3:Scheduler: get next test for thread 3
2020-12-21T12:06:52.7198516+00:00:Thread#:Scheduler: at the end of normal test queue
2020-12-21T12:06:52.7198550+00:00:Thread#3:Scheduler: enumerator for thread is at end
2020-12-21T12:06:52.7198581+00:00:Thread#3:Scheduler: No more tests for thread
2020-12-21T12:06:52.7847872+00:00:Thread#4:Scheduler: get next test for thread 4
2020-12-21T12:06:52.7848004+00:00:Thread#:Scheduler: at the end of normal test queue
2020-12-21T12:06:52.7848034+00:00:Thread#4:Scheduler: enumerator for thread is at end
2020-12-21T12:06:52.7848058+00:00:Thread#4:Scheduler: No more tests for thread
2020-12-21T12:06:53.3121309+00:00:Assembly resolving Microsoft.Web.Publishing.Tasks, Version=10.0.0.0, Culture=neutral, PublicKeyToken=b03f5f7f11d50a3a
2020-12-21T12:06:53.3121612+00:00:Assembly resolving Microsoft.Web.Publishing.Tasks, Version=10.0.0.0, Culture=neutral, PublicKeyToken=b03f5f7f11d50a3a
2020-12-21T12:06:53.3121668+00:00:Assembly resolving Microsoft.Web.Publishing.Tasks, Version=10.0.0.0, Culture=neutral, PublicKeyToken=b03f5f7f11d50a3a
2020-12-21T12:06:53.3176265+00:00:Assembly resolving Microsoft.Web.Publishing.Tasks, Version=10.0.0.0, Culture=neutral, PublicKeyToken=b03f5f7f11d50a3a
2020-12-21T12:06:53.3176615+00:00:Assembly resolving Microsoft.Web.Publishing.Tasks, Version=10.0.0.0, Culture=neutral, PublicKeyToken=b03f5f7f11d50a3a
2020-12-21T12:06:53.3176666+00:00:Assembly resolving Microsoft.Web.Publishing.Tasks, Version=10.0.0.0, Culture=neutral, PublicKeyToken=b03f5f7f11d50a3a
2020-12-21T12:06:53.3868661+00:00:test thread #2 error: System.IO.FileNotFoundException: Could not load file or assembly 'Microsoft.Web.Publishing.Tasks, Version=10.0.0.0, Culture=neutral, PublicKeyToken=b03f5f7f11d50a3a'. The system cannot find the file specified.
File name: 'Microsoft.Web.Publishing.Tasks, Version=10.0.0.0, Culture=neutral, PublicKeyToken=b03f5f7f11d50a3a'
   at TechTalk.SpecRun.Framework.DeploymentSteps.ConfigFileTransformationStep.Apply(DeploymentContext deploymentContext)
   at TechTalk.SpecRun.Framework.DeploymentSteps.DeploymentContext.Apply(DeploymentTransformationSteps steps, ITestRunTracerBroker tracerBroker)
   at TechTalk.SpecRun.Framework.TestThread.GetDeploymentContext(IAssemblyReference testAssembly, String testTarget)
   at TechTalk.SpecRun.Framework.TestThread.InitializeTestThreadExecutor(IAssemblyReference testAssembly, ExecutionModelSettings executionModelSettings, String testTarget)
   at TechTalk.SpecRun.Framework.TestThread.GetThreadExecutor(IAssemblyReference testAssembly, ExecutionModelSettings executionModelSettings, String testTarget)
   at TechTalk.SpecRun.Framework.TestThread.GetThreadExecutorForTestItem(TestItem testItem)
   at TechTalk.SpecRun.Framework.TestThread.RunNonEmptyTestSuite(CancellationToken cancellationToken, TestThreadState testThreadState)
   at TechTalk.SpecRun.Framework.TestThread.Run(ITestExecutionManager executionManagerForRun, CancellationToken cancellationToken)
   at TechTalk.SpecRun.Framework.AsyncTestThreadRunner.RunSync(TestExecutionManager executionManager, CancellationToken cancellationToken)


2020-12-21T12:06:53.3868661+00:00:test thread #0 error: System.IO.FileNotFoundException: Could not load file or assembly 'Microsoft.Web.Publishing.Tasks, Version=10.0.0.0, Culture=neutral, PublicKeyToken=b03f5f7f11d50a3a'. The system cannot find the file specified.
File name: 'Microsoft.Web.Publishing.Tasks, Version=10.0.0.0, Culture=neutral, PublicKeyToken=b03f5f7f11d50a3a'
   at TechTalk.SpecRun.Framework.DeploymentSteps.ConfigFileTransformationStep.Apply(DeploymentContext deploymentContext)
   at TechTalk.SpecRun.Framework.DeploymentSteps.DeploymentContext.Apply(DeploymentTransformationSteps steps, ITestRunTracerBroker tracerBroker)
   at TechTalk.SpecRun.Framework.TestThread.GetDeploymentContext(IAssemblyReference testAssembly, String testTarget)
   at TechTalk.SpecRun.Framework.TestThread.InitializeTestThreadExecutor(IAssemblyReference testAssembly, ExecutionModelSettings executionModelSettings, String testTarget)
   at TechTalk.SpecRun.Framework.TestThread.GetThreadExecutor(IAssemblyReference testAssembly, ExecutionModelSettings executionModelSettings, String testTarget)
   at TechTalk.SpecRun.Framework.TestThread.GetThreadExecutorForTestItem(TestItem testItem)
   at TechTalk.SpecRun.Framework.TestThread.RunNonEmptyTestSuite(CancellationToken cancellationToken, TestThreadState testThreadState)
   at TechTalk.SpecRun.Framework.TestThread.Run(ITestExecutionManager executionManagerForRun, CancellationToken cancellationToken)
   at TechTalk.SpecRun.Framework.AsyncTestThreadRunner.RunSync(TestExecutionManager executionManager, CancellationToken cancellationToken)


2020-12-21T12:06:53.3871859+00:00:test thread #1 error: System.IO.FileNotFoundException: Could not load file or assembly 'Microsoft.Web.Publishing.Tasks, Version=10.0.0.0, Culture=neutral, PublicKeyToken=b03f5f7f11d50a3a'. The system cannot find the file specified.
File name: 'Microsoft.Web.Publishing.Tasks, Version=10.0.0.0, Culture=neutral, PublicKeyToken=b03f5f7f11d50a3a'
   at TechTalk.SpecRun.Framework.DeploymentSteps.ConfigFileTransformationStep.Apply(DeploymentContext deploymentContext)
   at TechTalk.SpecRun.Framework.DeploymentSteps.DeploymentContext.Apply(DeploymentTransformationSteps steps, ITestRunTracerBroker tracerBroker)
   at TechTalk.SpecRun.Framework.TestThread.GetDeploymentContext(IAssemblyReference testAssembly, String testTarget)
   at TechTalk.SpecRun.Framework.TestThread.InitializeTestThreadExecutor(IAssemblyReference testAssembly, ExecutionModelSettings executionModelSettings, String testTarget)
   at TechTalk.SpecRun.Framework.TestThread.GetThreadExecutor(IAssemblyReference testAssembly, ExecutionModelSettings executionModelSettings, String testTarget)
   at TechTalk.SpecRun.Framework.TestThread.GetThreadExecutorForTestItem(TestItem testItem)
   at TechTalk.SpecRun.Framework.TestThread.RunNonEmptyTestSuite(CancellationToken cancellationToken, TestThreadState testThreadState)
   at TechTalk.SpecRun.Framework.TestThread.Run(ITestExecutionManager executionManagerForRun, CancellationToken cancellationToken)
   at TechTalk.SpecRun.Framework.AsyncTestThreadRunner.RunSync(TestExecutionManager executionManager, CancellationToken cancellationToken)


2020-12-21T12:06:53.3901506+00:00:test thread error: TechTalk.SpecRun.Framework.SpecRunException: At least one test thread aborted.
 ---> System.IO.FileNotFoundException: Could not load file or assembly 'Microsoft.Web.Publishing.Tasks, Version=10.0.0.0, Culture=neutral, PublicKeyToken=b03f5f7f11d50a3a'. The system cannot find the file specified.
File name: 'Microsoft.Web.Publishing.Tasks, Version=10.0.0.0, Culture=neutral, PublicKeyToken=b03f5f7f11d50a3a'
   at TechTalk.SpecRun.Framework.DeploymentSteps.ConfigFileTransformationStep.Apply(DeploymentContext deploymentContext)
   at TechTalk.SpecRun.Framework.DeploymentSteps.DeploymentContext.Apply(DeploymentTransformationSteps steps, ITestRunTracerBroker tracerBroker)
   at TechTalk.SpecRun.Framework.TestThread.GetDeploymentContext(IAssemblyReference testAssembly, String testTarget)
   at TechTalk.SpecRun.Framework.TestThread.InitializeTestThreadExecutor(IAssemblyReference testAssembly, ExecutionModelSettings executionModelSettings, String testTarget)
   at TechTalk.SpecRun.Framework.TestThread.GetThreadExecutor(IAssemblyReference testAssembly, ExecutionModelSettings executionModelSettings, String testTarget)
   at TechTalk.SpecRun.Framework.TestThread.GetThreadExecutorForTestItem(TestItem testItem)
   at TechTalk.SpecRun.Framework.TestThread.RunNonEmptyTestSuite(CancellationToken cancellationToken, TestThreadState testThreadState)
   at TechTalk.SpecRun.Framework.TestThread.Run(ITestExecutionManager executionManagerForRun, CancellationToken cancellationToken)
   at TechTalk.SpecRun.Framework.AsyncTestThreadRunner.RunSync(TestExecutionManager executionManager, CancellationToken cancellationToken)


   --- End of inner exception stack trace ---
2020-12-21T12:06:53.3903808+00:00:Trying to cancel thread
2020-12-21T12:06:53.3906627+00:00:Thread cancelled
2020-12-21T12:06:53.3906696+00:00:Trying to cancel thread
2020-12-21T12:06:53.3906719+00:00:Thread cancelled
2020-12-21T12:06:53.3906728+00:00:Trying to cancel thread
2020-12-21T12:06:53.3906741+00:00:Thread cancelled
2020-12-21T12:06:53.3906749+00:00:Trying to cancel thread
2020-12-21T12:06:53.3906760+00:00:Thread cancelled
2020-12-21T12:06:53.3906770+00:00:Trying to cancel thread
2020-12-21T12:06:53.3906781+00:00:Thread cancelled
2020-12-21T12:06:53.3992539+00:00:Thread#-1: Test #4/0 is started on thread #-1
2020-12-21T12:06:53.4011797+00:00:Thread#-1: Test #4/0 is finished on thread #-1 as Skipped within 0.0007476 seconds
2020-12-21T12:06:53.4036378+00:00:Thread#-1: Test #8/0 is started on thread #-1
2020-12-21T12:06:53.4043639+00:00:Thread#-1: Test #8/0 is finished on thread #-1 as Skipped within 8.7E-06 seconds
2020-12-21T12:06:53.4044446+00:00:Thread#-1: Test #12/0 is started on thread #-1
2020-12-21T12:06:53.4044606+00:00:Thread#-1: Test #12/0 is finished on thread #-1 as Skipped within 2.8E-06 seconds
2020-12-21T12:06:53.4047681+00:00:Thread#-1:Scheduler: get next test for thread -1
2020-12-21T12:06:53.4047774+00:00:Thread#:Scheduler: at the end of normal test queue
2020-12-21T12:06:53.4047799+00:00:Thread#-1:Scheduler: enumerator for thread is at end
2020-12-21T12:06:53.4554352+00:00;Thread#11;Info;test run finished
2020-12-21T12:06:53.4555339+00:00;Thread#11;Info;publishing test results
2020-12-21T12:06:53.4557563+00:00;Thread#11;Info;Not publishing results.
2020-12-21T12:06:53.4558769+00:00;Thread#11;Info;test results published
2020-12-21T12:06:53.4560355+00:00;Thread#11;Info;generating reports
2020-12-21T12:06:53.5864054+00:00;Thread#11;Info;Starting external report generation process
2020-12-21T12:06:54.6435938+00:00;Thread#11;Error;Could not generate test run result reports. An error occurred in the generator.
2020-12-21T12:06:54.6443022+00:00;Thread#11;Error;External program returned exit code '-2'
2020-12-21T12:06:54.6446723+00:00;Thread#11;Info;Failed generating reports
2020-12-21T12:06:54.6617079+00:00:Total: 3
2020-12-21T12:06:54.6643978+00:00:Succeeded: 0
2020-12-21T12:06:54.6648233+00:00:Ignored: 0
2020-12-21T12:06:54.6652002+00:00:Pending: 0
2020-12-21T12:06:54.6652076+00:00:Skipped: 3
2020-12-21T12:06:54.6655819+00:00:Failed: 0
2020-12-21T12:06:54.6673900+00:00;VSTestExecutionThread;Info;Adding attachments to VSTest
========== End of log file ==========
