2020-12-21T11:51:16.6182758+00:00;VSTestExecutionThread;Info;SpecFlow+Runner execution started
2020-12-21T11:51:16.6184594+00:00;VSTestExecutionThread;Info;SpecFlow+Runner 3.5.8 in Framework netcore31 in x64 mode execution started
2020-12-21T11:51:16.6184632+00:00;VSTestExecutionThread;Info;TestAdapter Location: C:\Users\dhruvil\source\repos\TestApplication.UiTests\bin\Debug\netcoreapp3.1\TechTalk.SpecRun.VisualStudio.TestAdapter.dll
2020-12-21T11:51:16.6222483+00:00;VSTestExecutionThread;Info;Current UserName: 'dhruvil', MachineName: 'EC2AMAZ-0CD87OS'
2020-12-21T11:51:16.7436702+00:00;VSTestExecutionThread;Info;SpecRun: running tests in C:\Users\dhruvil\source\repos\TestApplication.UiTests\bin\Debug\netcoreapp3.1\TestApplication.UiTests.dll
2020-12-21T11:51:16.7445961+00:00;VSTestExecutionThread;Info;Output folder configured to "C:\Users\dhruvil\source\repos\TestApplication.UiTests\TestResults" (default)
2020-12-21T11:51:16.7466754+00:00;VSTestExecutionThread;Info;Profile: TestApplication.UiTests
2020-12-21T11:51:16.7927401+00:00;VSTestExecutionThread;Info;Log file path: C:\Users\dhruvil\source\repos\TestApplication.UiTests\TestResults\TestApplication.UiTests_TestApplication.UiTests_2020-12-21T115116.log
2020-12-21T11:51:16.7975539+00:00;Thread#11;Info;Checking activation
2020-12-21T11:51:16.8999669+00:00;Thread#11;Info;Activated.
2020-12-21T11:51:16.9006694+00:00;Thread#11;Info;Activation check completed
2020-12-21T11:51:16.9010029+00:00;Thread#11;Info;Starting test run
2020-12-21T11:51:17.0097197+00:00;Thread#11;Info;Discovering target: Browser_Safari
2020-12-21T11:51:17.0100496+00:00;Thread#11;Info;Discovering tests from assembly: C:\Users\dhruvil\source\repos\TestApplication.UiTests\bin\Debug\netcoreapp3.1\TestApplication.UiTests.dll
2020-12-21T11:51:17.6540638+00:00;Thread#11;Info;Discovered tests from assembly: C:\Users\dhruvil\source\repos\TestApplication.UiTests\bin\Debug\netcoreapp3.1\TestApplication.UiTests.dll
2020-12-21T11:51:17.6542730+00:00;Thread#11;Info;Discovering target: Browser_Chrome
2020-12-21T11:51:17.6543488+00:00;Thread#11;Info;Discovering tests from assembly: C:\Users\dhruvil\source\repos\TestApplication.UiTests\bin\Debug\netcoreapp3.1\TestApplication.UiTests.dll
2020-12-21T11:51:17.6627950+00:00;Thread#11;Info;Discovered tests from assembly: C:\Users\dhruvil\source\repos\TestApplication.UiTests\bin\Debug\netcoreapp3.1\TestApplication.UiTests.dll
2020-12-21T11:51:17.6635440+00:00;Thread#11;Info;Discovering target: Browser_Firefox
2020-12-21T11:51:17.6639819+00:00;Thread#11;Info;Discovering tests from assembly: C:\Users\dhruvil\source\repos\TestApplication.UiTests\bin\Debug\netcoreapp3.1\TestApplication.UiTests.dll
2020-12-21T11:51:17.6974645+00:00;Thread#11;Info;Discovered tests from assembly: C:\Users\dhruvil\source\repos\TestApplication.UiTests\bin\Debug\netcoreapp3.1\TestApplication.UiTests.dll
2020-12-21T11:51:17.6989589+00:00:Test Suite Dump
2020-12-21T11:51:17.7011217+00:00:#0: TestApplication.UiTests/TestApplication.UiTests - 
2020-12-21T11:51:17.7011461+00:00:#1: Browser_Safari - 
2020-12-21T11:51:17.7011490+00:00:#5: Browser_Chrome - 
2020-12-21T11:51:17.7011511+00:00:#9: Browser_Firefox - 
2020-12-21T11:51:17.7011537+00:00:#2: TestApplication.UiTests - 
2020-12-21T11:51:17.7011560+00:00:#6: TestApplication.UiTests - 
2020-12-21T11:51:17.7011581+00:00:#10: TestApplication.UiTests - 
2020-12-21T11:51:17.7011615+00:00:#3: GoogleSearch - 
2020-12-21T11:51:17.7011636+00:00:#7: GoogleSearch - 
2020-12-21T11:51:17.7011657+00:00:#11: GoogleSearch - 
2020-12-21T11:51:17.7027127+00:00:#4: Goto Google - Target:Browser_Safari/TestAssembly:TestApplication.UiTests/Feature:GoogleSearch/Scenario:Goto+Google
2020-12-21T11:51:17.7027544+00:00:#8: Goto Google - Target:Browser_Chrome/TestAssembly:TestApplication.UiTests/Feature:GoogleSearch/Scenario:Goto+Google
2020-12-21T11:51:17.7027661+00:00:#12: Goto Google - Target:Browser_Firefox/TestAssembly:TestApplication.UiTests/Feature:GoogleSearch/Scenario:Goto+Google
2020-12-21T11:51:17.7028556+00:00:End: Test Suite Dump
2020-12-21T11:51:17.7633185+00:00:Thread#0:Scheduler: get next test for thread 0
2020-12-21T11:51:17.7660220+00:00:Thread#:Scheduler: testitem #4 from normal test queue 
2020-12-21T11:51:17.7661136+00:00:Thread#0:Scheduler: considering testitem #4 for thread 0
2020-12-21T11:51:17.8271923+00:00:Thread#0:TestItem#4:testItemMatchesCurrentTestThread:NoMatch
2020-12-21T11:51:17.8272070+00:00:Thread#0:TestItem#4:runsOnOneOtherThreadSpecific:False
2020-12-21T11:51:17.8272099+00:00:Thread#0:TestItem#4:runsOnOneOtherThreadUnspecific:True
2020-12-21T11:51:17.8275097+00:00:Thread#0:TestItem#4:Scheduler: postpoining testitem #4 for thread 0
2020-12-21T11:51:17.8277806+00:00:Thread#:Scheduler: testitem #8 from normal test queue 
2020-12-21T11:51:17.8279421+00:00:Thread#0:TestItem#8:testItemMatchesCurrentTestThread:NoMatch
2020-12-21T11:51:17.8279476+00:00:Thread#0:TestItem#8:runsOnOneOtherThreadSpecific:False
2020-12-21T11:51:17.8279504+00:00:Thread#0:TestItem#8:runsOnOneOtherThreadUnspecific:True
2020-12-21T11:51:17.8279531+00:00:Thread#0:TestItem#8:Scheduler: postpoining testitem #8 for thread 0
2020-12-21T11:51:17.8279726+00:00:Thread#:Scheduler: testitem #12 from normal test queue 
2020-12-21T11:51:17.8280710+00:00:Thread#0:TestItem#12:testItemMatchesCurrentTestThread:NoMatch
2020-12-21T11:51:17.8280748+00:00:Thread#0:TestItem#12:runsOnOneOtherThreadSpecific:False
2020-12-21T11:51:17.8280767+00:00:Thread#0:TestItem#12:runsOnOneOtherThreadUnspecific:True
2020-12-21T11:51:17.8280792+00:00:Thread#0:TestItem#12:Scheduler: postpoining testitem #12 for thread 0
2020-12-21T11:51:17.8280920+00:00:Thread#:Scheduler: at the end of normal test queue
2020-12-21T11:51:17.8280954+00:00:Thread#0:TestItem#12:Scheduler: nothing left after postpone for thread 0
2020-12-21T11:51:17.8282732+00:00:Thread#0:Scheduler: No more tests for thread
2020-12-21T11:51:17.8490710+00:00:Thread#1:Scheduler: get next test for thread 1
2020-12-21T11:51:17.8491294+00:00:Thread#1:Scheduler: considering testitem #4 for thread 1
2020-12-21T11:51:17.8493379+00:00:Thread#1:TestItem#4:testItemMatchesCurrentTestThread:NoMatch
2020-12-21T11:51:17.8493442+00:00:Thread#1:TestItem#4:runsOnOneOtherThreadSpecific:False
2020-12-21T11:51:17.8493461+00:00:Thread#1:TestItem#4:runsOnOneOtherThreadUnspecific:True
2020-12-21T11:51:17.8493490+00:00:Thread#1:TestItem#4:Scheduler: postpoining testitem #4 for thread 1
2020-12-21T11:51:17.8494616+00:00:Thread#1:TestItem#8:testItemMatchesCurrentTestThread:NoMatch
2020-12-21T11:51:17.8494652+00:00:Thread#1:TestItem#8:runsOnOneOtherThreadSpecific:False
2020-12-21T11:51:17.8494668+00:00:Thread#1:TestItem#8:runsOnOneOtherThreadUnspecific:True
2020-12-21T11:51:17.8494690+00:00:Thread#1:TestItem#8:Scheduler: postpoining testitem #8 for thread 1
2020-12-21T11:51:17.8495670+00:00:Thread#1:TestItem#12:testItemMatchesCurrentTestThread:NoMatch
2020-12-21T11:51:17.8495703+00:00:Thread#1:TestItem#12:runsOnOneOtherThreadSpecific:False
2020-12-21T11:51:17.8495721+00:00:Thread#1:TestItem#12:runsOnOneOtherThreadUnspecific:True
2020-12-21T11:51:17.8495745+00:00:Thread#1:TestItem#12:Scheduler: postpoining testitem #12 for thread 1
2020-12-21T11:51:17.8495773+00:00:Thread#:Scheduler: at the end of normal test queue
2020-12-21T11:51:17.8495796+00:00:Thread#1:TestItem#12:Scheduler: nothing left after postpone for thread 1
2020-12-21T11:51:17.8495818+00:00:Thread#1:Scheduler: No more tests for thread
2020-12-21T11:51:17.8504610+00:00:Thread#2:Scheduler: get next test for thread 2
2020-12-21T11:51:17.8504682+00:00:Thread#2:Scheduler: considering testitem #4 for thread 2
2020-12-21T11:51:17.8506179+00:00:Thread#2:TestItem#4:testItemMatchesCurrentTestThread:NoMatch
2020-12-21T11:51:17.8506223+00:00:Thread#2:TestItem#4:runsOnOneOtherThreadSpecific:False
2020-12-21T11:51:17.8506240+00:00:Thread#2:TestItem#4:runsOnOneOtherThreadUnspecific:True
2020-12-21T11:51:17.8506262+00:00:Thread#2:TestItem#4:Scheduler: postpoining testitem #4 for thread 2
2020-12-21T11:51:17.8507123+00:00:Thread#2:TestItem#8:testItemMatchesCurrentTestThread:NoMatch
2020-12-21T11:51:17.8507231+00:00:Thread#2:TestItem#8:runsOnOneOtherThreadSpecific:False
2020-12-21T11:51:17.8507248+00:00:Thread#2:TestItem#8:runsOnOneOtherThreadUnspecific:True
2020-12-21T11:51:17.8507270+00:00:Thread#2:TestItem#8:Scheduler: postpoining testitem #8 for thread 2
2020-12-21T11:51:17.8508228+00:00:Thread#2:TestItem#12:testItemMatchesCurrentTestThread:NoMatch
2020-12-21T11:51:17.8508277+00:00:Thread#2:TestItem#12:runsOnOneOtherThreadSpecific:False
2020-12-21T11:51:17.8508297+00:00:Thread#2:TestItem#12:runsOnOneOtherThreadUnspecific:True
2020-12-21T11:51:17.8508318+00:00:Thread#2:TestItem#12:Scheduler: postpoining testitem #12 for thread 2
2020-12-21T11:51:17.8508347+00:00:Thread#:Scheduler: at the end of normal test queue
2020-12-21T11:51:17.8508369+00:00:Thread#2:TestItem#12:Scheduler: nothing left after postpone for thread 2
2020-12-21T11:51:17.8508388+00:00:Thread#2:Scheduler: No more tests for thread
2020-12-21T11:51:17.8514666+00:00:Thread#3:Scheduler: get next test for thread 3
2020-12-21T11:51:17.8514731+00:00:Thread#3:Scheduler: considering testitem #4 for thread 3
2020-12-21T11:51:17.8515916+00:00:Thread#3:TestItem#4:testItemMatchesCurrentTestThread:UnSpecific
2020-12-21T11:51:17.8516120+00:00:Thread#3:TestItem#4:runsOnOneOtherThreadSpecific:False
2020-12-21T11:51:17.8516140+00:00:Thread#3:TestItem#4:runsOnOneOtherThreadUnspecific:True
2020-12-21T11:51:17.8516164+00:00:Thread#3:Scheduler: using testitem #4 for thread 3
2020-12-21T11:51:17.8528352+00:00:Thread#3:Scheduler: Test #4 is scheduled for thread
2020-12-21T11:51:17.8559310+00:00:Thread#3:Scheduler: with testItemExecutionIndex 0
2020-12-21T11:51:17.8625633+00:00:Thread #3: creating new test thread executor for TestApplication.UiTests, Version=1.0.0.0, Culture=neutral, PublicKeyToken=null (target: Browser_Safari)
2020-12-21T11:51:17.8689675+00:00:Assembly resolving Microsoft.Web.Publishing.Tasks, Version=10.0.0.0, Culture=neutral, PublicKeyToken=b03f5f7f11d50a3a
2020-12-21T11:51:17.8730667+00:00:[AssemblyCache] Trying to resolve 'Microsoft.Web.Publishing.Tasks' from .deps.json file
2020-12-21T11:51:17.8730871+00:00:[AssemblyCache] Could not resolve 'Microsoft.Web.Publishing.Tasks' from .deps.json
2020-12-21T11:51:17.8746544+00:00:[AssemblyCache] Trying to resolve 'Microsoft.Web.Publishing.Tasks' in folder 'C:\Users\dhruvil\source\repos\TestApplication.UiTests\bin\Debug\netcoreapp3.1'
2020-12-21T11:51:17.8751790+00:00:[AssemblyCache] Trying to resolve 'Microsoft.Web.Publishing.Tasks' to 'C:\Users\dhruvil\source\repos\TestApplication.UiTests\bin\Debug\netcoreapp3.1\Microsoft.Web.Publishing.Tasks.dll'
2020-12-21T11:51:17.8752920+00:00:[AssemblyCache] Trying to resolve 'Microsoft.Web.Publishing.Tasks' to 'C:\Users\dhruvil\source\repos\TestApplication.UiTests\bin\Debug\netcoreapp3.1\Microsoft.Web.Publishing.Tasks.exe'
2020-12-21T11:51:17.8753214+00:00:[AssemblyCache] Could not resolve 'Microsoft.Web.Publishing.Tasks' in folder 'C:\Users\dhruvil\source\repos\TestApplication.UiTests\bin\Debug\netcoreapp3.1'
2020-12-21T11:51:17.8756113+00:00:TargetFramework: .NETCoreApp,Version=v3.1
2020-12-21T11:51:17.8770145+00:00:Tfm: netcoreapp3.1
2020-12-21T11:51:17.8770245+00:00:[AssemblyCache] Trying to resolve 'Microsoft.Web.Publishing.Tasks' in folder 'C:\Users\dhruvil\source\repos\TestApplication.UiTests\bin\Debug\netcoreapp3.1\SpecFlowPlusRunner\netcoreapp3.1'
2020-12-21T11:51:17.8770266+00:00:[AssemblyCache] Trying to resolve 'Microsoft.Web.Publishing.Tasks' to 'C:\Users\dhruvil\source\repos\TestApplication.UiTests\bin\Debug\netcoreapp3.1\SpecFlowPlusRunner\netcoreapp3.1\Microsoft.Web.Publishing.Tasks.dll'
2020-12-21T11:51:17.8771325+00:00:[AssemblyCache] Trying to resolve 'Microsoft.Web.Publishing.Tasks' to 'C:\Users\dhruvil\source\repos\TestApplication.UiTests\bin\Debug\netcoreapp3.1\SpecFlowPlusRunner\netcoreapp3.1\Microsoft.Web.Publishing.Tasks.exe'
2020-12-21T11:51:17.8771578+00:00:[AssemblyCache] Could not resolve 'Microsoft.Web.Publishing.Tasks' in folder 'C:\Users\dhruvil\source\repos\TestApplication.UiTests\bin\Debug\netcoreapp3.1\SpecFlowPlusRunner\netcoreapp3.1'
2020-12-21T11:51:17.8866936+00:00:[AssemblyCache] Trying to resolve 'Microsoft.Web.Publishing.Tasks' in folder 'C:\Program Files\dotnet\shared\Microsoft.AspNetCore.App\3.1.9'
2020-12-21T11:51:17.8867084+00:00:[AssemblyCache] Trying to resolve 'Microsoft.Web.Publishing.Tasks' to 'C:\Program Files\dotnet\shared\Microsoft.AspNetCore.App\3.1.9\Microsoft.Web.Publishing.Tasks.dll'
2020-12-21T11:51:17.8869097+00:00:[AssemblyCache] Trying to resolve 'Microsoft.Web.Publishing.Tasks' to 'C:\Program Files\dotnet\shared\Microsoft.AspNetCore.App\3.1.9\Microsoft.Web.Publishing.Tasks.exe'
2020-12-21T11:51:17.8869462+00:00:[AssemblyCache] Could not resolve 'Microsoft.Web.Publishing.Tasks' in folder 'C:\Program Files\dotnet\shared\Microsoft.AspNetCore.App\3.1.9'
2020-12-21T11:51:17.8871552+00:00:[AssemblyCache] Trying to resolve 'Microsoft.Web.Publishing.Tasks' in folder 'C:\Program Files\dotnet\shared\Microsoft.NETCore.App\3.1.9'
2020-12-21T11:51:17.8871609+00:00:[AssemblyCache] Trying to resolve 'Microsoft.Web.Publishing.Tasks' to 'C:\Program Files\dotnet\shared\Microsoft.NETCore.App\3.1.9\Microsoft.Web.Publishing.Tasks.dll'
2020-12-21T11:51:17.8871907+00:00:[AssemblyCache] Trying to resolve 'Microsoft.Web.Publishing.Tasks' to 'C:\Program Files\dotnet\shared\Microsoft.NETCore.App\3.1.9\Microsoft.Web.Publishing.Tasks.exe'
2020-12-21T11:51:17.8872076+00:00:[AssemblyCache] Could not resolve 'Microsoft.Web.Publishing.Tasks' in folder 'C:\Program Files\dotnet\shared\Microsoft.NETCore.App\3.1.9'
2020-12-21T11:51:17.8872989+00:00:[AssemblyCache] Trying to resolve 'Microsoft.Web.Publishing.Tasks' in folder 'C:\Program Files\dotnet\shared\Microsoft.WindowsDesktop.App\3.1.9'
2020-12-21T11:51:17.8873195+00:00:[AssemblyCache] Trying to resolve 'Microsoft.Web.Publishing.Tasks' to 'C:\Program Files\dotnet\shared\Microsoft.WindowsDesktop.App\3.1.9\Microsoft.Web.Publishing.Tasks.dll'
2020-12-21T11:51:17.8873564+00:00:[AssemblyCache] Trying to resolve 'Microsoft.Web.Publishing.Tasks' to 'C:\Program Files\dotnet\shared\Microsoft.WindowsDesktop.App\3.1.9\Microsoft.Web.Publishing.Tasks.exe'
2020-12-21T11:51:17.8873746+00:00:[AssemblyCache] Could not resolve 'Microsoft.Web.Publishing.Tasks' in folder 'C:\Program Files\dotnet\shared\Microsoft.WindowsDesktop.App\3.1.9'
2020-12-21T11:51:17.8875922+00:00:Assembly resolving Microsoft.Web.Publishing.Tasks, Version=10.0.0.0, Culture=neutral, PublicKeyToken=b03f5f7f11d50a3a
2020-12-21T11:51:17.8875997+00:00:[AssemblyCache] Trying to resolve 'Microsoft.Web.Publishing.Tasks' from .deps.json file
2020-12-21T11:51:17.8876024+00:00:[AssemblyCache] Could not resolve 'Microsoft.Web.Publishing.Tasks' from .deps.json
2020-12-21T11:51:17.8876076+00:00:[AssemblyCache] Trying to resolve 'Microsoft.Web.Publishing.Tasks' in folder 'C:\Users\dhruvil\source\repos\TestApplication.UiTests\bin\Debug\netcoreapp3.1'
2020-12-21T11:51:17.8876185+00:00:[AssemblyCache] Trying to resolve 'Microsoft.Web.Publishing.Tasks' to 'C:\Users\dhruvil\source\repos\TestApplication.UiTests\bin\Debug\netcoreapp3.1\Microsoft.Web.Publishing.Tasks.dll'
2020-12-21T11:51:17.8876687+00:00:[AssemblyCache] Trying to resolve 'Microsoft.Web.Publishing.Tasks' to 'C:\Users\dhruvil\source\repos\TestApplication.UiTests\bin\Debug\netcoreapp3.1\Microsoft.Web.Publishing.Tasks.exe'
2020-12-21T11:51:17.8876924+00:00:[AssemblyCache] Could not resolve 'Microsoft.Web.Publishing.Tasks' in folder 'C:\Users\dhruvil\source\repos\TestApplication.UiTests\bin\Debug\netcoreapp3.1'
2020-12-21T11:51:17.8876952+00:00:TargetFramework: .NETCoreApp,Version=v3.1
2020-12-21T11:51:17.8877098+00:00:Tfm: netcoreapp3.1
2020-12-21T11:51:17.8877138+00:00:[AssemblyCache] Trying to resolve 'Microsoft.Web.Publishing.Tasks' in folder 'C:\Users\dhruvil\source\repos\TestApplication.UiTests\bin\Debug\netcoreapp3.1\SpecFlowPlusRunner\netcoreapp3.1'
2020-12-21T11:51:17.8877154+00:00:[AssemblyCache] Trying to resolve 'Microsoft.Web.Publishing.Tasks' to 'C:\Users\dhruvil\source\repos\TestApplication.UiTests\bin\Debug\netcoreapp3.1\SpecFlowPlusRunner\netcoreapp3.1\Microsoft.Web.Publishing.Tasks.dll'
2020-12-21T11:51:17.8878504+00:00:[AssemblyCache] Trying to resolve 'Microsoft.Web.Publishing.Tasks' to 'C:\Users\dhruvil\source\repos\TestApplication.UiTests\bin\Debug\netcoreapp3.1\SpecFlowPlusRunner\netcoreapp3.1\Microsoft.Web.Publishing.Tasks.exe'
2020-12-21T11:51:17.8878743+00:00:[AssemblyCache] Could not resolve 'Microsoft.Web.Publishing.Tasks' in folder 'C:\Users\dhruvil\source\repos\TestApplication.UiTests\bin\Debug\netcoreapp3.1\SpecFlowPlusRunner\netcoreapp3.1'
2020-12-21T11:51:17.8883755+00:00:[AssemblyCache] Trying to resolve 'Microsoft.Web.Publishing.Tasks' in folder 'C:\Program Files\dotnet\shared\Microsoft.AspNetCore.App\3.1.9'
2020-12-21T11:51:17.8883817+00:00:[AssemblyCache] Trying to resolve 'Microsoft.Web.Publishing.Tasks' to 'C:\Program Files\dotnet\shared\Microsoft.AspNetCore.App\3.1.9\Microsoft.Web.Publishing.Tasks.dll'
2020-12-21T11:51:17.8884262+00:00:[AssemblyCache] Trying to resolve 'Microsoft.Web.Publishing.Tasks' to 'C:\Program Files\dotnet\shared\Microsoft.AspNetCore.App\3.1.9\Microsoft.Web.Publishing.Tasks.exe'
2020-12-21T11:51:17.8884499+00:00:[AssemblyCache] Could not resolve 'Microsoft.Web.Publishing.Tasks' in folder 'C:\Program Files\dotnet\shared\Microsoft.AspNetCore.App\3.1.9'
2020-12-21T11:51:17.8885377+00:00:[AssemblyCache] Trying to resolve 'Microsoft.Web.Publishing.Tasks' in folder 'C:\Program Files\dotnet\shared\Microsoft.NETCore.App\3.1.9'
2020-12-21T11:51:17.8885408+00:00:[AssemblyCache] Trying to resolve 'Microsoft.Web.Publishing.Tasks' to 'C:\Program Files\dotnet\shared\Microsoft.NETCore.App\3.1.9\Microsoft.Web.Publishing.Tasks.dll'
2020-12-21T11:51:17.8885767+00:00:[AssemblyCache] Trying to resolve 'Microsoft.Web.Publishing.Tasks' to 'C:\Program Files\dotnet\shared\Microsoft.NETCore.App\3.1.9\Microsoft.Web.Publishing.Tasks.exe'
2020-12-21T11:51:17.8885982+00:00:[AssemblyCache] Could not resolve 'Microsoft.Web.Publishing.Tasks' in folder 'C:\Program Files\dotnet\shared\Microsoft.NETCore.App\3.1.9'
2020-12-21T11:51:17.8886950+00:00:[AssemblyCache] Trying to resolve 'Microsoft.Web.Publishing.Tasks' in folder 'C:\Program Files\dotnet\shared\Microsoft.WindowsDesktop.App\3.1.9'
2020-12-21T11:51:17.8886985+00:00:[AssemblyCache] Trying to resolve 'Microsoft.Web.Publishing.Tasks' to 'C:\Program Files\dotnet\shared\Microsoft.WindowsDesktop.App\3.1.9\Microsoft.Web.Publishing.Tasks.dll'
2020-12-21T11:51:17.8888195+00:00:[AssemblyCache] Trying to resolve 'Microsoft.Web.Publishing.Tasks' to 'C:\Program Files\dotnet\shared\Microsoft.WindowsDesktop.App\3.1.9\Microsoft.Web.Publishing.Tasks.exe'
2020-12-21T11:51:17.8888565+00:00:[AssemblyCache] Could not resolve 'Microsoft.Web.Publishing.Tasks' in folder 'C:\Program Files\dotnet\shared\Microsoft.WindowsDesktop.App\3.1.9'
2020-12-21T11:51:17.8889052+00:00:Assembly resolving Microsoft.Web.Publishing.Tasks, Version=10.0.0.0, Culture=neutral, PublicKeyToken=b03f5f7f11d50a3a
2020-12-21T11:51:17.8889082+00:00:[AssemblyCache] Trying to resolve 'Microsoft.Web.Publishing.Tasks' from .deps.json file
2020-12-21T11:51:17.8889102+00:00:[AssemblyCache] Could not resolve 'Microsoft.Web.Publishing.Tasks' from .deps.json
2020-12-21T11:51:17.8889140+00:00:[AssemblyCache] Trying to resolve 'Microsoft.Web.Publishing.Tasks' in folder 'C:\Users\dhruvil\source\repos\TestApplication.UiTests\bin\Debug\netcoreapp3.1'
2020-12-21T11:51:17.8889157+00:00:[AssemblyCache] Trying to resolve 'Microsoft.Web.Publishing.Tasks' to 'C:\Users\dhruvil\source\repos\TestApplication.UiTests\bin\Debug\netcoreapp3.1\Microsoft.Web.Publishing.Tasks.dll'
2020-12-21T11:51:17.8889471+00:00:[AssemblyCache] Trying to resolve 'Microsoft.Web.Publishing.Tasks' to 'C:\Users\dhruvil\source\repos\TestApplication.UiTests\bin\Debug\netcoreapp3.1\Microsoft.Web.Publishing.Tasks.exe'
2020-12-21T11:51:17.8889830+00:00:[AssemblyCache] Could not resolve 'Microsoft.Web.Publishing.Tasks' in folder 'C:\Users\dhruvil\source\repos\TestApplication.UiTests\bin\Debug\netcoreapp3.1'
2020-12-21T11:51:17.8889858+00:00:TargetFramework: .NETCoreApp,Version=v3.1
2020-12-21T11:51:17.8889955+00:00:Tfm: netcoreapp3.1
2020-12-21T11:51:17.8889988+00:00:[AssemblyCache] Trying to resolve 'Microsoft.Web.Publishing.Tasks' in folder 'C:\Users\dhruvil\source\repos\TestApplication.UiTests\bin\Debug\netcoreapp3.1\SpecFlowPlusRunner\netcoreapp3.1'
2020-12-21T11:51:17.8890002+00:00:[AssemblyCache] Trying to resolve 'Microsoft.Web.Publishing.Tasks' to 'C:\Users\dhruvil\source\repos\TestApplication.UiTests\bin\Debug\netcoreapp3.1\SpecFlowPlusRunner\netcoreapp3.1\Microsoft.Web.Publishing.Tasks.dll'
2020-12-21T11:51:17.8890299+00:00:[AssemblyCache] Trying to resolve 'Microsoft.Web.Publishing.Tasks' to 'C:\Users\dhruvil\source\repos\TestApplication.UiTests\bin\Debug\netcoreapp3.1\SpecFlowPlusRunner\netcoreapp3.1\Microsoft.Web.Publishing.Tasks.exe'
2020-12-21T11:51:17.8890508+00:00:[AssemblyCache] Could not resolve 'Microsoft.Web.Publishing.Tasks' in folder 'C:\Users\dhruvil\source\repos\TestApplication.UiTests\bin\Debug\netcoreapp3.1\SpecFlowPlusRunner\netcoreapp3.1'
2020-12-21T11:51:17.8893998+00:00:[AssemblyCache] Trying to resolve 'Microsoft.Web.Publishing.Tasks' in folder 'C:\Program Files\dotnet\shared\Microsoft.AspNetCore.App\3.1.9'
2020-12-21T11:51:17.8894048+00:00:[AssemblyCache] Trying to resolve 'Microsoft.Web.Publishing.Tasks' to 'C:\Program Files\dotnet\shared\Microsoft.AspNetCore.App\3.1.9\Microsoft.Web.Publishing.Tasks.dll'
2020-12-21T11:51:17.8894523+00:00:[AssemblyCache] Trying to resolve 'Microsoft.Web.Publishing.Tasks' to 'C:\Program Files\dotnet\shared\Microsoft.AspNetCore.App\3.1.9\Microsoft.Web.Publishing.Tasks.exe'
2020-12-21T11:51:17.8894779+00:00:[AssemblyCache] Could not resolve 'Microsoft.Web.Publishing.Tasks' in folder 'C:\Program Files\dotnet\shared\Microsoft.AspNetCore.App\3.1.9'
2020-12-21T11:51:17.8895618+00:00:[AssemblyCache] Trying to resolve 'Microsoft.Web.Publishing.Tasks' in folder 'C:\Program Files\dotnet\shared\Microsoft.NETCore.App\3.1.9'
2020-12-21T11:51:17.8895660+00:00:[AssemblyCache] Trying to resolve 'Microsoft.Web.Publishing.Tasks' to 'C:\Program Files\dotnet\shared\Microsoft.NETCore.App\3.1.9\Microsoft.Web.Publishing.Tasks.dll'
2020-12-21T11:51:17.8895932+00:00:[AssemblyCache] Trying to resolve 'Microsoft.Web.Publishing.Tasks' to 'C:\Program Files\dotnet\shared\Microsoft.NETCore.App\3.1.9\Microsoft.Web.Publishing.Tasks.exe'
2020-12-21T11:51:17.8896239+00:00:[AssemblyCache] Could not resolve 'Microsoft.Web.Publishing.Tasks' in folder 'C:\Program Files\dotnet\shared\Microsoft.NETCore.App\3.1.9'
2020-12-21T11:51:17.8897178+00:00:[AssemblyCache] Trying to resolve 'Microsoft.Web.Publishing.Tasks' in folder 'C:\Program Files\dotnet\shared\Microsoft.WindowsDesktop.App\3.1.9'
2020-12-21T11:51:17.8897211+00:00:[AssemblyCache] Trying to resolve 'Microsoft.Web.Publishing.Tasks' to 'C:\Program Files\dotnet\shared\Microsoft.WindowsDesktop.App\3.1.9\Microsoft.Web.Publishing.Tasks.dll'
2020-12-21T11:51:17.8898459+00:00:[AssemblyCache] Trying to resolve 'Microsoft.Web.Publishing.Tasks' to 'C:\Program Files\dotnet\shared\Microsoft.WindowsDesktop.App\3.1.9\Microsoft.Web.Publishing.Tasks.exe'
2020-12-21T11:51:17.8898707+00:00:[AssemblyCache] Could not resolve 'Microsoft.Web.Publishing.Tasks' in folder 'C:\Program Files\dotnet\shared\Microsoft.WindowsDesktop.App\3.1.9'
2020-12-21T11:51:17.9124792+00:00:Thread#4:Scheduler: get next test for thread 4
2020-12-21T11:51:17.9124900+00:00:Thread#4:Scheduler: considering testitem #8 for thread 4
2020-12-21T11:51:17.9128129+00:00:Thread#4:TestItem#8:testItemMatchesCurrentTestThread:UnSpecific
2020-12-21T11:51:17.9128215+00:00:Thread#4:TestItem#8:runsOnOneOtherThreadSpecific:False
2020-12-21T11:51:17.9128238+00:00:Thread#4:TestItem#8:runsOnOneOtherThreadUnspecific:True
2020-12-21T11:51:17.9128272+00:00:Thread#4:Scheduler: using testitem #8 for thread 4
2020-12-21T11:51:17.9128449+00:00:Thread#4:Scheduler: Test #8 is scheduled for thread
2020-12-21T11:51:17.9128639+00:00:Thread#4:Scheduler: with testItemExecutionIndex 0
2020-12-21T11:51:17.9129134+00:00:Thread #4: creating new test thread executor for TestApplication.UiTests, Version=1.0.0.0, Culture=neutral, PublicKeyToken=null (target: Browser_Chrome)
2020-12-21T11:51:17.9130958+00:00:Assembly resolving Microsoft.Web.Publishing.Tasks, Version=10.0.0.0, Culture=neutral, PublicKeyToken=b03f5f7f11d50a3a
2020-12-21T11:51:17.9131155+00:00:Assembly resolving Microsoft.Web.Publishing.Tasks, Version=10.0.0.0, Culture=neutral, PublicKeyToken=b03f5f7f11d50a3a
2020-12-21T11:51:17.9131215+00:00:Assembly resolving Microsoft.Web.Publishing.Tasks, Version=10.0.0.0, Culture=neutral, PublicKeyToken=b03f5f7f11d50a3a
2020-12-21T11:51:17.9142837+00:00:test thread #3 error: System.IO.FileNotFoundException: Could not load file or assembly 'Microsoft.Web.Publishing.Tasks, Version=10.0.0.0, Culture=neutral, PublicKeyToken=b03f5f7f11d50a3a'. The system cannot find the file specified.
File name: 'Microsoft.Web.Publishing.Tasks, Version=10.0.0.0, Culture=neutral, PublicKeyToken=b03f5f7f11d50a3a'
   at TechTalk.SpecRun.Framework.DeploymentSteps.ConfigFileTransformationStep.Apply(DeploymentContext deploymentContext)
   at TechTalk.SpecRun.Framework.DeploymentSteps.DeploymentContext.Apply(DeploymentTransformationSteps steps, ITestRunTracerBroker tracerBroker)
   at TechTalk.SpecRun.Framework.TestThread.GetDeploymentContext(IAssemblyReference testAssembly, String testTarget)
   at TechTalk.SpecRun.Framework.TestThread.InitializeTestThreadExecutor(IAssemblyReference testAssembly, ExecutionModelSettings executionModelSettings, String testTarget)
   at TechTalk.SpecRun.Framework.TestThread.GetThreadExecutor(IAssemblyReference testAssembly, ExecutionModelSettings executionModelSettings, String testTarget)
   at TechTalk.SpecRun.Framework.TestThread.GetThreadExecutorForTestItem(TestItem testItem)
   at TechTalk.SpecRun.Framework.TestThread.RunNonEmptyTestSuite(CancellationToken cancellationToken, TestThreadState testThreadState)
   at TechTalk.SpecRun.Framework.TestThread.Run(ITestExecutionManager executionManagerForRun, CancellationToken cancellationToken)
   at TechTalk.SpecRun.Framework.AsyncTestThreadRunner.RunSync(TestExecutionManager executionManager, CancellationToken cancellationToken)


2020-12-21T11:51:17.9184939+00:00:test thread #4 error: System.IO.FileNotFoundException: Could not load file or assembly 'Microsoft.Web.Publishing.Tasks, Version=10.0.0.0, Culture=neutral, PublicKeyToken=b03f5f7f11d50a3a'. The system cannot find the file specified.
File name: 'Microsoft.Web.Publishing.Tasks, Version=10.0.0.0, Culture=neutral, PublicKeyToken=b03f5f7f11d50a3a'
   at TechTalk.SpecRun.Framework.DeploymentSteps.ConfigFileTransformationStep.Apply(DeploymentContext deploymentContext)
   at TechTalk.SpecRun.Framework.DeploymentSteps.DeploymentContext.Apply(DeploymentTransformationSteps steps, ITestRunTracerBroker tracerBroker)
   at TechTalk.SpecRun.Framework.TestThread.GetDeploymentContext(IAssemblyReference testAssembly, String testTarget)
   at TechTalk.SpecRun.Framework.TestThread.InitializeTestThreadExecutor(IAssemblyReference testAssembly, ExecutionModelSettings executionModelSettings, String testTarget)
   at TechTalk.SpecRun.Framework.TestThread.GetThreadExecutor(IAssemblyReference testAssembly, ExecutionModelSettings executionModelSettings, String testTarget)
   at TechTalk.SpecRun.Framework.TestThread.GetThreadExecutorForTestItem(TestItem testItem)
   at TechTalk.SpecRun.Framework.TestThread.RunNonEmptyTestSuite(CancellationToken cancellationToken, TestThreadState testThreadState)
   at TechTalk.SpecRun.Framework.TestThread.Run(ITestExecutionManager executionManagerForRun, CancellationToken cancellationToken)
   at TechTalk.SpecRun.Framework.AsyncTestThreadRunner.RunSync(TestExecutionManager executionManager, CancellationToken cancellationToken)


2020-12-21T11:51:17.9198644+00:00:test thread error: TechTalk.SpecRun.Framework.SpecRunException: At least one test thread aborted.
 ---> System.IO.FileNotFoundException: Could not load file or assembly 'Microsoft.Web.Publishing.Tasks, Version=10.0.0.0, Culture=neutral, PublicKeyToken=b03f5f7f11d50a3a'. The system cannot find the file specified.
File name: 'Microsoft.Web.Publishing.Tasks, Version=10.0.0.0, Culture=neutral, PublicKeyToken=b03f5f7f11d50a3a'
   at TechTalk.SpecRun.Framework.DeploymentSteps.ConfigFileTransformationStep.Apply(DeploymentContext deploymentContext)
   at TechTalk.SpecRun.Framework.DeploymentSteps.DeploymentContext.Apply(DeploymentTransformationSteps steps, ITestRunTracerBroker tracerBroker)
   at TechTalk.SpecRun.Framework.TestThread.GetDeploymentContext(IAssemblyReference testAssembly, String testTarget)
   at TechTalk.SpecRun.Framework.TestThread.InitializeTestThreadExecutor(IAssemblyReference testAssembly, ExecutionModelSettings executionModelSettings, String testTarget)
   at TechTalk.SpecRun.Framework.TestThread.GetThreadExecutor(IAssemblyReference testAssembly, ExecutionModelSettings executionModelSettings, String testTarget)
   at TechTalk.SpecRun.Framework.TestThread.GetThreadExecutorForTestItem(TestItem testItem)
   at TechTalk.SpecRun.Framework.TestThread.RunNonEmptyTestSuite(CancellationToken cancellationToken, TestThreadState testThreadState)
   at TechTalk.SpecRun.Framework.TestThread.Run(ITestExecutionManager executionManagerForRun, CancellationToken cancellationToken)
   at TechTalk.SpecRun.Framework.AsyncTestThreadRunner.RunSync(TestExecutionManager executionManager, CancellationToken cancellationToken)


   --- End of inner exception stack trace ---
2020-12-21T11:51:17.9200044+00:00:Trying to cancel thread
2020-12-21T11:51:17.9201961+00:00:Thread cancelled
2020-12-21T11:51:17.9202005+00:00:Trying to cancel thread
2020-12-21T11:51:17.9202020+00:00:Thread cancelled
2020-12-21T11:51:17.9202027+00:00:Trying to cancel thread
2020-12-21T11:51:17.9202035+00:00:Thread cancelled
2020-12-21T11:51:17.9202041+00:00:Trying to cancel thread
2020-12-21T11:51:17.9202047+00:00:Thread cancelled
2020-12-21T11:51:17.9202053+00:00:Trying to cancel thread
2020-12-21T11:51:17.9202060+00:00:Thread cancelled
2020-12-21T11:51:17.9287810+00:00:Thread#-1: Test #4/0 is started on thread #-1
2020-12-21T11:51:17.9309180+00:00:Thread#-1: Test #4/0 is finished on thread #-1 as Skipped within 0.0008461 seconds
2020-12-21T11:51:17.9492343+00:00:Thread#-1: Test #8/0 is started on thread #-1
2020-12-21T11:51:17.9493266+00:00:Thread#-1: Test #8/0 is finished on thread #-1 as Skipped within 9.8E-06 seconds
2020-12-21T11:51:17.9497193+00:00:Thread#-1:Scheduler: get next test for thread -1
2020-12-21T11:51:17.9498208+00:00:Thread#-1:Scheduler: considering testitem #12 for thread -1
2020-12-21T11:51:17.9498255+00:00:Thread#-1:Scheduler: using testitem #12 for thread -1
2020-12-21T11:51:17.9498280+00:00:Thread#-1:Scheduler: Test #12 is scheduled for thread
2020-12-21T11:51:17.9498803+00:00:Thread#-1: Test #12/0 is started on thread #-1
2020-12-21T11:51:17.9498977+00:00:Thread#-1: Test #12/0 is finished on thread #-1 as Skipped within 3.7E-06 seconds
2020-12-21T11:51:17.9500632+00:00:Thread#-1:Scheduler: get next test for thread -1
2020-12-21T11:51:17.9500821+00:00:Thread#:Scheduler: at the end of normal test queue
2020-12-21T11:51:17.9500848+00:00:Thread#-1:Scheduler: enumerator for thread is at end
2020-12-21T11:51:18.0183467+00:00;Thread#11;Info;test run finished
2020-12-21T11:51:18.0187662+00:00;Thread#11;Info;publishing test results
2020-12-21T11:51:18.0190878+00:00;Thread#11;Info;Not publishing results.
2020-12-21T11:51:18.0192932+00:00;Thread#11;Info;test results published
2020-12-21T11:51:18.0193742+00:00;Thread#11;Info;generating reports
2020-12-21T11:51:18.1771781+00:00;Thread#11;Info;Starting external report generation process
2020-12-21T11:51:19.2459488+00:00;Thread#11;Error;Could not generate test run result reports. An error occurred in the generator.
2020-12-21T11:51:19.2466412+00:00;Thread#11;Error;External program returned exit code '-2'
2020-12-21T11:51:19.2469486+00:00;Thread#11;Info;Failed generating reports
2020-12-21T11:51:19.2631221+00:00:Total: 3
2020-12-21T11:51:19.2656819+00:00:Succeeded: 0
2020-12-21T11:51:19.2661231+00:00:Ignored: 0
2020-12-21T11:51:19.2664977+00:00:Pending: 0
2020-12-21T11:51:19.2665043+00:00:Skipped: 3
2020-12-21T11:51:19.2670293+00:00:Failed: 0
2020-12-21T11:51:19.2692193+00:00;VSTestExecutionThread;Info;Adding attachments to VSTest
========== End of log file ==========
