2020-12-21T11:52:01.4372947+00:00;VSTestExecutionThread;Info;SpecFlow+Runner execution started
2020-12-21T11:52:01.4374924+00:00;VSTestExecutionThread;Info;SpecFlow+Runner 3.5.8 in Framework netcore31 in x64 mode execution started
2020-12-21T11:52:01.4374964+00:00;VSTestExecutionThread;Info;TestAdapter Location: C:\Users\dhruvil\source\repos\TestApplication.UiTests\bin\Debug\netcoreapp3.1\TechTalk.SpecRun.VisualStudio.TestAdapter.dll
2020-12-21T11:52:01.4393318+00:00;VSTestExecutionThread;Info;Current UserName: 'dhruvil', MachineName: 'EC2AMAZ-0CD87OS'
2020-12-21T11:52:01.5706927+00:00;VSTestExecutionThread;Info;SpecRun: running tests in C:\Users\dhruvil\source\repos\TestApplication.UiTests\bin\Debug\netcoreapp3.1\TestApplication.UiTests.dll
2020-12-21T11:52:01.5710755+00:00;VSTestExecutionThread;Info;Output folder configured to "C:\Users\dhruvil\source\repos\TestApplication.UiTests\TestResults" (default)
2020-12-21T11:52:01.5714043+00:00;VSTestExecutionThread;Info;Profile: TestApplication.UiTests
2020-12-21T11:52:01.6188675+00:00;VSTestExecutionThread;Info;Log file path: C:\Users\dhruvil\source\repos\TestApplication.UiTests\TestResults\TestApplication.UiTests_TestApplication.UiTests_2020-12-21T115201.log
2020-12-21T11:52:01.6247965+00:00;Thread#11;Info;Checking activation
2020-12-21T11:52:01.7258221+00:00;Thread#11;Info;Activated.
2020-12-21T11:52:01.7261360+00:00;Thread#11;Info;Activation check completed
2020-12-21T11:52:01.7263698+00:00;Thread#11;Info;Starting test run
2020-12-21T11:52:01.8148059+00:00;Thread#11;Info;Discovering target: Browser_Safari
2020-12-21T11:52:01.8154064+00:00;Thread#11;Info;Discovering tests from assembly: C:\Users\dhruvil\source\repos\TestApplication.UiTests\bin\Debug\netcoreapp3.1\TestApplication.UiTests.dll
2020-12-21T11:52:02.5217137+00:00;Thread#11;Info;Discovered tests from assembly: C:\Users\dhruvil\source\repos\TestApplication.UiTests\bin\Debug\netcoreapp3.1\TestApplication.UiTests.dll
2020-12-21T11:52:02.5222564+00:00;Thread#11;Info;Discovering target: Browser_Chrome
2020-12-21T11:52:02.5223697+00:00;Thread#11;Info;Discovering tests from assembly: C:\Users\dhruvil\source\repos\TestApplication.UiTests\bin\Debug\netcoreapp3.1\TestApplication.UiTests.dll
2020-12-21T11:52:02.5637762+00:00;Thread#11;Info;Discovered tests from assembly: C:\Users\dhruvil\source\repos\TestApplication.UiTests\bin\Debug\netcoreapp3.1\TestApplication.UiTests.dll
2020-12-21T11:52:02.5647570+00:00;Thread#11;Info;Discovering target: Browser_Firefox
2020-12-21T11:52:02.5729984+00:00;Thread#11;Info;Discovering tests from assembly: C:\Users\dhruvil\source\repos\TestApplication.UiTests\bin\Debug\netcoreapp3.1\TestApplication.UiTests.dll
2020-12-21T11:52:02.6125362+00:00;Thread#11;Info;Discovered tests from assembly: C:\Users\dhruvil\source\repos\TestApplication.UiTests\bin\Debug\netcoreapp3.1\TestApplication.UiTests.dll
2020-12-21T11:52:02.6167961+00:00:Test Suite Dump
2020-12-21T11:52:02.6194784+00:00:#0: TestApplication.UiTests/TestApplication.UiTests - 
2020-12-21T11:52:02.6195049+00:00:#1: Browser_Safari - 
2020-12-21T11:52:02.6195081+00:00:#5: Browser_Chrome - 
2020-12-21T11:52:02.6195107+00:00:#9: Browser_Firefox - 
2020-12-21T11:52:02.6195135+00:00:#2: TestApplication.UiTests - 
2020-12-21T11:52:02.6195158+00:00:#6: TestApplication.UiTests - 
2020-12-21T11:52:02.6195180+00:00:#10: TestApplication.UiTests - 
2020-12-21T11:52:02.6195214+00:00:#3: GoogleSearch - 
2020-12-21T11:52:02.6195237+00:00:#7: GoogleSearch - 
2020-12-21T11:52:02.6195259+00:00:#11: GoogleSearch - 
2020-12-21T11:52:02.6213461+00:00:#4: Goto Google - Target:Browser_Safari/TestAssembly:TestApplication.UiTests/Feature:GoogleSearch/Scenario:Goto+Google
2020-12-21T11:52:02.6214046+00:00:#8: Goto Google - Target:Browser_Chrome/TestAssembly:TestApplication.UiTests/Feature:GoogleSearch/Scenario:Goto+Google
2020-12-21T11:52:02.6214265+00:00:#12: Goto Google - Target:Browser_Firefox/TestAssembly:TestApplication.UiTests/Feature:GoogleSearch/Scenario:Goto+Google
2020-12-21T11:52:02.6215970+00:00:End: Test Suite Dump
2020-12-21T11:52:02.6612249+00:00:Thread#1:Scheduler: get next test for thread 1
2020-12-21T11:52:02.6643722+00:00:Thread#:Scheduler: testitem #4 from normal test queue 
2020-12-21T11:52:02.6646014+00:00:Thread#1:Scheduler: considering testitem #4 for thread 1
2020-12-21T11:52:02.6781156+00:00:Thread#1:TestItem#4:testItemMatchesCurrentTestThread:NoMatch
2020-12-21T11:52:02.6781292+00:00:Thread#1:TestItem#4:runsOnOneOtherThreadSpecific:False
2020-12-21T11:52:02.6781321+00:00:Thread#1:TestItem#4:runsOnOneOtherThreadUnspecific:True
2020-12-21T11:52:02.6784395+00:00:Thread#1:TestItem#4:Scheduler: postpoining testitem #4 for thread 1
2020-12-21T11:52:02.6787058+00:00:Thread#:Scheduler: testitem #8 from normal test queue 
2020-12-21T11:52:02.6789366+00:00:Thread#1:TestItem#8:testItemMatchesCurrentTestThread:NoMatch
2020-12-21T11:52:02.6789431+00:00:Thread#1:TestItem#8:runsOnOneOtherThreadSpecific:False
2020-12-21T11:52:02.6789553+00:00:Thread#1:TestItem#8:runsOnOneOtherThreadUnspecific:True
2020-12-21T11:52:02.6789582+00:00:Thread#1:TestItem#8:Scheduler: postpoining testitem #8 for thread 1
2020-12-21T11:52:02.6789635+00:00:Thread#:Scheduler: testitem #12 from normal test queue 
2020-12-21T11:52:02.6792945+00:00:Thread#1:TestItem#12:testItemMatchesCurrentTestThread:NoMatch
2020-12-21T11:52:02.6793019+00:00:Thread#1:TestItem#12:runsOnOneOtherThreadSpecific:False
2020-12-21T11:52:02.6793040+00:00:Thread#1:TestItem#12:runsOnOneOtherThreadUnspecific:True
2020-12-21T11:52:02.6793068+00:00:Thread#1:TestItem#12:Scheduler: postpoining testitem #12 for thread 1
2020-12-21T11:52:02.6793211+00:00:Thread#:Scheduler: at the end of normal test queue
2020-12-21T11:52:02.6793256+00:00:Thread#1:TestItem#12:Scheduler: nothing left after postpone for thread 1
2020-12-21T11:52:02.6795048+00:00:Thread#1:Scheduler: No more tests for thread
2020-12-21T11:52:02.6828703+00:00:Thread#0:Scheduler: get next test for thread 0
2020-12-21T11:52:02.6828976+00:00:Thread#0:Scheduler: considering testitem #4 for thread 0
2020-12-21T11:52:02.6830723+00:00:Thread#0:TestItem#4:testItemMatchesCurrentTestThread:NoMatch
2020-12-21T11:52:02.6830768+00:00:Thread#0:TestItem#4:runsOnOneOtherThreadSpecific:False
2020-12-21T11:52:02.6830788+00:00:Thread#0:TestItem#4:runsOnOneOtherThreadUnspecific:True
2020-12-21T11:52:02.6830814+00:00:Thread#0:TestItem#4:Scheduler: postpoining testitem #4 for thread 0
2020-12-21T11:52:02.6831864+00:00:Thread#0:TestItem#8:testItemMatchesCurrentTestThread:NoMatch
2020-12-21T11:52:02.6831900+00:00:Thread#0:TestItem#8:runsOnOneOtherThreadSpecific:False
2020-12-21T11:52:02.6831918+00:00:Thread#0:TestItem#8:runsOnOneOtherThreadUnspecific:True
2020-12-21T11:52:02.6831944+00:00:Thread#0:TestItem#8:Scheduler: postpoining testitem #8 for thread 0
2020-12-21T11:52:02.6832913+00:00:Thread#0:TestItem#12:testItemMatchesCurrentTestThread:NoMatch
2020-12-21T11:52:02.6832948+00:00:Thread#0:TestItem#12:runsOnOneOtherThreadSpecific:False
2020-12-21T11:52:02.6832966+00:00:Thread#0:TestItem#12:runsOnOneOtherThreadUnspecific:True
2020-12-21T11:52:02.6832989+00:00:Thread#0:TestItem#12:Scheduler: postpoining testitem #12 for thread 0
2020-12-21T11:52:02.6833022+00:00:Thread#:Scheduler: at the end of normal test queue
2020-12-21T11:52:02.6833047+00:00:Thread#0:TestItem#12:Scheduler: nothing left after postpone for thread 0
2020-12-21T11:52:02.6833075+00:00:Thread#0:Scheduler: No more tests for thread
2020-12-21T11:52:02.6835389+00:00:Thread#2:Scheduler: get next test for thread 2
2020-12-21T11:52:02.6835441+00:00:Thread#2:Scheduler: considering testitem #4 for thread 2
2020-12-21T11:52:02.6838449+00:00:Thread#2:TestItem#4:testItemMatchesCurrentTestThread:NoMatch
2020-12-21T11:52:02.6838505+00:00:Thread#2:TestItem#4:runsOnOneOtherThreadSpecific:False
2020-12-21T11:52:02.6838523+00:00:Thread#2:TestItem#4:runsOnOneOtherThreadUnspecific:True
2020-12-21T11:52:02.6838547+00:00:Thread#2:TestItem#4:Scheduler: postpoining testitem #4 for thread 2
2020-12-21T11:52:02.6839352+00:00:Thread#2:TestItem#8:testItemMatchesCurrentTestThread:NoMatch
2020-12-21T11:52:02.6839462+00:00:Thread#2:TestItem#8:runsOnOneOtherThreadSpecific:False
2020-12-21T11:52:02.6839481+00:00:Thread#2:TestItem#8:runsOnOneOtherThreadUnspecific:True
2020-12-21T11:52:02.6839505+00:00:Thread#2:TestItem#8:Scheduler: postpoining testitem #8 for thread 2
2020-12-21T11:52:02.6842778+00:00:Thread#2:TestItem#12:testItemMatchesCurrentTestThread:NoMatch
2020-12-21T11:52:02.6842834+00:00:Thread#2:TestItem#12:runsOnOneOtherThreadSpecific:False
2020-12-21T11:52:02.6842853+00:00:Thread#2:TestItem#12:runsOnOneOtherThreadUnspecific:True
2020-12-21T11:52:02.6842876+00:00:Thread#2:TestItem#12:Scheduler: postpoining testitem #12 for thread 2
2020-12-21T11:52:02.6842901+00:00:Thread#:Scheduler: at the end of normal test queue
2020-12-21T11:52:02.6842923+00:00:Thread#2:TestItem#12:Scheduler: nothing left after postpone for thread 2
2020-12-21T11:52:02.6842943+00:00:Thread#2:Scheduler: No more tests for thread
2020-12-21T11:52:02.6934973+00:00:Thread#3:Scheduler: get next test for thread 3
2020-12-21T11:52:02.6935100+00:00:Thread#3:Scheduler: considering testitem #4 for thread 3
2020-12-21T11:52:02.6937320+00:00:Thread#3:TestItem#4:testItemMatchesCurrentTestThread:UnSpecific
2020-12-21T11:52:02.6937514+00:00:Thread#3:TestItem#4:runsOnOneOtherThreadSpecific:False
2020-12-21T11:52:02.6937540+00:00:Thread#3:TestItem#4:runsOnOneOtherThreadUnspecific:True
2020-12-21T11:52:02.6937567+00:00:Thread#3:Scheduler: using testitem #4 for thread 3
2020-12-21T11:52:02.6985959+00:00:Thread#3:Scheduler: Test #4 is scheduled for thread
2020-12-21T11:52:02.7010358+00:00:Thread#3:Scheduler: with testItemExecutionIndex 0
2020-12-21T11:52:02.7043421+00:00:Thread #3: creating new test thread executor for TestApplication.UiTests, Version=1.0.0.0, Culture=neutral, PublicKeyToken=null (target: Browser_Safari)
2020-12-21T11:52:02.7106559+00:00:Assembly resolving Microsoft.Web.Publishing.Tasks, Version=10.0.0.0, Culture=neutral, PublicKeyToken=b03f5f7f11d50a3a
2020-12-21T11:52:02.7148388+00:00:[AssemblyCache] Trying to resolve 'Microsoft.Web.Publishing.Tasks' from .deps.json file
2020-12-21T11:52:02.7148565+00:00:[AssemblyCache] Could not resolve 'Microsoft.Web.Publishing.Tasks' from .deps.json
2020-12-21T11:52:02.7167011+00:00:[AssemblyCache] Trying to resolve 'Microsoft.Web.Publishing.Tasks' in folder 'C:\Users\dhruvil\source\repos\TestApplication.UiTests\bin\Debug\netcoreapp3.1'
2020-12-21T11:52:02.7185499+00:00:[AssemblyCache] Trying to resolve 'Microsoft.Web.Publishing.Tasks' to 'C:\Users\dhruvil\source\repos\TestApplication.UiTests\bin\Debug\netcoreapp3.1\Microsoft.Web.Publishing.Tasks.dll'
2020-12-21T11:52:02.7186752+00:00:[AssemblyCache] Trying to resolve 'Microsoft.Web.Publishing.Tasks' to 'C:\Users\dhruvil\source\repos\TestApplication.UiTests\bin\Debug\netcoreapp3.1\Microsoft.Web.Publishing.Tasks.exe'
2020-12-21T11:52:02.7187138+00:00:[AssemblyCache] Could not resolve 'Microsoft.Web.Publishing.Tasks' in folder 'C:\Users\dhruvil\source\repos\TestApplication.UiTests\bin\Debug\netcoreapp3.1'
2020-12-21T11:52:02.7190473+00:00:TargetFramework: .NETCoreApp,Version=v3.1
2020-12-21T11:52:02.7194154+00:00:Tfm: netcoreapp3.1
2020-12-21T11:52:02.7194256+00:00:[AssemblyCache] Trying to resolve 'Microsoft.Web.Publishing.Tasks' in folder 'C:\Users\dhruvil\source\repos\TestApplication.UiTests\bin\Debug\netcoreapp3.1\SpecFlowPlusRunner\netcoreapp3.1'
2020-12-21T11:52:02.7194281+00:00:[AssemblyCache] Trying to resolve 'Microsoft.Web.Publishing.Tasks' to 'C:\Users\dhruvil\source\repos\TestApplication.UiTests\bin\Debug\netcoreapp3.1\SpecFlowPlusRunner\netcoreapp3.1\Microsoft.Web.Publishing.Tasks.dll'
2020-12-21T11:52:02.7195171+00:00:[AssemblyCache] Trying to resolve 'Microsoft.Web.Publishing.Tasks' to 'C:\Users\dhruvil\source\repos\TestApplication.UiTests\bin\Debug\netcoreapp3.1\SpecFlowPlusRunner\netcoreapp3.1\Microsoft.Web.Publishing.Tasks.exe'
2020-12-21T11:52:02.7195448+00:00:[AssemblyCache] Could not resolve 'Microsoft.Web.Publishing.Tasks' in folder 'C:\Users\dhruvil\source\repos\TestApplication.UiTests\bin\Debug\netcoreapp3.1\SpecFlowPlusRunner\netcoreapp3.1'
2020-12-21T11:52:02.7307538+00:00:[AssemblyCache] Trying to resolve 'Microsoft.Web.Publishing.Tasks' in folder 'C:\Program Files\dotnet\shared\Microsoft.AspNetCore.App\3.1.9'
2020-12-21T11:52:02.7307690+00:00:[AssemblyCache] Trying to resolve 'Microsoft.Web.Publishing.Tasks' to 'C:\Program Files\dotnet\shared\Microsoft.AspNetCore.App\3.1.9\Microsoft.Web.Publishing.Tasks.dll'
2020-12-21T11:52:02.7308582+00:00:[AssemblyCache] Trying to resolve 'Microsoft.Web.Publishing.Tasks' to 'C:\Program Files\dotnet\shared\Microsoft.AspNetCore.App\3.1.9\Microsoft.Web.Publishing.Tasks.exe'
2020-12-21T11:52:02.7308967+00:00:[AssemblyCache] Could not resolve 'Microsoft.Web.Publishing.Tasks' in folder 'C:\Program Files\dotnet\shared\Microsoft.AspNetCore.App\3.1.9'
2020-12-21T11:52:02.7312952+00:00:[AssemblyCache] Trying to resolve 'Microsoft.Web.Publishing.Tasks' in folder 'C:\Program Files\dotnet\shared\Microsoft.NETCore.App\3.1.9'
2020-12-21T11:52:02.7313037+00:00:[AssemblyCache] Trying to resolve 'Microsoft.Web.Publishing.Tasks' to 'C:\Program Files\dotnet\shared\Microsoft.NETCore.App\3.1.9\Microsoft.Web.Publishing.Tasks.dll'
2020-12-21T11:52:02.7313371+00:00:[AssemblyCache] Trying to resolve 'Microsoft.Web.Publishing.Tasks' to 'C:\Program Files\dotnet\shared\Microsoft.NETCore.App\3.1.9\Microsoft.Web.Publishing.Tasks.exe'
2020-12-21T11:52:02.7313574+00:00:[AssemblyCache] Could not resolve 'Microsoft.Web.Publishing.Tasks' in folder 'C:\Program Files\dotnet\shared\Microsoft.NETCore.App\3.1.9'
2020-12-21T11:52:02.7319001+00:00:[AssemblyCache] Trying to resolve 'Microsoft.Web.Publishing.Tasks' in folder 'C:\Program Files\dotnet\shared\Microsoft.WindowsDesktop.App\3.1.9'
2020-12-21T11:52:02.7319076+00:00:[AssemblyCache] Trying to resolve 'Microsoft.Web.Publishing.Tasks' to 'C:\Program Files\dotnet\shared\Microsoft.WindowsDesktop.App\3.1.9\Microsoft.Web.Publishing.Tasks.dll'
2020-12-21T11:52:02.7320236+00:00:[AssemblyCache] Trying to resolve 'Microsoft.Web.Publishing.Tasks' to 'C:\Program Files\dotnet\shared\Microsoft.WindowsDesktop.App\3.1.9\Microsoft.Web.Publishing.Tasks.exe'
2020-12-21T11:52:02.7320538+00:00:[AssemblyCache] Could not resolve 'Microsoft.Web.Publishing.Tasks' in folder 'C:\Program Files\dotnet\shared\Microsoft.WindowsDesktop.App\3.1.9'
2020-12-21T11:52:02.7322844+00:00:Assembly resolving Microsoft.Web.Publishing.Tasks, Version=10.0.0.0, Culture=neutral, PublicKeyToken=b03f5f7f11d50a3a
2020-12-21T11:52:02.7322901+00:00:[AssemblyCache] Trying to resolve 'Microsoft.Web.Publishing.Tasks' from .deps.json file
2020-12-21T11:52:02.7322925+00:00:[AssemblyCache] Could not resolve 'Microsoft.Web.Publishing.Tasks' from .deps.json
2020-12-21T11:52:02.7323069+00:00:[AssemblyCache] Trying to resolve 'Microsoft.Web.Publishing.Tasks' in folder 'C:\Users\dhruvil\source\repos\TestApplication.UiTests\bin\Debug\netcoreapp3.1'
2020-12-21T11:52:02.7323087+00:00:[AssemblyCache] Trying to resolve 'Microsoft.Web.Publishing.Tasks' to 'C:\Users\dhruvil\source\repos\TestApplication.UiTests\bin\Debug\netcoreapp3.1\Microsoft.Web.Publishing.Tasks.dll'
2020-12-21T11:52:02.7323536+00:00:[AssemblyCache] Trying to resolve 'Microsoft.Web.Publishing.Tasks' to 'C:\Users\dhruvil\source\repos\TestApplication.UiTests\bin\Debug\netcoreapp3.1\Microsoft.Web.Publishing.Tasks.exe'
2020-12-21T11:52:02.7323780+00:00:[AssemblyCache] Could not resolve 'Microsoft.Web.Publishing.Tasks' in folder 'C:\Users\dhruvil\source\repos\TestApplication.UiTests\bin\Debug\netcoreapp3.1'
2020-12-21T11:52:02.7323806+00:00:TargetFramework: .NETCoreApp,Version=v3.1
2020-12-21T11:52:02.7323941+00:00:Tfm: netcoreapp3.1
2020-12-21T11:52:02.7323976+00:00:[AssemblyCache] Trying to resolve 'Microsoft.Web.Publishing.Tasks' in folder 'C:\Users\dhruvil\source\repos\TestApplication.UiTests\bin\Debug\netcoreapp3.1\SpecFlowPlusRunner\netcoreapp3.1'
2020-12-21T11:52:02.7324070+00:00:[AssemblyCache] Trying to resolve 'Microsoft.Web.Publishing.Tasks' to 'C:\Users\dhruvil\source\repos\TestApplication.UiTests\bin\Debug\netcoreapp3.1\SpecFlowPlusRunner\netcoreapp3.1\Microsoft.Web.Publishing.Tasks.dll'
2020-12-21T11:52:02.7324375+00:00:[AssemblyCache] Trying to resolve 'Microsoft.Web.Publishing.Tasks' to 'C:\Users\dhruvil\source\repos\TestApplication.UiTests\bin\Debug\netcoreapp3.1\SpecFlowPlusRunner\netcoreapp3.1\Microsoft.Web.Publishing.Tasks.exe'
2020-12-21T11:52:02.7324577+00:00:[AssemblyCache] Could not resolve 'Microsoft.Web.Publishing.Tasks' in folder 'C:\Users\dhruvil\source\repos\TestApplication.UiTests\bin\Debug\netcoreapp3.1\SpecFlowPlusRunner\netcoreapp3.1'
2020-12-21T11:52:02.7331312+00:00:[AssemblyCache] Trying to resolve 'Microsoft.Web.Publishing.Tasks' in folder 'C:\Program Files\dotnet\shared\Microsoft.AspNetCore.App\3.1.9'
2020-12-21T11:52:02.7331379+00:00:[AssemblyCache] Trying to resolve 'Microsoft.Web.Publishing.Tasks' to 'C:\Program Files\dotnet\shared\Microsoft.AspNetCore.App\3.1.9\Microsoft.Web.Publishing.Tasks.dll'
2020-12-21T11:52:02.7331806+00:00:[AssemblyCache] Trying to resolve 'Microsoft.Web.Publishing.Tasks' to 'C:\Program Files\dotnet\shared\Microsoft.AspNetCore.App\3.1.9\Microsoft.Web.Publishing.Tasks.exe'
2020-12-21T11:52:02.7332035+00:00:[AssemblyCache] Could not resolve 'Microsoft.Web.Publishing.Tasks' in folder 'C:\Program Files\dotnet\shared\Microsoft.AspNetCore.App\3.1.9'
2020-12-21T11:52:02.7332821+00:00:[AssemblyCache] Trying to resolve 'Microsoft.Web.Publishing.Tasks' in folder 'C:\Program Files\dotnet\shared\Microsoft.NETCore.App\3.1.9'
2020-12-21T11:52:02.7333003+00:00:[AssemblyCache] Trying to resolve 'Microsoft.Web.Publishing.Tasks' to 'C:\Program Files\dotnet\shared\Microsoft.NETCore.App\3.1.9\Microsoft.Web.Publishing.Tasks.dll'
2020-12-21T11:52:02.7333267+00:00:[AssemblyCache] Trying to resolve 'Microsoft.Web.Publishing.Tasks' to 'C:\Program Files\dotnet\shared\Microsoft.NETCore.App\3.1.9\Microsoft.Web.Publishing.Tasks.exe'
2020-12-21T11:52:02.7333464+00:00:[AssemblyCache] Could not resolve 'Microsoft.Web.Publishing.Tasks' in folder 'C:\Program Files\dotnet\shared\Microsoft.NETCore.App\3.1.9'
2020-12-21T11:52:02.7334809+00:00:[AssemblyCache] Trying to resolve 'Microsoft.Web.Publishing.Tasks' in folder 'C:\Program Files\dotnet\shared\Microsoft.WindowsDesktop.App\3.1.9'
2020-12-21T11:52:02.7334861+00:00:[AssemblyCache] Trying to resolve 'Microsoft.Web.Publishing.Tasks' to 'C:\Program Files\dotnet\shared\Microsoft.WindowsDesktop.App\3.1.9\Microsoft.Web.Publishing.Tasks.dll'
2020-12-21T11:52:02.7335392+00:00:[AssemblyCache] Trying to resolve 'Microsoft.Web.Publishing.Tasks' to 'C:\Program Files\dotnet\shared\Microsoft.WindowsDesktop.App\3.1.9\Microsoft.Web.Publishing.Tasks.exe'
2020-12-21T11:52:02.7335589+00:00:[AssemblyCache] Could not resolve 'Microsoft.Web.Publishing.Tasks' in folder 'C:\Program Files\dotnet\shared\Microsoft.WindowsDesktop.App\3.1.9'
2020-12-21T11:52:02.7336035+00:00:Assembly resolving Microsoft.Web.Publishing.Tasks, Version=10.0.0.0, Culture=neutral, PublicKeyToken=b03f5f7f11d50a3a
2020-12-21T11:52:02.7336062+00:00:[AssemblyCache] Trying to resolve 'Microsoft.Web.Publishing.Tasks' from .deps.json file
2020-12-21T11:52:02.7336085+00:00:[AssemblyCache] Could not resolve 'Microsoft.Web.Publishing.Tasks' from .deps.json
2020-12-21T11:52:02.7336119+00:00:[AssemblyCache] Trying to resolve 'Microsoft.Web.Publishing.Tasks' in folder 'C:\Users\dhruvil\source\repos\TestApplication.UiTests\bin\Debug\netcoreapp3.1'
2020-12-21T11:52:02.7336133+00:00:[AssemblyCache] Trying to resolve 'Microsoft.Web.Publishing.Tasks' to 'C:\Users\dhruvil\source\repos\TestApplication.UiTests\bin\Debug\netcoreapp3.1\Microsoft.Web.Publishing.Tasks.dll'
2020-12-21T11:52:02.7336529+00:00:[AssemblyCache] Trying to resolve 'Microsoft.Web.Publishing.Tasks' to 'C:\Users\dhruvil\source\repos\TestApplication.UiTests\bin\Debug\netcoreapp3.1\Microsoft.Web.Publishing.Tasks.exe'
2020-12-21T11:52:02.7336737+00:00:[AssemblyCache] Could not resolve 'Microsoft.Web.Publishing.Tasks' in folder 'C:\Users\dhruvil\source\repos\TestApplication.UiTests\bin\Debug\netcoreapp3.1'
2020-12-21T11:52:02.7336764+00:00:TargetFramework: .NETCoreApp,Version=v3.1
2020-12-21T11:52:02.7336872+00:00:Tfm: netcoreapp3.1
2020-12-21T11:52:02.7336901+00:00:[AssemblyCache] Trying to resolve 'Microsoft.Web.Publishing.Tasks' in folder 'C:\Users\dhruvil\source\repos\TestApplication.UiTests\bin\Debug\netcoreapp3.1\SpecFlowPlusRunner\netcoreapp3.1'
2020-12-21T11:52:02.7336913+00:00:[AssemblyCache] Trying to resolve 'Microsoft.Web.Publishing.Tasks' to 'C:\Users\dhruvil\source\repos\TestApplication.UiTests\bin\Debug\netcoreapp3.1\SpecFlowPlusRunner\netcoreapp3.1\Microsoft.Web.Publishing.Tasks.dll'
2020-12-21T11:52:02.7337171+00:00:[AssemblyCache] Trying to resolve 'Microsoft.Web.Publishing.Tasks' to 'C:\Users\dhruvil\source\repos\TestApplication.UiTests\bin\Debug\netcoreapp3.1\SpecFlowPlusRunner\netcoreapp3.1\Microsoft.Web.Publishing.Tasks.exe'
2020-12-21T11:52:02.7337448+00:00:[AssemblyCache] Could not resolve 'Microsoft.Web.Publishing.Tasks' in folder 'C:\Users\dhruvil\source\repos\TestApplication.UiTests\bin\Debug\netcoreapp3.1\SpecFlowPlusRunner\netcoreapp3.1'
2020-12-21T11:52:02.7342817+00:00:[AssemblyCache] Trying to resolve 'Microsoft.Web.Publishing.Tasks' in folder 'C:\Program Files\dotnet\shared\Microsoft.AspNetCore.App\3.1.9'
2020-12-21T11:52:02.7342879+00:00:[AssemblyCache] Trying to resolve 'Microsoft.Web.Publishing.Tasks' to 'C:\Program Files\dotnet\shared\Microsoft.AspNetCore.App\3.1.9\Microsoft.Web.Publishing.Tasks.dll'
2020-12-21T11:52:02.7343354+00:00:[AssemblyCache] Trying to resolve 'Microsoft.Web.Publishing.Tasks' to 'C:\Program Files\dotnet\shared\Microsoft.AspNetCore.App\3.1.9\Microsoft.Web.Publishing.Tasks.exe'
2020-12-21T11:52:02.7343560+00:00:[AssemblyCache] Could not resolve 'Microsoft.Web.Publishing.Tasks' in folder 'C:\Program Files\dotnet\shared\Microsoft.AspNetCore.App\3.1.9'
2020-12-21T11:52:02.7344304+00:00:Thread#4:Scheduler: get next test for thread 4
2020-12-21T11:52:02.7344366+00:00:Thread#4:Scheduler: considering testitem #8 for thread 4
2020-12-21T11:52:02.7344399+00:00:[AssemblyCache] Trying to resolve 'Microsoft.Web.Publishing.Tasks' in folder 'C:\Program Files\dotnet\shared\Microsoft.NETCore.App\3.1.9'
2020-12-21T11:52:02.7344429+00:00:[AssemblyCache] Trying to resolve 'Microsoft.Web.Publishing.Tasks' to 'C:\Program Files\dotnet\shared\Microsoft.NETCore.App\3.1.9\Microsoft.Web.Publishing.Tasks.dll'
2020-12-21T11:52:02.7344655+00:00:[AssemblyCache] Trying to resolve 'Microsoft.Web.Publishing.Tasks' to 'C:\Program Files\dotnet\shared\Microsoft.NETCore.App\3.1.9\Microsoft.Web.Publishing.Tasks.exe'
2020-12-21T11:52:02.7344824+00:00:[AssemblyCache] Could not resolve 'Microsoft.Web.Publishing.Tasks' in folder 'C:\Program Files\dotnet\shared\Microsoft.NETCore.App\3.1.9'
2020-12-21T11:52:02.7345817+00:00:[AssemblyCache] Trying to resolve 'Microsoft.Web.Publishing.Tasks' in folder 'C:\Program Files\dotnet\shared\Microsoft.WindowsDesktop.App\3.1.9'
2020-12-21T11:52:02.7345850+00:00:[AssemblyCache] Trying to resolve 'Microsoft.Web.Publishing.Tasks' to 'C:\Program Files\dotnet\shared\Microsoft.WindowsDesktop.App\3.1.9\Microsoft.Web.Publishing.Tasks.dll'
2020-12-21T11:52:02.7346197+00:00:[AssemblyCache] Trying to resolve 'Microsoft.Web.Publishing.Tasks' to 'C:\Program Files\dotnet\shared\Microsoft.WindowsDesktop.App\3.1.9\Microsoft.Web.Publishing.Tasks.exe'
2020-12-21T11:52:02.7346276+00:00:Thread#4:TestItem#8:testItemMatchesCurrentTestThread:UnSpecific
2020-12-21T11:52:02.7346328+00:00:Thread#4:TestItem#8:runsOnOneOtherThreadSpecific:False
2020-12-21T11:52:02.7346349+00:00:Thread#4:TestItem#8:runsOnOneOtherThreadUnspecific:True
2020-12-21T11:52:02.7346375+00:00:Thread#4:Scheduler: using testitem #8 for thread 4
2020-12-21T11:52:02.7346416+00:00:[AssemblyCache] Could not resolve 'Microsoft.Web.Publishing.Tasks' in folder 'C:\Program Files\dotnet\shared\Microsoft.WindowsDesktop.App\3.1.9'
2020-12-21T11:52:02.7346549+00:00:Thread#4:Scheduler: Test #8 is scheduled for thread
2020-12-21T11:52:02.7346724+00:00:Thread#4:Scheduler: with testItemExecutionIndex 0
2020-12-21T11:52:02.7347066+00:00:Thread #4: creating new test thread executor for TestApplication.UiTests, Version=1.0.0.0, Culture=neutral, PublicKeyToken=null (target: Browser_Chrome)
2020-12-21T11:52:03.2669664+00:00:Assembly resolving Microsoft.Web.Publishing.Tasks, Version=10.0.0.0, Culture=neutral, PublicKeyToken=b03f5f7f11d50a3a
2020-12-21T11:52:03.2677710+00:00:Assembly resolving Microsoft.Web.Publishing.Tasks, Version=10.0.0.0, Culture=neutral, PublicKeyToken=b03f5f7f11d50a3a
2020-12-21T11:52:03.2677827+00:00:Assembly resolving Microsoft.Web.Publishing.Tasks, Version=10.0.0.0, Culture=neutral, PublicKeyToken=b03f5f7f11d50a3a
2020-12-21T11:52:03.2856001+00:00:test thread #4 error: System.IO.FileNotFoundException: Could not load file or assembly 'Microsoft.Web.Publishing.Tasks, Version=10.0.0.0, Culture=neutral, PublicKeyToken=b03f5f7f11d50a3a'. The system cannot find the file specified.
File name: 'Microsoft.Web.Publishing.Tasks, Version=10.0.0.0, Culture=neutral, PublicKeyToken=b03f5f7f11d50a3a'
   at TechTalk.SpecRun.Framework.DeploymentSteps.ConfigFileTransformationStep.Apply(DeploymentContext deploymentContext)
   at TechTalk.SpecRun.Framework.DeploymentSteps.DeploymentContext.Apply(DeploymentTransformationSteps steps, ITestRunTracerBroker tracerBroker)
   at TechTalk.SpecRun.Framework.TestThread.GetDeploymentContext(IAssemblyReference testAssembly, String testTarget)
   at TechTalk.SpecRun.Framework.TestThread.InitializeTestThreadExecutor(IAssemblyReference testAssembly, ExecutionModelSettings executionModelSettings, String testTarget)
   at TechTalk.SpecRun.Framework.TestThread.GetThreadExecutor(IAssemblyReference testAssembly, ExecutionModelSettings executionModelSettings, String testTarget)
   at TechTalk.SpecRun.Framework.TestThread.GetThreadExecutorForTestItem(TestItem testItem)
   at TechTalk.SpecRun.Framework.TestThread.RunNonEmptyTestSuite(CancellationToken cancellationToken, TestThreadState testThreadState)
   at TechTalk.SpecRun.Framework.TestThread.Run(ITestExecutionManager executionManagerForRun, CancellationToken cancellationToken)
   at TechTalk.SpecRun.Framework.AsyncTestThreadRunner.RunSync(TestExecutionManager executionManager, CancellationToken cancellationToken)


2020-12-21T11:52:03.2865629+00:00:test thread #3 error: System.IO.FileNotFoundException: Could not load file or assembly 'Microsoft.Web.Publishing.Tasks, Version=10.0.0.0, Culture=neutral, PublicKeyToken=b03f5f7f11d50a3a'. The system cannot find the file specified.
File name: 'Microsoft.Web.Publishing.Tasks, Version=10.0.0.0, Culture=neutral, PublicKeyToken=b03f5f7f11d50a3a'
   at TechTalk.SpecRun.Framework.DeploymentSteps.ConfigFileTransformationStep.Apply(DeploymentContext deploymentContext)
   at TechTalk.SpecRun.Framework.DeploymentSteps.DeploymentContext.Apply(DeploymentTransformationSteps steps, ITestRunTracerBroker tracerBroker)
   at TechTalk.SpecRun.Framework.TestThread.GetDeploymentContext(IAssemblyReference testAssembly, String testTarget)
   at TechTalk.SpecRun.Framework.TestThread.InitializeTestThreadExecutor(IAssemblyReference testAssembly, ExecutionModelSettings executionModelSettings, String testTarget)
   at TechTalk.SpecRun.Framework.TestThread.GetThreadExecutor(IAssemblyReference testAssembly, ExecutionModelSettings executionModelSettings, String testTarget)
   at TechTalk.SpecRun.Framework.TestThread.GetThreadExecutorForTestItem(TestItem testItem)
   at TechTalk.SpecRun.Framework.TestThread.RunNonEmptyTestSuite(CancellationToken cancellationToken, TestThreadState testThreadState)
   at TechTalk.SpecRun.Framework.TestThread.Run(ITestExecutionManager executionManagerForRun, CancellationToken cancellationToken)
   at TechTalk.SpecRun.Framework.AsyncTestThreadRunner.RunSync(TestExecutionManager executionManager, CancellationToken cancellationToken)


2020-12-21T11:52:03.2878028+00:00:test thread error: TechTalk.SpecRun.Framework.SpecRunException: At least one test thread aborted.
 ---> System.IO.FileNotFoundException: Could not load file or assembly 'Microsoft.Web.Publishing.Tasks, Version=10.0.0.0, Culture=neutral, PublicKeyToken=b03f5f7f11d50a3a'. The system cannot find the file specified.
File name: 'Microsoft.Web.Publishing.Tasks, Version=10.0.0.0, Culture=neutral, PublicKeyToken=b03f5f7f11d50a3a'
   at TechTalk.SpecRun.Framework.DeploymentSteps.ConfigFileTransformationStep.Apply(DeploymentContext deploymentContext)
   at TechTalk.SpecRun.Framework.DeploymentSteps.DeploymentContext.Apply(DeploymentTransformationSteps steps, ITestRunTracerBroker tracerBroker)
   at TechTalk.SpecRun.Framework.TestThread.GetDeploymentContext(IAssemblyReference testAssembly, String testTarget)
   at TechTalk.SpecRun.Framework.TestThread.InitializeTestThreadExecutor(IAssemblyReference testAssembly, ExecutionModelSettings executionModelSettings, String testTarget)
   at TechTalk.SpecRun.Framework.TestThread.GetThreadExecutor(IAssemblyReference testAssembly, ExecutionModelSettings executionModelSettings, String testTarget)
   at TechTalk.SpecRun.Framework.TestThread.GetThreadExecutorForTestItem(TestItem testItem)
   at TechTalk.SpecRun.Framework.TestThread.RunNonEmptyTestSuite(CancellationToken cancellationToken, TestThreadState testThreadState)
   at TechTalk.SpecRun.Framework.TestThread.Run(ITestExecutionManager executionManagerForRun, CancellationToken cancellationToken)
   at TechTalk.SpecRun.Framework.AsyncTestThreadRunner.RunSync(TestExecutionManager executionManager, CancellationToken cancellationToken)


   --- End of inner exception stack trace ---
2020-12-21T11:52:03.2880835+00:00:Trying to cancel thread
2020-12-21T11:52:03.2883707+00:00:Thread cancelled
2020-12-21T11:52:03.2883840+00:00:Trying to cancel thread
2020-12-21T11:52:03.2883868+00:00:Thread cancelled
2020-12-21T11:52:03.2883878+00:00:Trying to cancel thread
2020-12-21T11:52:03.2883888+00:00:Thread cancelled
2020-12-21T11:52:03.2883898+00:00:Trying to cancel thread
2020-12-21T11:52:03.2883909+00:00:Thread cancelled
2020-12-21T11:52:03.2883922+00:00:Trying to cancel thread
2020-12-21T11:52:03.2883931+00:00:Thread cancelled
2020-12-21T11:52:03.2952335+00:00:Thread#-1: Test #4/0 is started on thread #-1
2020-12-21T11:52:03.2973899+00:00:Thread#-1: Test #4/0 is finished on thread #-1 as Skipped within 0.000892 seconds
2020-12-21T11:52:03.3008600+00:00:Thread#-1: Test #8/0 is started on thread #-1
2020-12-21T11:52:03.3009307+00:00:Thread#-1: Test #8/0 is finished on thread #-1 as Skipped within 8.2E-06 seconds
2020-12-21T11:52:03.3013267+00:00:Thread#-1:Scheduler: get next test for thread -1
2020-12-21T11:52:03.3013450+00:00:Thread#-1:Scheduler: considering testitem #12 for thread -1
2020-12-21T11:52:03.3013475+00:00:Thread#-1:Scheduler: using testitem #12 for thread -1
2020-12-21T11:52:03.3013504+00:00:Thread#-1:Scheduler: Test #12 is scheduled for thread
2020-12-21T11:52:03.3013773+00:00:Thread#-1: Test #12/0 is started on thread #-1
2020-12-21T11:52:03.3013911+00:00:Thread#-1: Test #12/0 is finished on thread #-1 as Skipped within 2.4E-06 seconds
2020-12-21T11:52:03.3014682+00:00:Thread#-1:Scheduler: get next test for thread -1
2020-12-21T11:52:03.3014725+00:00:Thread#:Scheduler: at the end of normal test queue
2020-12-21T11:52:03.3014747+00:00:Thread#-1:Scheduler: enumerator for thread is at end
2020-12-21T11:52:03.3594735+00:00;Thread#11;Info;test run finished
2020-12-21T11:52:03.3595756+00:00;Thread#11;Info;publishing test results
2020-12-21T11:52:03.3598207+00:00;Thread#11;Info;Not publishing results.
2020-12-21T11:52:03.3599017+00:00;Thread#11;Info;test results published
2020-12-21T11:52:03.3599668+00:00;Thread#11;Info;generating reports
2020-12-21T11:52:03.4889423+00:00;Thread#11;Info;Starting external report generation process
2020-12-21T11:52:05.3522032+00:00;Thread#11;Error;Could not generate test run result reports. An error occurred in the generator.
2020-12-21T11:52:05.3539320+00:00;Thread#11;Error;External program returned exit code '-2'
2020-12-21T11:52:05.3543780+00:00;Thread#11;Info;Failed generating reports
2020-12-21T11:52:05.3802251+00:00:Total: 3
2020-12-21T11:52:05.3830087+00:00:Succeeded: 0
2020-12-21T11:52:05.3834527+00:00:Ignored: 0
2020-12-21T11:52:05.3838431+00:00:Pending: 0
2020-12-21T11:52:05.3838515+00:00:Skipped: 3
2020-12-21T11:52:05.3843638+00:00:Failed: 0
2020-12-21T11:52:05.3873400+00:00;VSTestExecutionThread;Info;Adding attachments to VSTest
========== End of log file ==========
